[2025-09-13T09:41:50.437+0000] {local_task_job_runner.py:123} INFO - ::group::Pre task execution logs
[2025-09-13T09:41:50.513+0000] {taskinstance.py:2612} INFO - Dependencies all met for dep_context=non-requeueable deps ti=<TaskInstance: currency_etl.transform manual__2025-09-13T09:41:44.935990+00:00 [queued]>
[2025-09-13T09:41:50.529+0000] {taskinstance.py:2612} INFO - Dependencies all met for dep_context=requeueable deps ti=<TaskInstance: currency_etl.transform manual__2025-09-13T09:41:44.935990+00:00 [queued]>
[2025-09-13T09:41:50.530+0000] {taskinstance.py:2865} INFO - Starting attempt 1 of 2
[2025-09-13T09:41:50.555+0000] {taskinstance.py:2888} INFO - Executing <Task(BashOperator): transform> on 2025-09-13 09:41:44.935990+00:00
[2025-09-13T09:41:50.574+0000] {standard_task_runner.py:104} INFO - Running: ['***', 'tasks', 'run', 'currency_etl', 'transform', 'manual__2025-09-13T09:41:44.935990+00:00', '--job-id', '212', '--raw', '--subdir', 'DAGS_FOLDER/currency_etl.py', '--cfg-path', '/tmp/tmptjep6kfs']
[2025-09-13T09:41:50.582+0000] {standard_task_runner.py:105} INFO - Job 212: Subtask transform
[2025-09-13T09:41:50.581+0000] {logging_mixin.py:190} WARNING - /home/***/.local/lib/python3.12/site-packages/***/task/task_runner/standard_task_runner.py:70 DeprecationWarning: This process (pid=193) is multi-threaded, use of fork() may lead to deadlocks in the child.
[2025-09-13T09:41:50.583+0000] {standard_task_runner.py:72} INFO - Started process 194 to run task
[2025-09-13T09:41:50.796+0000] {task_command.py:467} INFO - Running <TaskInstance: currency_etl.transform manual__2025-09-13T09:41:44.935990+00:00 [running]> on host 6eb00eb09733
[2025-09-13T09:41:51.094+0000] {taskinstance.py:3131} INFO - Exporting env vars: AIRFLOW_CTX_DAG_OWNER='***' AIRFLOW_CTX_DAG_ID='currency_etl' AIRFLOW_CTX_TASK_ID='transform' AIRFLOW_CTX_EXECUTION_DATE='2025-09-13T09:41:44.935990+00:00' AIRFLOW_CTX_TRY_NUMBER='1' AIRFLOW_CTX_DAG_RUN_ID='manual__2025-09-13T09:41:44.935990+00:00'
[2025-09-13T09:41:51.096+0000] {taskinstance.py:731} INFO - ::endgroup::
[2025-09-13T09:41:51.118+0000] {subprocess.py:63} INFO - Tmp dir root location: /tmp
[2025-09-13T09:41:51.121+0000] {subprocess.py:75} INFO - Running command: ['/usr/bin/bash', '-c', 'python /opt/***/scripts/transform.py']
[2025-09-13T09:41:51.144+0000] {subprocess.py:86} INFO - Output:
[2025-09-13T09:41:54.328+0000] {subprocess.py:93} INFO - /opt/***/scripts/transform.py:38: DeprecationWarning: datetime.datetime.utcnow() is deprecated and scheduled for removal in a future version. Use timezone-aware objects to represent datetimes in UTC: datetime.datetime.now(datetime.UTC).
[2025-09-13T09:41:54.329+0000] {subprocess.py:93} INFO -   today = datetime.utcnow().strftime("%Y-%m-%d")
[2025-09-13T09:41:54.595+0000] {subprocess.py:93} INFO - ✅ Processed data saved to /opt/***/data/processed/2025-09-13/data.parquet
[2025-09-13T09:41:54.827+0000] {subprocess.py:97} INFO - Command exited with return code 0
[2025-09-13T09:41:54.957+0000] {taskinstance.py:340} INFO - ::group::Post task execution logs
[2025-09-13T09:41:54.959+0000] {taskinstance.py:352} INFO - Marking task as SUCCESS. dag_id=currency_etl, task_id=transform, run_id=manual__2025-09-13T09:41:44.935990+00:00, execution_date=20250913T094144, start_date=20250913T094150, end_date=20250913T094154
[2025-09-13T09:41:55.023+0000] {local_task_job_runner.py:266} INFO - Task exited with return code 0
[2025-09-13T09:41:55.111+0000] {taskinstance.py:3900} INFO - 1 downstream tasks scheduled from follow-on schedule check
[2025-09-13T09:41:55.115+0000] {local_task_job_runner.py:245} INFO - ::endgroup::
