[2025-09-14T09:40:47.143+0000] {local_task_job_runner.py:123} INFO - ::group::Pre task execution logs
[2025-09-14T09:40:47.207+0000] {taskinstance.py:2612} INFO - Dependencies all met for dep_context=non-requeueable deps ti=<TaskInstance: currency_etl.transform manual__2025-09-14T09:40:40.918719+00:00 [queued]>
[2025-09-14T09:40:47.222+0000] {taskinstance.py:2612} INFO - Dependencies all met for dep_context=requeueable deps ti=<TaskInstance: currency_etl.transform manual__2025-09-14T09:40:40.918719+00:00 [queued]>
[2025-09-14T09:40:47.223+0000] {taskinstance.py:2865} INFO - Starting attempt 1 of 2
[2025-09-14T09:40:47.246+0000] {taskinstance.py:2888} INFO - Executing <Task(BashOperator): transform> on 2025-09-14 09:40:40.918719+00:00
[2025-09-14T09:40:47.264+0000] {standard_task_runner.py:104} INFO - Running: ['***', 'tasks', 'run', 'currency_etl', 'transform', 'manual__2025-09-14T09:40:40.918719+00:00', '--job-id', '262', '--raw', '--subdir', 'DAGS_FOLDER/currency_etl.py', '--cfg-path', '/tmp/tmpnrhgg4d_']
[2025-09-14T09:40:47.270+0000] {standard_task_runner.py:105} INFO - Job 262: Subtask transform
[2025-09-14T09:40:47.270+0000] {logging_mixin.py:190} WARNING - /home/***/.local/lib/python3.12/site-packages/***/task/task_runner/standard_task_runner.py:70 DeprecationWarning: This process (pid=698) is multi-threaded, use of fork() may lead to deadlocks in the child.
[2025-09-14T09:40:47.271+0000] {standard_task_runner.py:72} INFO - Started process 699 to run task
[2025-09-14T09:40:47.465+0000] {task_command.py:467} INFO - Running <TaskInstance: currency_etl.transform manual__2025-09-14T09:40:40.918719+00:00 [running]> on host 02c5a69eec0c
[2025-09-14T09:40:47.770+0000] {taskinstance.py:3131} INFO - Exporting env vars: AIRFLOW_CTX_DAG_OWNER='***' AIRFLOW_CTX_DAG_ID='currency_etl' AIRFLOW_CTX_TASK_ID='transform' AIRFLOW_CTX_EXECUTION_DATE='2025-09-14T09:40:40.918719+00:00' AIRFLOW_CTX_TRY_NUMBER='1' AIRFLOW_CTX_DAG_RUN_ID='manual__2025-09-14T09:40:40.918719+00:00'
[2025-09-14T09:40:47.772+0000] {taskinstance.py:731} INFO - ::endgroup::
[2025-09-14T09:40:47.794+0000] {subprocess.py:63} INFO - Tmp dir root location: /tmp
[2025-09-14T09:40:47.798+0000] {subprocess.py:75} INFO - Running command: ['/usr/bin/bash', '-c', 'python /opt/***/src/transform.py']
[2025-09-14T09:40:47.820+0000] {subprocess.py:86} INFO - Output:
[2025-09-14T09:40:49.844+0000] {subprocess.py:93} INFO - /opt/***/src/transform.py:39: DeprecationWarning: datetime.datetime.utcnow() is deprecated and scheduled for removal in a future version. Use timezone-aware objects to represent datetimes in UTC: datetime.datetime.now(datetime.UTC).
[2025-09-14T09:40:49.845+0000] {subprocess.py:93} INFO -   today = datetime.utcnow().strftime("%Y-%m-%d")
[2025-09-14T09:40:50.040+0000] {subprocess.py:93} INFO - + Processed data saved to /opt/***/data/processed/2025-09-14/data.parquet
[2025-09-14T09:40:50.155+0000] {subprocess.py:97} INFO - Command exited with return code 0
[2025-09-14T09:40:50.279+0000] {taskinstance.py:340} INFO - ::group::Post task execution logs
[2025-09-14T09:40:50.281+0000] {taskinstance.py:352} INFO - Marking task as SUCCESS. dag_id=currency_etl, task_id=transform, run_id=manual__2025-09-14T09:40:40.918719+00:00, execution_date=20250914T094040, start_date=20250914T094047, end_date=20250914T094050
[2025-09-14T09:40:50.339+0000] {local_task_job_runner.py:266} INFO - Task exited with return code 0
[2025-09-14T09:40:50.424+0000] {taskinstance.py:3900} INFO - 1 downstream tasks scheduled from follow-on schedule check
[2025-09-14T09:40:50.427+0000] {local_task_job_runner.py:245} INFO - ::endgroup::
