[2025-09-11T18:39:01.154+0000] {local_task_job_runner.py:123} INFO - ::group::Pre task execution logs
[2025-09-11T18:39:01.268+0000] {taskinstance.py:2612} INFO - Dependencies all met for dep_context=non-requeueable deps ti=<TaskInstance: currency_etl.load manual__2025-09-11T18:34:25.987047+00:00 [queued]>
[2025-09-11T18:39:01.292+0000] {taskinstance.py:2612} INFO - Dependencies all met for dep_context=requeueable deps ti=<TaskInstance: currency_etl.load manual__2025-09-11T18:34:25.987047+00:00 [queued]>
[2025-09-11T18:39:01.293+0000] {taskinstance.py:2865} INFO - Starting attempt 2 of 3
[2025-09-11T18:39:01.344+0000] {taskinstance.py:2888} INFO - Executing <Task(BashOperator): load> on 2025-09-11 18:34:25.987047+00:00
[2025-09-11T18:39:01.378+0000] {standard_task_runner.py:104} INFO - Running: ['***', 'tasks', 'run', 'currency_etl', 'load', 'manual__2025-09-11T18:34:25.987047+00:00', '--job-id', '194', '--raw', '--subdir', 'DAGS_FOLDER/currency_etl.py', '--cfg-path', '/tmp/tmpniu9puw4']
[2025-09-11T18:39:01.385+0000] {logging_mixin.py:190} WARNING - /home/***/.local/lib/python3.12/site-packages/***/task/task_runner/standard_task_runner.py:70 DeprecationWarning: This process (pid=10175) is multi-threaded, use of fork() may lead to deadlocks in the child.
[2025-09-11T18:39:01.387+0000] {standard_task_runner.py:105} INFO - Job 194: Subtask load
[2025-09-11T18:39:01.388+0000] {standard_task_runner.py:72} INFO - Started process 10179 to run task
[2025-09-11T18:39:01.712+0000] {task_command.py:467} INFO - Running <TaskInstance: currency_etl.load manual__2025-09-11T18:34:25.987047+00:00 [running]> on host b37bbfb35b9c
[2025-09-11T18:39:02.166+0000] {taskinstance.py:3131} INFO - Exporting env vars: AIRFLOW_CTX_DAG_OWNER='***' AIRFLOW_CTX_DAG_ID='currency_etl' AIRFLOW_CTX_TASK_ID='load' AIRFLOW_CTX_EXECUTION_DATE='2025-09-11T18:34:25.987047+00:00' AIRFLOW_CTX_TRY_NUMBER='2' AIRFLOW_CTX_DAG_RUN_ID='manual__2025-09-11T18:34:25.987047+00:00'
[2025-09-11T18:39:02.168+0000] {taskinstance.py:731} INFO - ::endgroup::
[2025-09-11T18:39:02.195+0000] {subprocess.py:63} INFO - Tmp dir root location: /tmp
[2025-09-11T18:39:02.198+0000] {subprocess.py:75} INFO - Running command: ['/usr/bin/bash', '-c', 'python /opt/***/scripts/load.py']
[2025-09-11T18:39:02.224+0000] {subprocess.py:86} INFO - Output:
[2025-09-11T18:39:04.794+0000] {subprocess.py:93} INFO - Using file: /opt/***/data/clean/clean_20250911_183734.csv
[2025-09-11T18:39:04.797+0000] {subprocess.py:93} INFO - DB_URL = postgresql+psycopg2://***:***@postgres/***
[2025-09-11T18:39:04.798+0000] {subprocess.py:93} INFO -     cc     rate        txt exchangedate  rate_per_100
[2025-09-11T18:39:04.799+0000] {subprocess.py:93} INFO - 0  USD  41.3127  Долар США   2025-09-12       4131.27
[2025-09-11T18:39:04.800+0000] {subprocess.py:93} INFO - 1  EUR  48.2739       Євро   2025-09-12       4827.39
[2025-09-11T18:39:04.800+0000] {subprocess.py:93} INFO - Loaded to DB
[2025-09-11T18:39:04.971+0000] {subprocess.py:97} INFO - Command exited with return code 0
[2025-09-11T18:39:05.189+0000] {taskinstance.py:340} INFO - ::group::Post task execution logs
[2025-09-11T18:39:05.190+0000] {taskinstance.py:352} INFO - Marking task as SUCCESS. dag_id=currency_etl, task_id=load, run_id=manual__2025-09-11T18:34:25.987047+00:00, execution_date=20250911T183425, start_date=20250911T183901, end_date=20250911T183905
[2025-09-11T18:39:05.284+0000] {local_task_job_runner.py:266} INFO - Task exited with return code 0
[2025-09-11T18:39:05.407+0000] {taskinstance.py:3900} INFO - 1 downstream tasks scheduled from follow-on schedule check
[2025-09-11T18:39:05.430+0000] {local_task_job_runner.py:245} INFO - ::endgroup::
