[2025-09-10T07:59:13.487+0000] {local_task_job_runner.py:123} INFO - ::group::Pre task execution logs
[2025-09-10T07:59:13.557+0000] {taskinstance.py:2612} INFO - Dependencies all met for dep_context=non-requeueable deps ti=<TaskInstance: currency_etl.transform manual__2025-09-10T07:59:08.854364+00:00 [queued]>
[2025-09-10T07:59:13.574+0000] {taskinstance.py:2612} INFO - Dependencies all met for dep_context=requeueable deps ti=<TaskInstance: currency_etl.transform manual__2025-09-10T07:59:08.854364+00:00 [queued]>
[2025-09-10T07:59:13.575+0000] {taskinstance.py:2865} INFO - Starting attempt 1 of 2
[2025-09-10T07:59:13.600+0000] {taskinstance.py:2888} INFO - Executing <Task(BashOperator): transform> on 2025-09-10 07:59:08.854364+00:00
[2025-09-10T07:59:13.616+0000] {standard_task_runner.py:104} INFO - Running: ['***', 'tasks', 'run', 'currency_etl', 'transform', 'manual__2025-09-10T07:59:08.854364+00:00', '--job-id', '106', '--raw', '--subdir', 'DAGS_FOLDER/currency_etl.py', '--cfg-path', '/tmp/tmpw37n2ky0']
[2025-09-10T07:59:13.621+0000] {standard_task_runner.py:105} INFO - Job 106: Subtask transform
[2025-09-10T07:59:13.622+0000] {logging_mixin.py:190} WARNING - /home/***/.local/lib/python3.12/site-packages/***/task/task_runner/standard_task_runner.py:70 DeprecationWarning: This process (pid=303) is multi-threaded, use of fork() may lead to deadlocks in the child.
[2025-09-10T07:59:13.624+0000] {standard_task_runner.py:72} INFO - Started process 304 to run task
[2025-09-10T07:59:13.817+0000] {task_command.py:467} INFO - Running <TaskInstance: currency_etl.transform manual__2025-09-10T07:59:08.854364+00:00 [running]> on host d9db006c728f
[2025-09-10T07:59:14.141+0000] {taskinstance.py:3131} INFO - Exporting env vars: AIRFLOW_CTX_DAG_OWNER='***' AIRFLOW_CTX_DAG_ID='currency_etl' AIRFLOW_CTX_TASK_ID='transform' AIRFLOW_CTX_EXECUTION_DATE='2025-09-10T07:59:08.854364+00:00' AIRFLOW_CTX_TRY_NUMBER='1' AIRFLOW_CTX_DAG_RUN_ID='manual__2025-09-10T07:59:08.854364+00:00'
[2025-09-10T07:59:14.143+0000] {taskinstance.py:731} INFO - ::endgroup::
[2025-09-10T07:59:14.179+0000] {subprocess.py:63} INFO - Tmp dir root location: /tmp
[2025-09-10T07:59:14.182+0000] {subprocess.py:75} INFO - Running command: ['/usr/bin/bash', '-c', 'python /opt/***/scripts/transform.py']
[2025-09-10T07:59:14.208+0000] {subprocess.py:86} INFO - Output:
[2025-09-10T07:59:15.668+0000] {subprocess.py:93} INFO - /opt/***/scripts/transform.py:36: DeprecationWarning: datetime.datetime.utcnow() is deprecated and scheduled for removal in a future version. Use timezone-aware objects to represent datetimes in UTC: datetime.datetime.now(datetime.UTC).
[2025-09-10T07:59:15.669+0000] {subprocess.py:93} INFO -   out_fname = CLEAN_DIR / f"clean_{datetime.utcnow().strftime('%Y%m%d_%H%M%S')}.csv"
[2025-09-10T07:59:15.677+0000] {subprocess.py:93} INFO - Clean data saved to /opt/***/data/clean/clean_20250910_075915.csv
[2025-09-10T07:59:15.779+0000] {subprocess.py:97} INFO - Command exited with return code 0
[2025-09-10T07:59:15.919+0000] {taskinstance.py:340} INFO - ::group::Post task execution logs
[2025-09-10T07:59:15.920+0000] {taskinstance.py:352} INFO - Marking task as SUCCESS. dag_id=currency_etl, task_id=transform, run_id=manual__2025-09-10T07:59:08.854364+00:00, execution_date=20250910T075908, start_date=20250910T075913, end_date=20250910T075915
[2025-09-10T07:59:15.971+0000] {local_task_job_runner.py:266} INFO - Task exited with return code 0
[2025-09-10T07:59:16.054+0000] {taskinstance.py:3900} INFO - 1 downstream tasks scheduled from follow-on schedule check
[2025-09-10T07:59:16.058+0000] {local_task_job_runner.py:245} INFO - ::endgroup::
