[2025-09-12T19:10:03.398+0000] {local_task_job_runner.py:123} INFO - ::group::Pre task execution logs
[2025-09-12T19:10:03.508+0000] {taskinstance.py:2612} INFO - Dependencies all met for dep_context=non-requeueable deps ti=<TaskInstance: currency_etl.extract scheduled__2025-09-11T16:00:00+00:00 [queued]>
[2025-09-12T19:10:03.530+0000] {taskinstance.py:2612} INFO - Dependencies all met for dep_context=requeueable deps ti=<TaskInstance: currency_etl.extract scheduled__2025-09-11T16:00:00+00:00 [queued]>
[2025-09-12T19:10:03.532+0000] {taskinstance.py:2865} INFO - Starting attempt 2 of 3
[2025-09-12T19:10:03.569+0000] {taskinstance.py:2888} INFO - Executing <Task(BashOperator): extract> on 2025-09-11 16:00:00+00:00
[2025-09-12T19:10:03.606+0000] {standard_task_runner.py:104} INFO - Running: ['***', 'tasks', 'run', 'currency_etl', 'extract', 'scheduled__2025-09-11T16:00:00+00:00', '--job-id', '205', '--raw', '--subdir', 'DAGS_FOLDER/currency_etl.py', '--cfg-path', '/tmp/tmpuzp1scsx']
[2025-09-12T19:10:03.615+0000] {standard_task_runner.py:105} INFO - Job 205: Subtask extract
[2025-09-12T19:10:03.629+0000] {logging_mixin.py:190} WARNING - /home/***/.local/lib/python3.12/site-packages/***/task/task_runner/standard_task_runner.py:70 DeprecationWarning: This process (pid=15877) is multi-threaded, use of fork() may lead to deadlocks in the child.
[2025-09-12T19:10:03.631+0000] {standard_task_runner.py:72} INFO - Started process 15878 to run task
[2025-09-12T19:10:03.944+0000] {task_command.py:467} INFO - Running <TaskInstance: currency_etl.extract scheduled__2025-09-11T16:00:00+00:00 [running]> on host b37bbfb35b9c
[2025-09-12T19:10:04.436+0000] {taskinstance.py:3131} INFO - Exporting env vars: AIRFLOW_CTX_DAG_OWNER='***' AIRFLOW_CTX_DAG_ID='currency_etl' AIRFLOW_CTX_TASK_ID='extract' AIRFLOW_CTX_EXECUTION_DATE='2025-09-11T16:00:00+00:00' AIRFLOW_CTX_TRY_NUMBER='2' AIRFLOW_CTX_DAG_RUN_ID='scheduled__2025-09-11T16:00:00+00:00'
[2025-09-12T19:10:04.440+0000] {taskinstance.py:731} INFO - ::endgroup::
[2025-09-12T19:10:04.488+0000] {subprocess.py:63} INFO - Tmp dir root location: /tmp
[2025-09-12T19:10:04.494+0000] {subprocess.py:75} INFO - Running command: ['/usr/bin/bash', '-c', 'python /opt/***/scripts/extract.py']
[2025-09-12T19:10:04.535+0000] {subprocess.py:86} INFO - Output:
[2025-09-12T19:10:06.043+0000] {subprocess.py:93} INFO - /opt/***/scripts/extract.py:21: DeprecationWarning: datetime.datetime.utcnow() is deprecated and scheduled for removal in a future version. Use timezone-aware objects to represent datetimes in UTC: datetime.datetime.now(datetime.UTC).
[2025-09-12T19:10:06.044+0000] {subprocess.py:93} INFO -   fname = RAW_DIR / f"exchange_{datetime.utcnow().strftime('%Y%m%d_%H%M%S')}.json"
[2025-09-12T19:10:06.070+0000] {subprocess.py:93} INFO - Saved raw to /opt/***/data/raw/exchange_20250912_191006.json
[2025-09-12T19:10:06.125+0000] {subprocess.py:97} INFO - Command exited with return code 0
[2025-09-12T19:10:06.358+0000] {taskinstance.py:340} INFO - ::group::Post task execution logs
[2025-09-12T19:10:06.359+0000] {taskinstance.py:352} INFO - Marking task as SUCCESS. dag_id=currency_etl, task_id=extract, run_id=scheduled__2025-09-11T16:00:00+00:00, execution_date=20250911T160000, start_date=20250912T191003, end_date=20250912T191006
[2025-09-12T19:10:06.469+0000] {local_task_job_runner.py:266} INFO - Task exited with return code 0
[2025-09-12T19:10:06.555+0000] {local_task_job_runner.py:245} INFO - ::endgroup::
