[2025-09-10T09:35:11.048+0000] {local_task_job_runner.py:123} INFO - ::group::Pre task execution logs
[2025-09-10T09:35:11.125+0000] {taskinstance.py:2612} INFO - Dependencies all met for dep_context=non-requeueable deps ti=<TaskInstance: currency_etl.analyze manual__2025-09-10T09:34:56.864552+00:00 [queued]>
[2025-09-10T09:35:11.141+0000] {taskinstance.py:2612} INFO - Dependencies all met for dep_context=requeueable deps ti=<TaskInstance: currency_etl.analyze manual__2025-09-10T09:34:56.864552+00:00 [queued]>
[2025-09-10T09:35:11.142+0000] {taskinstance.py:2865} INFO - Starting attempt 1 of 2
[2025-09-10T09:35:11.168+0000] {taskinstance.py:2888} INFO - Executing <Task(PythonOperator): analyze> on 2025-09-10 09:34:56.864552+00:00
[2025-09-10T09:35:11.185+0000] {standard_task_runner.py:104} INFO - Running: ['***', 'tasks', 'run', 'currency_etl', 'analyze', 'manual__2025-09-10T09:34:56.864552+00:00', '--job-id', '147', '--raw', '--subdir', 'DAGS_FOLDER/currency_etl.py', '--cfg-path', '/tmp/tmpph19ag2u']
[2025-09-10T09:35:11.190+0000] {standard_task_runner.py:105} INFO - Job 147: Subtask analyze
[2025-09-10T09:35:11.191+0000] {logging_mixin.py:190} WARNING - /home/***/.local/lib/python3.12/site-packages/***/task/task_runner/standard_task_runner.py:70 DeprecationWarning: This process (pid=214) is multi-threaded, use of fork() may lead to deadlocks in the child.
[2025-09-10T09:35:11.192+0000] {standard_task_runner.py:72} INFO - Started process 215 to run task
[2025-09-10T09:35:11.383+0000] {task_command.py:467} INFO - Running <TaskInstance: currency_etl.analyze manual__2025-09-10T09:34:56.864552+00:00 [running]> on host b37bbfb35b9c
[2025-09-10T09:35:11.663+0000] {taskinstance.py:3131} INFO - Exporting env vars: AIRFLOW_CTX_DAG_OWNER='***' AIRFLOW_CTX_DAG_ID='currency_etl' AIRFLOW_CTX_TASK_ID='analyze' AIRFLOW_CTX_EXECUTION_DATE='2025-09-10T09:34:56.864552+00:00' AIRFLOW_CTX_TRY_NUMBER='1' AIRFLOW_CTX_DAG_RUN_ID='manual__2025-09-10T09:34:56.864552+00:00'
[2025-09-10T09:35:11.665+0000] {taskinstance.py:731} INFO - ::endgroup::
[2025-09-10T09:35:14.344+0000] {font_manager.py:1584} INFO - generated new fontManager
[2025-09-10T09:35:15.205+0000] {logging_mixin.py:190} INFO - Saved forecast for USD to /opt/***/dags/output/forecast_USD.png
[2025-09-10T09:35:15.479+0000] {logging_mixin.py:190} INFO - Saved forecast for EUR to /opt/***/dags/output/forecast_EUR.png
[2025-09-10T09:35:15.480+0000] {python.py:240} INFO - Done. Returned value was: None
[2025-09-10T09:35:15.530+0000] {taskinstance.py:340} INFO - ::group::Post task execution logs
[2025-09-10T09:35:15.531+0000] {taskinstance.py:352} INFO - Marking task as SUCCESS. dag_id=currency_etl, task_id=analyze, run_id=manual__2025-09-10T09:34:56.864552+00:00, execution_date=20250910T093456, start_date=20250910T093511, end_date=20250910T093515
[2025-09-10T09:35:15.638+0000] {local_task_job_runner.py:266} INFO - Task exited with return code 0
[2025-09-10T09:35:15.713+0000] {taskinstance.py:3900} INFO - 0 downstream tasks scheduled from follow-on schedule check
[2025-09-10T09:35:15.717+0000] {local_task_job_runner.py:245} INFO - ::endgroup::
