[2025-09-11T18:29:21.001+0000] {local_task_job_runner.py:123} INFO - ::group::Pre task execution logs
[2025-09-11T18:29:21.123+0000] {taskinstance.py:2612} INFO - Dependencies all met for dep_context=non-requeueable deps ti=<TaskInstance: currency_etl.load manual__2025-09-11T18:29:09.791537+00:00 [queued]>
[2025-09-11T18:29:21.146+0000] {taskinstance.py:2612} INFO - Dependencies all met for dep_context=requeueable deps ti=<TaskInstance: currency_etl.load manual__2025-09-11T18:29:09.791537+00:00 [queued]>
[2025-09-11T18:29:21.148+0000] {taskinstance.py:2865} INFO - Starting attempt 1 of 2
[2025-09-11T18:29:21.181+0000] {taskinstance.py:2888} INFO - Executing <Task(BashOperator): load> on 2025-09-11 18:29:09.791537+00:00
[2025-09-11T18:29:21.202+0000] {standard_task_runner.py:104} INFO - Running: ['***', 'tasks', 'run', 'currency_etl', 'load', 'manual__2025-09-11T18:29:09.791537+00:00', '--job-id', '185', '--raw', '--subdir', 'DAGS_FOLDER/currency_etl.py', '--cfg-path', '/tmp/tmp7maatj_6']
[2025-09-11T18:29:21.207+0000] {logging_mixin.py:190} WARNING - /home/***/.local/lib/python3.12/site-packages/***/task/task_runner/standard_task_runner.py:70 DeprecationWarning: This process (pid=9974) is multi-threaded, use of fork() may lead to deadlocks in the child.
[2025-09-11T18:29:21.208+0000] {standard_task_runner.py:105} INFO - Job 185: Subtask load
[2025-09-11T18:29:21.209+0000] {standard_task_runner.py:72} INFO - Started process 9975 to run task
[2025-09-11T18:29:21.531+0000] {task_command.py:467} INFO - Running <TaskInstance: currency_etl.load manual__2025-09-11T18:29:09.791537+00:00 [running]> on host b37bbfb35b9c
[2025-09-11T18:29:21.982+0000] {taskinstance.py:3131} INFO - Exporting env vars: AIRFLOW_CTX_DAG_OWNER='***' AIRFLOW_CTX_DAG_ID='currency_etl' AIRFLOW_CTX_TASK_ID='load' AIRFLOW_CTX_EXECUTION_DATE='2025-09-11T18:29:09.791537+00:00' AIRFLOW_CTX_TRY_NUMBER='1' AIRFLOW_CTX_DAG_RUN_ID='manual__2025-09-11T18:29:09.791537+00:00'
[2025-09-11T18:29:21.984+0000] {taskinstance.py:731} INFO - ::endgroup::
[2025-09-11T18:29:22.011+0000] {subprocess.py:63} INFO - Tmp dir root location: /tmp
[2025-09-11T18:29:22.014+0000] {subprocess.py:75} INFO - Running command: ['/usr/bin/bash', '-c', 'python /opt/***/scripts/load.py']
[2025-09-11T18:29:22.042+0000] {subprocess.py:86} INFO - Output:
[2025-09-11T18:29:24.581+0000] {subprocess.py:93} INFO - DB_URL = postgresql+psycopg2://***:***@postgres/***
[2025-09-11T18:29:24.582+0000] {subprocess.py:93} INFO -     cc     rate        txt exchangedate  rate_per_100
[2025-09-11T18:29:24.583+0000] {subprocess.py:93} INFO - 0  USD  41.3222  Долар США   2025-08-28       4132.22
[2025-09-11T18:29:24.584+0000] {subprocess.py:93} INFO - 1  EUR  47.8800       Євро   2025-08-28       4788.00
[2025-09-11T18:29:24.585+0000] {subprocess.py:93} INFO - Loaded to DB
[2025-09-11T18:29:24.801+0000] {subprocess.py:97} INFO - Command exited with return code 0
[2025-09-11T18:29:24.999+0000] {taskinstance.py:340} INFO - ::group::Post task execution logs
[2025-09-11T18:29:25.001+0000] {taskinstance.py:352} INFO - Marking task as SUCCESS. dag_id=currency_etl, task_id=load, run_id=manual__2025-09-11T18:29:09.791537+00:00, execution_date=20250911T182909, start_date=20250911T182921, end_date=20250911T182925
[2025-09-11T18:29:25.089+0000] {local_task_job_runner.py:266} INFO - Task exited with return code 0
[2025-09-11T18:29:25.218+0000] {taskinstance.py:3900} INFO - 1 downstream tasks scheduled from follow-on schedule check
[2025-09-11T18:29:25.224+0000] {local_task_job_runner.py:245} INFO - ::endgroup::
