[2025-09-11T18:42:41.268+0000] {local_task_job_runner.py:123} INFO - ::group::Pre task execution logs
[2025-09-11T18:42:41.396+0000] {taskinstance.py:2612} INFO - Dependencies all met for dep_context=non-requeueable deps ti=<TaskInstance: currency_etl.load manual__2025-09-11T18:37:25.221360+00:00 [queued]>
[2025-09-11T18:42:41.420+0000] {taskinstance.py:2612} INFO - Dependencies all met for dep_context=requeueable deps ti=<TaskInstance: currency_etl.load manual__2025-09-11T18:37:25.221360+00:00 [queued]>
[2025-09-11T18:42:41.421+0000] {taskinstance.py:2865} INFO - Starting attempt 2 of 2
[2025-09-11T18:42:41.450+0000] {taskinstance.py:2888} INFO - Executing <Task(BashOperator): load> on 2025-09-11 18:37:25.221360+00:00
[2025-09-11T18:42:41.475+0000] {standard_task_runner.py:104} INFO - Running: ['***', 'tasks', 'run', 'currency_etl', 'load', 'manual__2025-09-11T18:37:25.221360+00:00', '--job-id', '197', '--raw', '--subdir', 'DAGS_FOLDER/currency_etl.py', '--cfg-path', '/tmp/tmpb2mcgpq_']
[2025-09-11T18:42:41.478+0000] {logging_mixin.py:190} WARNING - /home/***/.local/lib/python3.12/site-packages/***/task/task_runner/standard_task_runner.py:70 DeprecationWarning: This process (pid=10249) is multi-threaded, use of fork() may lead to deadlocks in the child.
[2025-09-11T18:42:41.481+0000] {standard_task_runner.py:105} INFO - Job 197: Subtask load
[2025-09-11T18:42:41.482+0000] {standard_task_runner.py:72} INFO - Started process 10250 to run task
[2025-09-11T18:42:41.805+0000] {task_command.py:467} INFO - Running <TaskInstance: currency_etl.load manual__2025-09-11T18:37:25.221360+00:00 [running]> on host b37bbfb35b9c
[2025-09-11T18:42:42.227+0000] {taskinstance.py:3131} INFO - Exporting env vars: AIRFLOW_CTX_DAG_OWNER='***' AIRFLOW_CTX_DAG_ID='currency_etl' AIRFLOW_CTX_TASK_ID='load' AIRFLOW_CTX_EXECUTION_DATE='2025-09-11T18:37:25.221360+00:00' AIRFLOW_CTX_TRY_NUMBER='2' AIRFLOW_CTX_DAG_RUN_ID='manual__2025-09-11T18:37:25.221360+00:00'
[2025-09-11T18:42:42.228+0000] {taskinstance.py:731} INFO - ::endgroup::
[2025-09-11T18:42:42.258+0000] {subprocess.py:63} INFO - Tmp dir root location: /tmp
[2025-09-11T18:42:42.261+0000] {subprocess.py:75} INFO - Running command: ['/usr/bin/bash', '-c', 'python /opt/***/scripts/load.py']
[2025-09-11T18:42:42.288+0000] {subprocess.py:86} INFO - Output:
[2025-09-11T18:42:44.864+0000] {subprocess.py:93} INFO - Using file: /opt/***/data/clean/clean_20250911_183734.csv
[2025-09-11T18:42:44.865+0000] {subprocess.py:93} INFO - DB_URL = postgresql+psycopg2://***:***@postgres/***
[2025-09-11T18:42:44.866+0000] {subprocess.py:93} INFO -     cc     rate        txt exchangedate  rate_per_100
[2025-09-11T18:42:44.867+0000] {subprocess.py:93} INFO - 0  USD  41.3127  Долар США   2025-09-12       4131.27
[2025-09-11T18:42:44.868+0000] {subprocess.py:93} INFO - 1  EUR  48.2739       Євро   2025-09-12       4827.39
[2025-09-11T18:42:44.869+0000] {subprocess.py:93} INFO - Loaded to DB
[2025-09-11T18:42:45.067+0000] {subprocess.py:97} INFO - Command exited with return code 0
[2025-09-11T18:42:45.675+0000] {taskinstance.py:340} INFO - ::group::Post task execution logs
[2025-09-11T18:42:45.677+0000] {taskinstance.py:352} INFO - Marking task as SUCCESS. dag_id=currency_etl, task_id=load, run_id=manual__2025-09-11T18:37:25.221360+00:00, execution_date=20250911T183725, start_date=20250911T184241, end_date=20250911T184245
[2025-09-11T18:42:45.737+0000] {local_task_job_runner.py:266} INFO - Task exited with return code 0
[2025-09-11T18:42:45.814+0000] {local_task_job_runner.py:245} INFO - ::endgroup::
