[2025-09-10T05:09:18.797+0000] {local_task_job_runner.py:123} INFO - ::group::Pre task execution logs
[2025-09-10T05:09:18.908+0000] {taskinstance.py:2612} INFO - Dependencies all met for dep_context=non-requeueable deps ti=<TaskInstance: currency_etl.extract scheduled__2025-09-09T00:00:00+00:00 [queued]>
[2025-09-10T05:09:18.932+0000] {taskinstance.py:2612} INFO - Dependencies all met for dep_context=requeueable deps ti=<TaskInstance: currency_etl.extract scheduled__2025-09-09T00:00:00+00:00 [queued]>
[2025-09-10T05:09:18.933+0000] {taskinstance.py:2865} INFO - Starting attempt 2 of 2
[2025-09-10T05:09:18.964+0000] {taskinstance.py:2888} INFO - Executing <Task(BashOperator): extract> on 2025-09-09 00:00:00+00:00
[2025-09-10T05:09:18.985+0000] {standard_task_runner.py:104} INFO - Running: ['***', 'tasks', 'run', 'currency_etl', 'extract', 'scheduled__2025-09-09T00:00:00+00:00', '--job-id', '74', '--raw', '--subdir', 'DAGS_FOLDER/currency_etl.py', '--cfg-path', '/tmp/tmpjir7rz38']
[2025-09-10T05:09:18.992+0000] {standard_task_runner.py:105} INFO - Job 74: Subtask extract
[2025-09-10T05:09:19.000+0000] {logging_mixin.py:190} WARNING - /home/***/.local/lib/python3.12/site-packages/***/task/task_runner/standard_task_runner.py:70 DeprecationWarning: This process (pid=174) is multi-threaded, use of fork() may lead to deadlocks in the child.
[2025-09-10T05:09:19.002+0000] {standard_task_runner.py:72} INFO - Started process 177 to run task
[2025-09-10T05:09:19.323+0000] {task_command.py:467} INFO - Running <TaskInstance: currency_etl.extract scheduled__2025-09-09T00:00:00+00:00 [running]> on host a765ac22b61f
[2025-09-10T05:09:19.814+0000] {taskinstance.py:3131} INFO - Exporting env vars: AIRFLOW_CTX_DAG_OWNER='***' AIRFLOW_CTX_DAG_ID='currency_etl' AIRFLOW_CTX_TASK_ID='extract' AIRFLOW_CTX_EXECUTION_DATE='2025-09-09T00:00:00+00:00' AIRFLOW_CTX_TRY_NUMBER='2' AIRFLOW_CTX_DAG_RUN_ID='scheduled__2025-09-09T00:00:00+00:00'
[2025-09-10T05:09:19.816+0000] {taskinstance.py:731} INFO - ::endgroup::
[2025-09-10T05:09:19.915+0000] {subprocess.py:63} INFO - Tmp dir root location: /tmp
[2025-09-10T05:09:19.918+0000] {subprocess.py:75} INFO - Running command: ['/usr/bin/bash', '-c', 'python /opt/***/scripts/extract.py']
[2025-09-10T05:09:19.949+0000] {subprocess.py:86} INFO - Output:
[2025-09-10T05:09:22.058+0000] {subprocess.py:93} INFO - /opt/***/scripts/extract.py:20: DeprecationWarning: datetime.datetime.utcnow() is deprecated and scheduled for removal in a future version. Use timezone-aware objects to represent datetimes in UTC: datetime.datetime.now(datetime.UTC).
[2025-09-10T05:09:22.059+0000] {subprocess.py:93} INFO -   fname = RAW_DIR / f"exchange_{datetime.utcnow().strftime('%Y%m%d_%H%M%S')}.json"
[2025-09-10T05:09:22.073+0000] {subprocess.py:93} INFO - Saved raw to /opt/***/data/raw/exchange_20250910_050922.json
[2025-09-10T05:09:22.133+0000] {subprocess.py:97} INFO - Command exited with return code 0
[2025-09-10T05:09:22.411+0000] {taskinstance.py:340} INFO - ::group::Post task execution logs
[2025-09-10T05:09:22.413+0000] {taskinstance.py:352} INFO - Marking task as SUCCESS. dag_id=currency_etl, task_id=extract, run_id=scheduled__2025-09-09T00:00:00+00:00, execution_date=20250909T000000, start_date=20250910T050918, end_date=20250910T050922
[2025-09-10T05:09:22.489+0000] {local_task_job_runner.py:266} INFO - Task exited with return code 0
[2025-09-10T05:09:22.622+0000] {taskinstance.py:3900} INFO - 1 downstream tasks scheduled from follow-on schedule check
[2025-09-10T05:09:22.628+0000] {local_task_job_runner.py:245} INFO - ::endgroup::
