[2025-09-09T15:13:42.207+0000] {local_task_job_runner.py:123} INFO - ::group::Pre task execution logs
[2025-09-09T15:13:42.318+0000] {taskinstance.py:2612} INFO - Dependencies all met for dep_context=non-requeueable deps ti=<TaskInstance: currency_etl.transform manual__2025-09-09T15:13:36.555333+00:00 [queued]>
[2025-09-09T15:13:42.340+0000] {taskinstance.py:2612} INFO - Dependencies all met for dep_context=requeueable deps ti=<TaskInstance: currency_etl.transform manual__2025-09-09T15:13:36.555333+00:00 [queued]>
[2025-09-09T15:13:42.341+0000] {taskinstance.py:2865} INFO - Starting attempt 1 of 2
[2025-09-09T15:13:42.378+0000] {taskinstance.py:2888} INFO - Executing <Task(BashOperator): transform> on 2025-09-09 15:13:36.555333+00:00
[2025-09-09T15:13:42.398+0000] {standard_task_runner.py:104} INFO - Running: ['***', 'tasks', 'run', 'currency_etl', 'transform', 'manual__2025-09-09T15:13:36.555333+00:00', '--job-id', '10', '--raw', '--subdir', 'DAGS_FOLDER/currency_etl.py', '--cfg-path', '/tmp/tmpdagj6pgf']
[2025-09-09T15:13:42.403+0000] {standard_task_runner.py:105} INFO - Job 10: Subtask transform
[2025-09-09T15:13:42.407+0000] {logging_mixin.py:190} WARNING - /home/***/.local/lib/python3.12/site-packages/***/task/task_runner/standard_task_runner.py:70 DeprecationWarning: This process (pid=199) is multi-threaded, use of fork() may lead to deadlocks in the child.
[2025-09-09T15:13:42.411+0000] {standard_task_runner.py:72} INFO - Started process 200 to run task
[2025-09-09T15:13:42.699+0000] {task_command.py:467} INFO - Running <TaskInstance: currency_etl.transform manual__2025-09-09T15:13:36.555333+00:00 [running]> on host faea9c4e3492
[2025-09-09T15:13:43.131+0000] {taskinstance.py:3131} INFO - Exporting env vars: AIRFLOW_CTX_DAG_OWNER='***' AIRFLOW_CTX_DAG_ID='currency_etl' AIRFLOW_CTX_TASK_ID='transform' AIRFLOW_CTX_EXECUTION_DATE='2025-09-09T15:13:36.555333+00:00' AIRFLOW_CTX_TRY_NUMBER='1' AIRFLOW_CTX_DAG_RUN_ID='manual__2025-09-09T15:13:36.555333+00:00'
[2025-09-09T15:13:43.133+0000] {taskinstance.py:731} INFO - ::endgroup::
[2025-09-09T15:13:43.165+0000] {subprocess.py:63} INFO - Tmp dir root location: /tmp
[2025-09-09T15:13:43.168+0000] {subprocess.py:75} INFO - Running command: ['/usr/bin/bash', '-c', 'python /opt/***/scripts/transform.py']
[2025-09-09T15:13:43.196+0000] {subprocess.py:86} INFO - Output:
[2025-09-09T15:13:48.504+0000] {subprocess.py:93} INFO - /opt/***/scripts/transform.py:36: DeprecationWarning: datetime.datetime.utcnow() is deprecated and scheduled for removal in a future version. Use timezone-aware objects to represent datetimes in UTC: datetime.datetime.now(datetime.UTC).
[2025-09-09T15:13:48.506+0000] {subprocess.py:93} INFO -   out_fname = CLEAN_DIR / f"clean_{datetime.utcnow().strftime('%Y%m%d_%H%M%S')}.csv"
[2025-09-09T15:13:48.526+0000] {subprocess.py:93} INFO - Clean data saved to /opt/***/data/clean/clean_20250909_151348.csv
[2025-09-09T15:13:48.703+0000] {subprocess.py:97} INFO - Command exited with return code 0
[2025-09-09T15:13:48.913+0000] {taskinstance.py:340} INFO - ::group::Post task execution logs
[2025-09-09T15:13:48.915+0000] {taskinstance.py:352} INFO - Marking task as SUCCESS. dag_id=currency_etl, task_id=transform, run_id=manual__2025-09-09T15:13:36.555333+00:00, execution_date=20250909T151336, start_date=20250909T151342, end_date=20250909T151348
[2025-09-09T15:13:48.996+0000] {local_task_job_runner.py:266} INFO - Task exited with return code 0
[2025-09-09T15:13:49.120+0000] {taskinstance.py:3900} INFO - 1 downstream tasks scheduled from follow-on schedule check
[2025-09-09T15:13:49.125+0000] {local_task_job_runner.py:245} INFO - ::endgroup::
