[2025-09-14T08:56:54.433+0000] {local_task_job_runner.py:123} INFO - ::group::Pre task execution logs
[2025-09-14T08:56:54.537+0000] {taskinstance.py:2612} INFO - Dependencies all met for dep_context=non-requeueable deps ti=<TaskInstance: currency_etl.forecast scheduled__2025-09-12T16:00:00+00:00 [queued]>
[2025-09-14T08:56:54.559+0000] {taskinstance.py:2612} INFO - Dependencies all met for dep_context=requeueable deps ti=<TaskInstance: currency_etl.forecast scheduled__2025-09-12T16:00:00+00:00 [queued]>
[2025-09-14T08:56:54.560+0000] {taskinstance.py:2865} INFO - Starting attempt 2 of 3
[2025-09-14T08:56:54.602+0000] {taskinstance.py:2888} INFO - Executing <Task(PythonOperator): forecast> on 2025-09-12 16:00:00+00:00
[2025-09-14T08:56:54.634+0000] {standard_task_runner.py:104} INFO - Running: ['***', 'tasks', 'run', 'currency_etl', 'forecast', 'scheduled__2025-09-12T16:00:00+00:00', '--job-id', '259', '--raw', '--subdir', 'DAGS_FOLDER/currency_etl.py', '--cfg-path', '/tmp/tmpqvufmg2r']
[2025-09-14T08:56:54.641+0000] {standard_task_runner.py:105} INFO - Job 259: Subtask forecast
[2025-09-14T08:56:54.645+0000] {logging_mixin.py:190} WARNING - /home/***/.local/lib/python3.12/site-packages/***/task/task_runner/standard_task_runner.py:70 DeprecationWarning: This process (pid=204) is multi-threaded, use of fork() may lead to deadlocks in the child.
[2025-09-14T08:56:54.649+0000] {standard_task_runner.py:72} INFO - Started process 205 to run task
[2025-09-14T08:56:54.948+0000] {task_command.py:467} INFO - Running <TaskInstance: currency_etl.forecast scheduled__2025-09-12T16:00:00+00:00 [running]> on host 02c5a69eec0c
[2025-09-14T08:56:55.408+0000] {taskinstance.py:3131} INFO - Exporting env vars: AIRFLOW_CTX_DAG_OWNER='***' AIRFLOW_CTX_DAG_ID='currency_etl' AIRFLOW_CTX_TASK_ID='forecast' AIRFLOW_CTX_EXECUTION_DATE='2025-09-12T16:00:00+00:00' AIRFLOW_CTX_TRY_NUMBER='2' AIRFLOW_CTX_DAG_RUN_ID='scheduled__2025-09-12T16:00:00+00:00'
[2025-09-14T08:56:55.410+0000] {taskinstance.py:731} INFO - ::endgroup::
[2025-09-14T08:56:57.504+0000] {font_manager.py:1584} INFO - generated new fontManager
[2025-09-14T08:56:58.854+0000] {logging_mixin.py:190} INFO - Saved forecast for USD to /opt/***/dags/output/forecast_USD.png
[2025-09-14T08:56:59.194+0000] {logging_mixin.py:190} INFO - Saved forecast for EUR to /opt/***/dags/output/forecast_EUR.png
[2025-09-14T08:56:59.196+0000] {python.py:240} INFO - Done. Returned value was: None
[2025-09-14T08:56:59.288+0000] {taskinstance.py:340} INFO - ::group::Post task execution logs
[2025-09-14T08:56:59.290+0000] {taskinstance.py:352} INFO - Marking task as SUCCESS. dag_id=currency_etl, task_id=forecast, run_id=scheduled__2025-09-12T16:00:00+00:00, execution_date=20250912T160000, start_date=20250914T085654, end_date=20250914T085659
[2025-09-14T08:56:59.430+0000] {local_task_job_runner.py:266} INFO - Task exited with return code 0
[2025-09-14T08:56:59.546+0000] {taskinstance.py:3900} INFO - 1 downstream tasks scheduled from follow-on schedule check
[2025-09-14T08:56:59.552+0000] {local_task_job_runner.py:245} INFO - ::endgroup::
[2025-09-14T08:56:59.657+0000] {standard_task_runner.py:217} INFO - Process not found (most likely exited), stop collecting metrics
