[2025-09-09T15:43:23.187+0000] {local_task_job_runner.py:123} INFO - ::group::Pre task execution logs
[2025-09-09T15:43:23.261+0000] {taskinstance.py:2612} INFO - Dependencies all met for dep_context=non-requeueable deps ti=<TaskInstance: currency_etl.transform manual__2025-09-09T15:43:18.859274+00:00 [queued]>
[2025-09-09T15:43:23.278+0000] {taskinstance.py:2612} INFO - Dependencies all met for dep_context=requeueable deps ti=<TaskInstance: currency_etl.transform manual__2025-09-09T15:43:18.859274+00:00 [queued]>
[2025-09-09T15:43:23.279+0000] {taskinstance.py:2865} INFO - Starting attempt 1 of 2
[2025-09-09T15:43:23.307+0000] {taskinstance.py:2888} INFO - Executing <Task(BashOperator): transform> on 2025-09-09 15:43:18.859274+00:00
[2025-09-09T15:43:23.324+0000] {standard_task_runner.py:104} INFO - Running: ['***', 'tasks', 'run', 'currency_etl', 'transform', 'manual__2025-09-09T15:43:18.859274+00:00', '--job-id', '31', '--raw', '--subdir', 'DAGS_FOLDER/currency_etl.py', '--cfg-path', '/tmp/tmpu0lnzo52']
[2025-09-09T15:43:23.329+0000] {standard_task_runner.py:105} INFO - Job 31: Subtask transform
[2025-09-09T15:43:23.330+0000] {logging_mixin.py:190} WARNING - /home/***/.local/lib/python3.12/site-packages/***/task/task_runner/standard_task_runner.py:70 DeprecationWarning: This process (pid=414) is multi-threaded, use of fork() may lead to deadlocks in the child.
[2025-09-09T15:43:23.331+0000] {standard_task_runner.py:72} INFO - Started process 415 to run task
[2025-09-09T15:43:23.535+0000] {task_command.py:467} INFO - Running <TaskInstance: currency_etl.transform manual__2025-09-09T15:43:18.859274+00:00 [running]> on host 0a8d8de33147
[2025-09-09T15:43:23.821+0000] {taskinstance.py:3131} INFO - Exporting env vars: AIRFLOW_CTX_DAG_OWNER='***' AIRFLOW_CTX_DAG_ID='currency_etl' AIRFLOW_CTX_TASK_ID='transform' AIRFLOW_CTX_EXECUTION_DATE='2025-09-09T15:43:18.859274+00:00' AIRFLOW_CTX_TRY_NUMBER='1' AIRFLOW_CTX_DAG_RUN_ID='manual__2025-09-09T15:43:18.859274+00:00'
[2025-09-09T15:43:23.823+0000] {taskinstance.py:731} INFO - ::endgroup::
[2025-09-09T15:43:23.848+0000] {subprocess.py:63} INFO - Tmp dir root location: /tmp
[2025-09-09T15:43:23.851+0000] {subprocess.py:75} INFO - Running command: ['/usr/bin/bash', '-c', 'python /opt/***/scripts/transform.py']
[2025-09-09T15:43:23.874+0000] {subprocess.py:86} INFO - Output:
[2025-09-09T15:43:25.458+0000] {subprocess.py:93} INFO - /opt/***/scripts/transform.py:36: DeprecationWarning: datetime.datetime.utcnow() is deprecated and scheduled for removal in a future version. Use timezone-aware objects to represent datetimes in UTC: datetime.datetime.now(datetime.UTC).
[2025-09-09T15:43:25.459+0000] {subprocess.py:93} INFO -   out_fname = CLEAN_DIR / f"clean_{datetime.utcnow().strftime('%Y%m%d_%H%M%S')}.csv"
[2025-09-09T15:43:25.467+0000] {subprocess.py:93} INFO - Clean data saved to /opt/***/data/clean/clean_20250909_154325.csv
[2025-09-09T15:43:25.598+0000] {subprocess.py:97} INFO - Command exited with return code 0
[2025-09-09T15:43:25.772+0000] {taskinstance.py:340} INFO - ::group::Post task execution logs
[2025-09-09T15:43:25.775+0000] {taskinstance.py:352} INFO - Marking task as SUCCESS. dag_id=currency_etl, task_id=transform, run_id=manual__2025-09-09T15:43:18.859274+00:00, execution_date=20250909T154318, start_date=20250909T154323, end_date=20250909T154325
[2025-09-09T15:43:25.880+0000] {local_task_job_runner.py:266} INFO - Task exited with return code 0
[2025-09-09T15:43:26.029+0000] {taskinstance.py:3900} INFO - 1 downstream tasks scheduled from follow-on schedule check
[2025-09-09T15:43:26.034+0000] {local_task_job_runner.py:245} INFO - ::endgroup::
