[2025-09-10T07:33:21.927+0000] {local_task_job_runner.py:123} INFO - ::group::Pre task execution logs
[2025-09-10T07:33:22.048+0000] {taskinstance.py:2612} INFO - Dependencies all met for dep_context=non-requeueable deps ti=<TaskInstance: currency_etl.load manual__2025-09-10T07:33:09.447656+00:00 [queued]>
[2025-09-10T07:33:22.069+0000] {taskinstance.py:2612} INFO - Dependencies all met for dep_context=requeueable deps ti=<TaskInstance: currency_etl.load manual__2025-09-10T07:33:09.447656+00:00 [queued]>
[2025-09-10T07:33:22.070+0000] {taskinstance.py:2865} INFO - Starting attempt 1 of 2
[2025-09-10T07:33:22.101+0000] {taskinstance.py:2888} INFO - Executing <Task(BashOperator): load> on 2025-09-10 07:33:09.447656+00:00
[2025-09-10T07:33:22.123+0000] {standard_task_runner.py:104} INFO - Running: ['***', 'tasks', 'run', 'currency_etl', 'load', 'manual__2025-09-10T07:33:09.447656+00:00', '--job-id', '96', '--raw', '--subdir', 'DAGS_FOLDER/currency_etl.py', '--cfg-path', '/tmp/tmp66zesn1f']
[2025-09-10T07:33:22.129+0000] {logging_mixin.py:190} WARNING - /home/***/.local/lib/python3.12/site-packages/***/task/task_runner/standard_task_runner.py:70 DeprecationWarning: This process (pid=206) is multi-threaded, use of fork() may lead to deadlocks in the child.
[2025-09-10T07:33:22.129+0000] {standard_task_runner.py:105} INFO - Job 96: Subtask load
[2025-09-10T07:33:22.131+0000] {standard_task_runner.py:72} INFO - Started process 207 to run task
[2025-09-10T07:33:22.450+0000] {task_command.py:467} INFO - Running <TaskInstance: currency_etl.load manual__2025-09-10T07:33:09.447656+00:00 [running]> on host 87e80a29b3f8
[2025-09-10T07:33:22.902+0000] {taskinstance.py:3131} INFO - Exporting env vars: AIRFLOW_CTX_DAG_OWNER='***' AIRFLOW_CTX_DAG_ID='currency_etl' AIRFLOW_CTX_TASK_ID='load' AIRFLOW_CTX_EXECUTION_DATE='2025-09-10T07:33:09.447656+00:00' AIRFLOW_CTX_TRY_NUMBER='1' AIRFLOW_CTX_DAG_RUN_ID='manual__2025-09-10T07:33:09.447656+00:00'
[2025-09-10T07:33:22.904+0000] {taskinstance.py:731} INFO - ::endgroup::
[2025-09-10T07:33:22.930+0000] {subprocess.py:63} INFO - Tmp dir root location: /tmp
[2025-09-10T07:33:22.932+0000] {subprocess.py:75} INFO - Running command: ['/usr/bin/bash', '-c', 'python /opt/***/scripts/load.py']
[2025-09-10T07:33:22.961+0000] {subprocess.py:86} INFO - Output:
[2025-09-10T07:33:25.428+0000] {subprocess.py:93} INFO - Loaded to DB
[2025-09-10T07:33:25.597+0000] {subprocess.py:97} INFO - Command exited with return code 0
[2025-09-10T07:33:25.814+0000] {taskinstance.py:340} INFO - ::group::Post task execution logs
[2025-09-10T07:33:25.815+0000] {taskinstance.py:352} INFO - Marking task as SUCCESS. dag_id=currency_etl, task_id=load, run_id=manual__2025-09-10T07:33:09.447656+00:00, execution_date=20250910T073309, start_date=20250910T073322, end_date=20250910T073325
[2025-09-10T07:33:25.891+0000] {local_task_job_runner.py:266} INFO - Task exited with return code 0
[2025-09-10T07:33:26.016+0000] {taskinstance.py:3900} INFO - 1 downstream tasks scheduled from follow-on schedule check
[2025-09-10T07:33:26.032+0000] {local_task_job_runner.py:245} INFO - ::endgroup::
