[2025-09-10T16:13:50.607+0000] {local_task_job_runner.py:123} INFO - ::group::Pre task execution logs
[2025-09-10T16:13:50.814+0000] {taskinstance.py:2612} INFO - Dependencies all met for dep_context=non-requeueable deps ti=<TaskInstance: currency_etl.extract scheduled__2025-09-09T16:00:00+00:00 [queued]>
[2025-09-10T16:13:50.861+0000] {taskinstance.py:2612} INFO - Dependencies all met for dep_context=requeueable deps ti=<TaskInstance: currency_etl.extract scheduled__2025-09-09T16:00:00+00:00 [queued]>
[2025-09-10T16:13:50.864+0000] {taskinstance.py:2865} INFO - Starting attempt 1 of 2
[2025-09-10T16:13:50.954+0000] {taskinstance.py:2888} INFO - Executing <Task(BashOperator): extract> on 2025-09-09 16:00:00+00:00
[2025-09-10T16:13:50.997+0000] {standard_task_runner.py:104} INFO - Running: ['***', 'tasks', 'run', 'currency_etl', 'extract', 'scheduled__2025-09-09T16:00:00+00:00', '--job-id', '159', '--raw', '--subdir', 'DAGS_FOLDER/currency_etl.py', '--cfg-path', '/tmp/tmp7et3uqv5']
[2025-09-10T16:13:51.005+0000] {standard_task_runner.py:105} INFO - Job 159: Subtask extract
[2025-09-10T16:13:51.012+0000] {logging_mixin.py:190} WARNING - /home/***/.local/lib/python3.12/site-packages/***/task/task_runner/standard_task_runner.py:70 DeprecationWarning: This process (pid=3805) is multi-threaded, use of fork() may lead to deadlocks in the child.
[2025-09-10T16:13:51.015+0000] {standard_task_runner.py:72} INFO - Started process 3808 to run task
[2025-09-10T16:13:51.351+0000] {task_command.py:467} INFO - Running <TaskInstance: currency_etl.extract scheduled__2025-09-09T16:00:00+00:00 [running]> on host b37bbfb35b9c
[2025-09-10T16:13:51.821+0000] {taskinstance.py:3131} INFO - Exporting env vars: AIRFLOW_CTX_DAG_OWNER='***' AIRFLOW_CTX_DAG_ID='currency_etl' AIRFLOW_CTX_TASK_ID='extract' AIRFLOW_CTX_EXECUTION_DATE='2025-09-09T16:00:00+00:00' AIRFLOW_CTX_TRY_NUMBER='1' AIRFLOW_CTX_DAG_RUN_ID='scheduled__2025-09-09T16:00:00+00:00'
[2025-09-10T16:13:51.824+0000] {taskinstance.py:731} INFO - ::endgroup::
[2025-09-10T16:13:51.881+0000] {subprocess.py:63} INFO - Tmp dir root location: /tmp
[2025-09-10T16:13:51.885+0000] {subprocess.py:75} INFO - Running command: ['/usr/bin/bash', '-c', 'python /opt/***/scripts/extract.py']
[2025-09-10T16:13:51.913+0000] {subprocess.py:86} INFO - Output:
[2025-09-10T16:13:54.402+0000] {subprocess.py:93} INFO - /opt/***/scripts/extract.py:21: DeprecationWarning: datetime.datetime.utcnow() is deprecated and scheduled for removal in a future version. Use timezone-aware objects to represent datetimes in UTC: datetime.datetime.now(datetime.UTC).
[2025-09-10T16:13:54.404+0000] {subprocess.py:93} INFO -   fname = RAW_DIR / f"exchange_{datetime.utcnow().strftime('%Y%m%d_%H%M%S')}.json"
[2025-09-10T16:13:54.409+0000] {subprocess.py:93} INFO - Saved raw to /opt/***/data/raw/exchange_20250910_161354.json
[2025-09-10T16:13:54.472+0000] {subprocess.py:97} INFO - Command exited with return code 0
[2025-09-10T16:13:54.667+0000] {taskinstance.py:340} INFO - ::group::Post task execution logs
[2025-09-10T16:13:54.669+0000] {taskinstance.py:352} INFO - Marking task as SUCCESS. dag_id=currency_etl, task_id=extract, run_id=scheduled__2025-09-09T16:00:00+00:00, execution_date=20250909T160000, start_date=20250910T161350, end_date=20250910T161354
[2025-09-10T16:13:54.759+0000] {local_task_job_runner.py:266} INFO - Task exited with return code 0
[2025-09-10T16:13:54.895+0000] {taskinstance.py:3900} INFO - 1 downstream tasks scheduled from follow-on schedule check
[2025-09-10T16:13:54.900+0000] {local_task_job_runner.py:245} INFO - ::endgroup::
