[2025-09-10T18:07:55.224+0000] {local_task_job_runner.py:123} INFO - ::group::Pre task execution logs
[2025-09-10T18:07:55.816+0000] {taskinstance.py:2612} INFO - Dependencies all met for dep_context=non-requeueable deps ti=<TaskInstance: currency_etl.analyze manual__2025-09-10T18:07:35.592500+00:00 [queued]>
[2025-09-10T18:07:55.843+0000] {taskinstance.py:2612} INFO - Dependencies all met for dep_context=requeueable deps ti=<TaskInstance: currency_etl.analyze manual__2025-09-10T18:07:35.592500+00:00 [queued]>
[2025-09-10T18:07:55.845+0000] {taskinstance.py:2865} INFO - Starting attempt 1 of 2
[2025-09-10T18:07:55.881+0000] {taskinstance.py:2888} INFO - Executing <Task(PythonOperator): analyze> on 2025-09-10 18:07:35.592500+00:00
[2025-09-10T18:07:55.919+0000] {standard_task_runner.py:104} INFO - Running: ['***', 'tasks', 'run', 'currency_etl', 'analyze', 'manual__2025-09-10T18:07:35.592500+00:00', '--job-id', '171', '--raw', '--subdir', 'DAGS_FOLDER/currency_etl.py', '--cfg-path', '/tmp/tmp3um2c0xs']
[2025-09-10T18:07:55.927+0000] {standard_task_runner.py:105} INFO - Job 171: Subtask analyze
[2025-09-10T18:07:55.927+0000] {logging_mixin.py:190} WARNING - /home/***/.local/lib/python3.12/site-packages/***/task/task_runner/standard_task_runner.py:70 DeprecationWarning: This process (pid=4031) is multi-threaded, use of fork() may lead to deadlocks in the child.
[2025-09-10T18:07:55.929+0000] {standard_task_runner.py:72} INFO - Started process 4033 to run task
[2025-09-10T18:07:56.205+0000] {task_command.py:467} INFO - Running <TaskInstance: currency_etl.analyze manual__2025-09-10T18:07:35.592500+00:00 [running]> on host b37bbfb35b9c
[2025-09-10T18:07:56.605+0000] {taskinstance.py:3131} INFO - Exporting env vars: AIRFLOW_CTX_DAG_OWNER='***' AIRFLOW_CTX_DAG_ID='currency_etl' AIRFLOW_CTX_TASK_ID='analyze' AIRFLOW_CTX_EXECUTION_DATE='2025-09-10T18:07:35.592500+00:00' AIRFLOW_CTX_TRY_NUMBER='1' AIRFLOW_CTX_DAG_RUN_ID='manual__2025-09-10T18:07:35.592500+00:00'
[2025-09-10T18:07:56.608+0000] {taskinstance.py:731} INFO - ::endgroup::
[2025-09-10T18:07:59.529+0000] {logging_mixin.py:190} INFO - Saved forecast for USD to /opt/***/dags/output/forecast_USD.png
[2025-09-10T18:07:59.861+0000] {logging_mixin.py:190} INFO - Saved forecast for EUR to /opt/***/dags/output/forecast_EUR.png
[2025-09-10T18:07:59.862+0000] {python.py:240} INFO - Done. Returned value was: None
[2025-09-10T18:07:59.943+0000] {taskinstance.py:340} INFO - ::group::Post task execution logs
[2025-09-10T18:07:59.944+0000] {taskinstance.py:352} INFO - Marking task as SUCCESS. dag_id=currency_etl, task_id=analyze, run_id=manual__2025-09-10T18:07:35.592500+00:00, execution_date=20250910T180735, start_date=20250910T180755, end_date=20250910T180759
[2025-09-10T18:08:00.095+0000] {local_task_job_runner.py:266} INFO - Task exited with return code 0
[2025-09-10T18:08:00.221+0000] {taskinstance.py:3900} INFO - 0 downstream tasks scheduled from follow-on schedule check
[2025-09-10T18:08:00.256+0000] {local_task_job_runner.py:245} INFO - ::endgroup::
