[2025-09-10T09:57:02.053+0000] {local_task_job_runner.py:123} INFO - ::group::Pre task execution logs
[2025-09-10T09:57:02.157+0000] {taskinstance.py:2612} INFO - Dependencies all met for dep_context=non-requeueable deps ti=<TaskInstance: currency_etl.extract manual__2025-09-10T09:57:00.930655+00:00 [queued]>
[2025-09-10T09:57:02.184+0000] {taskinstance.py:2612} INFO - Dependencies all met for dep_context=requeueable deps ti=<TaskInstance: currency_etl.extract manual__2025-09-10T09:57:00.930655+00:00 [queued]>
[2025-09-10T09:57:02.185+0000] {taskinstance.py:2865} INFO - Starting attempt 1 of 2
[2025-09-10T09:57:02.225+0000] {taskinstance.py:2888} INFO - Executing <Task(BashOperator): extract> on 2025-09-10 09:57:00.930655+00:00
[2025-09-10T09:57:02.265+0000] {standard_task_runner.py:104} INFO - Running: ['***', 'tasks', 'run', 'currency_etl', 'extract', 'manual__2025-09-10T09:57:00.930655+00:00', '--job-id', '149', '--raw', '--subdir', 'DAGS_FOLDER/currency_etl.py', '--cfg-path', '/tmp/tmpkl6o544l']
[2025-09-10T09:57:02.274+0000] {standard_task_runner.py:105} INFO - Job 149: Subtask extract
[2025-09-10T09:57:02.276+0000] {logging_mixin.py:190} WARNING - /home/***/.local/lib/python3.12/site-packages/***/task/task_runner/standard_task_runner.py:70 DeprecationWarning: This process (pid=449) is multi-threaded, use of fork() may lead to deadlocks in the child.
[2025-09-10T09:57:02.278+0000] {standard_task_runner.py:72} INFO - Started process 450 to run task
[2025-09-10T09:57:02.560+0000] {task_command.py:467} INFO - Running <TaskInstance: currency_etl.extract manual__2025-09-10T09:57:00.930655+00:00 [running]> on host b37bbfb35b9c
[2025-09-10T09:57:02.906+0000] {taskinstance.py:3131} INFO - Exporting env vars: AIRFLOW_CTX_DAG_OWNER='***' AIRFLOW_CTX_DAG_ID='currency_etl' AIRFLOW_CTX_TASK_ID='extract' AIRFLOW_CTX_EXECUTION_DATE='2025-09-10T09:57:00.930655+00:00' AIRFLOW_CTX_TRY_NUMBER='1' AIRFLOW_CTX_DAG_RUN_ID='manual__2025-09-10T09:57:00.930655+00:00'
[2025-09-10T09:57:02.908+0000] {taskinstance.py:731} INFO - ::endgroup::
[2025-09-10T09:57:02.941+0000] {subprocess.py:63} INFO - Tmp dir root location: /tmp
[2025-09-10T09:57:02.946+0000] {subprocess.py:75} INFO - Running command: ['/usr/bin/bash', '-c', 'python /opt/***/scripts/extract.py']
[2025-09-10T09:57:02.977+0000] {subprocess.py:86} INFO - Output:
[2025-09-10T09:57:05.601+0000] {subprocess.py:93} INFO - /opt/***/scripts/extract.py:21: DeprecationWarning: datetime.datetime.utcnow() is deprecated and scheduled for removal in a future version. Use timezone-aware objects to represent datetimes in UTC: datetime.datetime.now(datetime.UTC).
[2025-09-10T09:57:05.602+0000] {subprocess.py:93} INFO -   fname = RAW_DIR / f"exchange_{datetime.utcnow().strftime('%Y%m%d_%H%M%S')}.json"
[2025-09-10T09:57:05.609+0000] {subprocess.py:93} INFO - Saved raw to /opt/***/data/raw/exchange_20250910_095705.json
[2025-09-10T09:57:05.718+0000] {subprocess.py:97} INFO - Command exited with return code 0
[2025-09-10T09:57:05.879+0000] {taskinstance.py:340} INFO - ::group::Post task execution logs
[2025-09-10T09:57:05.881+0000] {taskinstance.py:352} INFO - Marking task as SUCCESS. dag_id=currency_etl, task_id=extract, run_id=manual__2025-09-10T09:57:00.930655+00:00, execution_date=20250910T095700, start_date=20250910T095702, end_date=20250910T095705
[2025-09-10T09:57:05.961+0000] {local_task_job_runner.py:266} INFO - Task exited with return code 0
[2025-09-10T09:57:06.062+0000] {taskinstance.py:3900} INFO - 1 downstream tasks scheduled from follow-on schedule check
[2025-09-10T09:57:06.068+0000] {local_task_job_runner.py:245} INFO - ::endgroup::
