[2025-09-14T16:53:22.368+0000] {local_task_job_runner.py:123} INFO - ::group::Pre task execution logs
[2025-09-14T16:53:22.476+0000] {taskinstance.py:2612} INFO - Dependencies all met for dep_context=non-requeueable deps ti=<TaskInstance: currency_etl.forecast scheduled__2025-09-13T16:00:00+00:00 [queued]>
[2025-09-14T16:53:22.497+0000] {taskinstance.py:2612} INFO - Dependencies all met for dep_context=requeueable deps ti=<TaskInstance: currency_etl.forecast scheduled__2025-09-13T16:00:00+00:00 [queued]>
[2025-09-14T16:53:22.499+0000] {taskinstance.py:2865} INFO - Starting attempt 1 of 2
[2025-09-14T16:53:22.530+0000] {taskinstance.py:2888} INFO - Executing <Task(PythonOperator): forecast> on 2025-09-13 16:00:00+00:00
[2025-09-14T16:53:22.553+0000] {standard_task_runner.py:104} INFO - Running: ['***', 'tasks', 'run', 'currency_etl', 'forecast', 'scheduled__2025-09-13T16:00:00+00:00', '--job-id', '272', '--raw', '--subdir', 'DAGS_FOLDER/currency_etl.py', '--cfg-path', '/tmp/tmp46wnkd99']
[2025-09-14T16:53:22.559+0000] {standard_task_runner.py:105} INFO - Job 272: Subtask forecast
[2025-09-14T16:53:22.561+0000] {logging_mixin.py:190} WARNING - /home/***/.local/lib/python3.12/site-packages/***/task/task_runner/standard_task_runner.py:70 DeprecationWarning: This process (pid=238) is multi-threaded, use of fork() may lead to deadlocks in the child.
[2025-09-14T16:53:22.563+0000] {standard_task_runner.py:72} INFO - Started process 239 to run task
[2025-09-14T16:53:22.876+0000] {task_command.py:467} INFO - Running <TaskInstance: currency_etl.forecast scheduled__2025-09-13T16:00:00+00:00 [running]> on host 02c5a69eec0c
[2025-09-14T16:53:23.434+0000] {taskinstance.py:3131} INFO - Exporting env vars: AIRFLOW_CTX_DAG_OWNER='***' AIRFLOW_CTX_DAG_ID='currency_etl' AIRFLOW_CTX_TASK_ID='forecast' AIRFLOW_CTX_EXECUTION_DATE='2025-09-13T16:00:00+00:00' AIRFLOW_CTX_TRY_NUMBER='1' AIRFLOW_CTX_DAG_RUN_ID='scheduled__2025-09-13T16:00:00+00:00'
[2025-09-14T16:53:23.436+0000] {taskinstance.py:731} INFO - ::endgroup::
[2025-09-14T16:53:26.005+0000] {logging_mixin.py:190} INFO - Saved forecast for USD to /opt/***/dags/output/forecast_USD.png
[2025-09-14T16:53:26.286+0000] {logging_mixin.py:190} INFO - Saved forecast for EUR to /opt/***/dags/output/forecast_EUR.png
[2025-09-14T16:53:26.288+0000] {python.py:240} INFO - Done. Returned value was: None
[2025-09-14T16:53:26.380+0000] {taskinstance.py:340} INFO - ::group::Post task execution logs
[2025-09-14T16:53:26.381+0000] {taskinstance.py:352} INFO - Marking task as SUCCESS. dag_id=currency_etl, task_id=forecast, run_id=scheduled__2025-09-13T16:00:00+00:00, execution_date=20250913T160000, start_date=20250914T165322, end_date=20250914T165326
[2025-09-14T16:53:26.491+0000] {local_task_job_runner.py:266} INFO - Task exited with return code 0
[2025-09-14T16:53:26.605+0000] {taskinstance.py:3900} INFO - 1 downstream tasks scheduled from follow-on schedule check
[2025-09-14T16:53:26.610+0000] {local_task_job_runner.py:245} INFO - ::endgroup::
