[2025-09-10T08:52:20.743+0000] {local_task_job_runner.py:123} INFO - ::group::Pre task execution logs
[2025-09-10T08:52:20.849+0000] {taskinstance.py:2612} INFO - Dependencies all met for dep_context=non-requeueable deps ti=<TaskInstance: currency_etl.transform manual__2025-09-10T08:52:15.009349+00:00 [queued]>
[2025-09-10T08:52:20.869+0000] {taskinstance.py:2612} INFO - Dependencies all met for dep_context=requeueable deps ti=<TaskInstance: currency_etl.transform manual__2025-09-10T08:52:15.009349+00:00 [queued]>
[2025-09-10T08:52:20.871+0000] {taskinstance.py:2865} INFO - Starting attempt 1 of 2
[2025-09-10T08:52:20.901+0000] {taskinstance.py:2888} INFO - Executing <Task(BashOperator): transform> on 2025-09-10 08:52:15.009349+00:00
[2025-09-10T08:52:20.921+0000] {standard_task_runner.py:104} INFO - Running: ['***', 'tasks', 'run', 'currency_etl', 'transform', 'manual__2025-09-10T08:52:15.009349+00:00', '--job-id', '118', '--raw', '--subdir', 'DAGS_FOLDER/currency_etl.py', '--cfg-path', '/tmp/tmp0b6xv5g0']
[2025-09-10T08:52:20.927+0000] {standard_task_runner.py:105} INFO - Job 118: Subtask transform
[2025-09-10T08:52:20.929+0000] {logging_mixin.py:190} WARNING - /home/***/.local/lib/python3.12/site-packages/***/task/task_runner/standard_task_runner.py:70 DeprecationWarning: This process (pid=253) is multi-threaded, use of fork() may lead to deadlocks in the child.
[2025-09-10T08:52:20.931+0000] {standard_task_runner.py:72} INFO - Started process 254 to run task
[2025-09-10T08:52:21.251+0000] {task_command.py:467} INFO - Running <TaskInstance: currency_etl.transform manual__2025-09-10T08:52:15.009349+00:00 [running]> on host c132f747d056
[2025-09-10T08:52:21.715+0000] {taskinstance.py:3131} INFO - Exporting env vars: AIRFLOW_CTX_DAG_OWNER='***' AIRFLOW_CTX_DAG_ID='currency_etl' AIRFLOW_CTX_TASK_ID='transform' AIRFLOW_CTX_EXECUTION_DATE='2025-09-10T08:52:15.009349+00:00' AIRFLOW_CTX_TRY_NUMBER='1' AIRFLOW_CTX_DAG_RUN_ID='manual__2025-09-10T08:52:15.009349+00:00'
[2025-09-10T08:52:21.718+0000] {taskinstance.py:731} INFO - ::endgroup::
[2025-09-10T08:52:21.744+0000] {subprocess.py:63} INFO - Tmp dir root location: /tmp
[2025-09-10T08:52:21.748+0000] {subprocess.py:75} INFO - Running command: ['/usr/bin/bash', '-c', 'python /opt/***/scripts/transform.py']
[2025-09-10T08:52:21.775+0000] {subprocess.py:86} INFO - Output:
[2025-09-10T08:52:23.586+0000] {subprocess.py:93} INFO - /opt/***/scripts/transform.py:36: DeprecationWarning: datetime.datetime.utcnow() is deprecated and scheduled for removal in a future version. Use timezone-aware objects to represent datetimes in UTC: datetime.datetime.now(datetime.UTC).
[2025-09-10T08:52:23.587+0000] {subprocess.py:93} INFO -   out_fname = CLEAN_DIR / f"clean_{datetime.utcnow().strftime('%Y%m%d_%H%M%S')}.csv"
[2025-09-10T08:52:23.598+0000] {subprocess.py:93} INFO - Clean data saved to /opt/***/data/clean/clean_20250910_085223.csv
[2025-09-10T08:52:23.723+0000] {subprocess.py:97} INFO - Command exited with return code 0
[2025-09-10T08:52:23.945+0000] {taskinstance.py:340} INFO - ::group::Post task execution logs
[2025-09-10T08:52:23.946+0000] {taskinstance.py:352} INFO - Marking task as SUCCESS. dag_id=currency_etl, task_id=transform, run_id=manual__2025-09-10T08:52:15.009349+00:00, execution_date=20250910T085215, start_date=20250910T085220, end_date=20250910T085223
[2025-09-10T08:52:24.053+0000] {local_task_job_runner.py:266} INFO - Task exited with return code 0
[2025-09-10T08:52:24.140+0000] {local_task_job_runner.py:245} INFO - ::endgroup::
