[2025-09-10T07:55:19.951+0000] {local_task_job_runner.py:123} INFO - ::group::Pre task execution logs
[2025-09-10T07:55:20.034+0000] {taskinstance.py:2612} INFO - Dependencies all met for dep_context=non-requeueable deps ti=<TaskInstance: currency_etl.load manual__2025-09-10T07:55:08.420909+00:00 [queued]>
[2025-09-10T07:55:20.056+0000] {taskinstance.py:2612} INFO - Dependencies all met for dep_context=requeueable deps ti=<TaskInstance: currency_etl.load manual__2025-09-10T07:55:08.420909+00:00 [queued]>
[2025-09-10T07:55:20.057+0000] {taskinstance.py:2865} INFO - Starting attempt 1 of 2
[2025-09-10T07:55:20.096+0000] {taskinstance.py:2888} INFO - Executing <Task(BashOperator): load> on 2025-09-10 07:55:08.420909+00:00
[2025-09-10T07:55:20.124+0000] {standard_task_runner.py:104} INFO - Running: ['***', 'tasks', 'run', 'currency_etl', 'load', 'manual__2025-09-10T07:55:08.420909+00:00', '--job-id', '102', '--raw', '--subdir', 'DAGS_FOLDER/currency_etl.py', '--cfg-path', '/tmp/tmp9ii3r2jn']
[2025-09-10T07:55:20.131+0000] {standard_task_runner.py:105} INFO - Job 102: Subtask load
[2025-09-10T07:55:20.133+0000] {logging_mixin.py:190} WARNING - /home/***/.local/lib/python3.12/site-packages/***/task/task_runner/standard_task_runner.py:70 DeprecationWarning: This process (pid=228) is multi-threaded, use of fork() may lead to deadlocks in the child.
[2025-09-10T07:55:20.137+0000] {standard_task_runner.py:72} INFO - Started process 229 to run task
[2025-09-10T07:55:20.430+0000] {task_command.py:467} INFO - Running <TaskInstance: currency_etl.load manual__2025-09-10T07:55:08.420909+00:00 [running]> on host d9db006c728f
[2025-09-10T07:55:20.722+0000] {taskinstance.py:3131} INFO - Exporting env vars: AIRFLOW_CTX_DAG_OWNER='***' AIRFLOW_CTX_DAG_ID='currency_etl' AIRFLOW_CTX_TASK_ID='load' AIRFLOW_CTX_EXECUTION_DATE='2025-09-10T07:55:08.420909+00:00' AIRFLOW_CTX_TRY_NUMBER='1' AIRFLOW_CTX_DAG_RUN_ID='manual__2025-09-10T07:55:08.420909+00:00'
[2025-09-10T07:55:20.724+0000] {taskinstance.py:731} INFO - ::endgroup::
[2025-09-10T07:55:20.751+0000] {subprocess.py:63} INFO - Tmp dir root location: /tmp
[2025-09-10T07:55:20.754+0000] {subprocess.py:75} INFO - Running command: ['/usr/bin/bash', '-c', 'python /opt/***/scripts/load.py']
[2025-09-10T07:55:20.779+0000] {subprocess.py:86} INFO - Output:
[2025-09-10T07:55:22.898+0000] {subprocess.py:93} INFO - Loaded to DB
[2025-09-10T07:55:23.056+0000] {subprocess.py:97} INFO - Command exited with return code 0
[2025-09-10T07:55:23.207+0000] {taskinstance.py:340} INFO - ::group::Post task execution logs
[2025-09-10T07:55:23.209+0000] {taskinstance.py:352} INFO - Marking task as SUCCESS. dag_id=currency_etl, task_id=load, run_id=manual__2025-09-10T07:55:08.420909+00:00, execution_date=20250910T075508, start_date=20250910T075520, end_date=20250910T075523
[2025-09-10T07:55:23.294+0000] {local_task_job_runner.py:266} INFO - Task exited with return code 0
[2025-09-10T07:55:23.387+0000] {taskinstance.py:3900} INFO - 1 downstream tasks scheduled from follow-on schedule check
[2025-09-10T07:55:23.391+0000] {local_task_job_runner.py:245} INFO - ::endgroup::
