[2025-09-09T17:12:54.864+0000] {local_task_job_runner.py:123} INFO - ::group::Pre task execution logs
[2025-09-09T17:12:54.960+0000] {taskinstance.py:2612} INFO - Dependencies all met for dep_context=non-requeueable deps ti=<TaskInstance: currency_etl.load manual__2025-09-09T17:12:42.422911+00:00 [queued]>
[2025-09-09T17:12:54.978+0000] {taskinstance.py:2612} INFO - Dependencies all met for dep_context=requeueable deps ti=<TaskInstance: currency_etl.load manual__2025-09-09T17:12:42.422911+00:00 [queued]>
[2025-09-09T17:12:54.979+0000] {taskinstance.py:2865} INFO - Starting attempt 1 of 2
[2025-09-09T17:12:55.024+0000] {taskinstance.py:2888} INFO - Executing <Task(BashOperator): load> on 2025-09-09 17:12:42.422911+00:00
[2025-09-09T17:12:55.043+0000] {standard_task_runner.py:104} INFO - Running: ['***', 'tasks', 'run', 'currency_etl', 'load', 'manual__2025-09-09T17:12:42.422911+00:00', '--job-id', '38', '--raw', '--subdir', 'DAGS_FOLDER/currency_etl.py', '--cfg-path', '/tmp/tmpby23gt7l']
[2025-09-09T17:12:55.049+0000] {standard_task_runner.py:105} INFO - Job 38: Subtask load
[2025-09-09T17:12:55.049+0000] {logging_mixin.py:190} WARNING - /home/***/.local/lib/python3.12/site-packages/***/task/task_runner/standard_task_runner.py:70 DeprecationWarning: This process (pid=203) is multi-threaded, use of fork() may lead to deadlocks in the child.
[2025-09-09T17:12:55.051+0000] {standard_task_runner.py:72} INFO - Started process 204 to run task
[2025-09-09T17:12:55.328+0000] {task_command.py:467} INFO - Running <TaskInstance: currency_etl.load manual__2025-09-09T17:12:42.422911+00:00 [running]> on host a765ac22b61f
[2025-09-09T17:12:55.751+0000] {taskinstance.py:3131} INFO - Exporting env vars: AIRFLOW_CTX_DAG_OWNER='***' AIRFLOW_CTX_DAG_ID='currency_etl' AIRFLOW_CTX_TASK_ID='load' AIRFLOW_CTX_EXECUTION_DATE='2025-09-09T17:12:42.422911+00:00' AIRFLOW_CTX_TRY_NUMBER='1' AIRFLOW_CTX_DAG_RUN_ID='manual__2025-09-09T17:12:42.422911+00:00'
[2025-09-09T17:12:55.753+0000] {taskinstance.py:731} INFO - ::endgroup::
[2025-09-09T17:12:55.780+0000] {subprocess.py:63} INFO - Tmp dir root location: /tmp
[2025-09-09T17:12:55.783+0000] {subprocess.py:75} INFO - Running command: ['/usr/bin/bash', '-c', 'python /opt/***/scripts/load.py']
[2025-09-09T17:12:55.824+0000] {subprocess.py:86} INFO - Output:
[2025-09-09T17:12:58.534+0000] {subprocess.py:93} INFO - Loaded to DB
[2025-09-09T17:12:58.752+0000] {subprocess.py:97} INFO - Command exited with return code 0
[2025-09-09T17:12:58.932+0000] {taskinstance.py:340} INFO - ::group::Post task execution logs
[2025-09-09T17:12:58.933+0000] {taskinstance.py:352} INFO - Marking task as SUCCESS. dag_id=currency_etl, task_id=load, run_id=manual__2025-09-09T17:12:42.422911+00:00, execution_date=20250909T171242, start_date=20250909T171254, end_date=20250909T171258
[2025-09-09T17:12:59.012+0000] {local_task_job_runner.py:266} INFO - Task exited with return code 0
[2025-09-09T17:12:59.135+0000] {taskinstance.py:3900} INFO - 1 downstream tasks scheduled from follow-on schedule check
[2025-09-09T17:12:59.162+0000] {local_task_job_runner.py:245} INFO - ::endgroup::
