[2025-09-10T16:13:56.790+0000] {local_task_job_runner.py:123} INFO - ::group::Pre task execution logs
[2025-09-10T16:13:56.897+0000] {taskinstance.py:2612} INFO - Dependencies all met for dep_context=non-requeueable deps ti=<TaskInstance: currency_etl.transform scheduled__2025-09-09T16:00:00+00:00 [queued]>
[2025-09-10T16:13:56.920+0000] {taskinstance.py:2612} INFO - Dependencies all met for dep_context=requeueable deps ti=<TaskInstance: currency_etl.transform scheduled__2025-09-09T16:00:00+00:00 [queued]>
[2025-09-10T16:13:56.921+0000] {taskinstance.py:2865} INFO - Starting attempt 1 of 2
[2025-09-10T16:13:56.955+0000] {taskinstance.py:2888} INFO - Executing <Task(BashOperator): transform> on 2025-09-09 16:00:00+00:00
[2025-09-10T16:13:56.978+0000] {standard_task_runner.py:104} INFO - Running: ['***', 'tasks', 'run', 'currency_etl', 'transform', 'scheduled__2025-09-09T16:00:00+00:00', '--job-id', '160', '--raw', '--subdir', 'DAGS_FOLDER/currency_etl.py', '--cfg-path', '/tmp/tmpqjhl1gn_']
[2025-09-10T16:13:56.985+0000] {standard_task_runner.py:105} INFO - Job 160: Subtask transform
[2025-09-10T16:13:56.988+0000] {logging_mixin.py:190} WARNING - /home/***/.local/lib/python3.12/site-packages/***/task/task_runner/standard_task_runner.py:70 DeprecationWarning: This process (pid=3811) is multi-threaded, use of fork() may lead to deadlocks in the child.
[2025-09-10T16:13:56.989+0000] {standard_task_runner.py:72} INFO - Started process 3812 to run task
[2025-09-10T16:13:57.302+0000] {task_command.py:467} INFO - Running <TaskInstance: currency_etl.transform scheduled__2025-09-09T16:00:00+00:00 [running]> on host b37bbfb35b9c
[2025-09-10T16:13:57.727+0000] {taskinstance.py:3131} INFO - Exporting env vars: AIRFLOW_CTX_DAG_OWNER='***' AIRFLOW_CTX_DAG_ID='currency_etl' AIRFLOW_CTX_TASK_ID='transform' AIRFLOW_CTX_EXECUTION_DATE='2025-09-09T16:00:00+00:00' AIRFLOW_CTX_TRY_NUMBER='1' AIRFLOW_CTX_DAG_RUN_ID='scheduled__2025-09-09T16:00:00+00:00'
[2025-09-10T16:13:57.729+0000] {taskinstance.py:731} INFO - ::endgroup::
[2025-09-10T16:13:57.764+0000] {subprocess.py:63} INFO - Tmp dir root location: /tmp
[2025-09-10T16:13:57.768+0000] {subprocess.py:75} INFO - Running command: ['/usr/bin/bash', '-c', 'python /opt/***/scripts/transform.py']
[2025-09-10T16:13:57.802+0000] {subprocess.py:86} INFO - Output:
[2025-09-10T16:14:00.572+0000] {subprocess.py:93} INFO - /opt/***/scripts/transform.py:36: DeprecationWarning: datetime.datetime.utcnow() is deprecated and scheduled for removal in a future version. Use timezone-aware objects to represent datetimes in UTC: datetime.datetime.now(datetime.UTC).
[2025-09-10T16:14:00.573+0000] {subprocess.py:93} INFO -   out_fname = CLEAN_DIR / f"clean_{datetime.utcnow().strftime('%Y%m%d_%H%M%S')}.csv"
[2025-09-10T16:14:00.605+0000] {subprocess.py:93} INFO - Clean data saved to /opt/***/data/clean/clean_20250910_161400.csv
[2025-09-10T16:14:00.751+0000] {subprocess.py:97} INFO - Command exited with return code 0
[2025-09-10T16:14:00.958+0000] {taskinstance.py:340} INFO - ::group::Post task execution logs
[2025-09-10T16:14:00.959+0000] {taskinstance.py:352} INFO - Marking task as SUCCESS. dag_id=currency_etl, task_id=transform, run_id=scheduled__2025-09-09T16:00:00+00:00, execution_date=20250909T160000, start_date=20250910T161356, end_date=20250910T161400
[2025-09-10T16:14:01.038+0000] {local_task_job_runner.py:266} INFO - Task exited with return code 0
[2025-09-10T16:14:01.172+0000] {taskinstance.py:3900} INFO - 1 downstream tasks scheduled from follow-on schedule check
[2025-09-10T16:14:01.179+0000] {local_task_job_runner.py:245} INFO - ::endgroup::
