[2025-09-11T16:36:26.261+0000] {local_task_job_runner.py:123} INFO - ::group::Pre task execution logs
[2025-09-11T16:36:26.338+0000] {taskinstance.py:2612} INFO - Dependencies all met for dep_context=non-requeueable deps ti=<TaskInstance: currency_etl.extract scheduled__2025-09-10T16:00:00+00:00 [queued]>
[2025-09-11T16:36:26.361+0000] {taskinstance.py:2612} INFO - Dependencies all met for dep_context=requeueable deps ti=<TaskInstance: currency_etl.extract scheduled__2025-09-10T16:00:00+00:00 [queued]>
[2025-09-11T16:36:26.362+0000] {taskinstance.py:2865} INFO - Starting attempt 1 of 2
[2025-09-11T16:36:26.397+0000] {taskinstance.py:2888} INFO - Executing <Task(BashOperator): extract> on 2025-09-10 16:00:00+00:00
[2025-09-11T16:36:26.420+0000] {standard_task_runner.py:104} INFO - Running: ['***', 'tasks', 'run', 'currency_etl', 'extract', 'scheduled__2025-09-10T16:00:00+00:00', '--job-id', '173', '--raw', '--subdir', 'DAGS_FOLDER/currency_etl.py', '--cfg-path', '/tmp/tmpi3ppd5wr']
[2025-09-11T16:36:26.426+0000] {standard_task_runner.py:105} INFO - Job 173: Subtask extract
[2025-09-11T16:36:26.426+0000] {logging_mixin.py:190} WARNING - /home/***/.local/lib/python3.12/site-packages/***/task/task_runner/standard_task_runner.py:70 DeprecationWarning: This process (pid=9641) is multi-threaded, use of fork() may lead to deadlocks in the child.
[2025-09-11T16:36:26.428+0000] {standard_task_runner.py:72} INFO - Started process 9642 to run task
[2025-09-11T16:36:26.649+0000] {task_command.py:467} INFO - Running <TaskInstance: currency_etl.extract scheduled__2025-09-10T16:00:00+00:00 [running]> on host b37bbfb35b9c
[2025-09-11T16:36:27.009+0000] {taskinstance.py:3131} INFO - Exporting env vars: AIRFLOW_CTX_DAG_OWNER='***' AIRFLOW_CTX_DAG_ID='currency_etl' AIRFLOW_CTX_TASK_ID='extract' AIRFLOW_CTX_EXECUTION_DATE='2025-09-10T16:00:00+00:00' AIRFLOW_CTX_TRY_NUMBER='1' AIRFLOW_CTX_DAG_RUN_ID='scheduled__2025-09-10T16:00:00+00:00'
[2025-09-11T16:36:27.011+0000] {taskinstance.py:731} INFO - ::endgroup::
[2025-09-11T16:36:27.081+0000] {subprocess.py:63} INFO - Tmp dir root location: /tmp
[2025-09-11T16:36:27.086+0000] {subprocess.py:75} INFO - Running command: ['/usr/bin/bash', '-c', 'python /opt/***/scripts/extract.py']
[2025-09-11T16:36:27.127+0000] {subprocess.py:86} INFO - Output:
[2025-09-11T16:36:28.810+0000] {subprocess.py:93} INFO - /opt/***/scripts/extract.py:21: DeprecationWarning: datetime.datetime.utcnow() is deprecated and scheduled for removal in a future version. Use timezone-aware objects to represent datetimes in UTC: datetime.datetime.now(datetime.UTC).
[2025-09-11T16:36:28.811+0000] {subprocess.py:93} INFO -   fname = RAW_DIR / f"exchange_{datetime.utcnow().strftime('%Y%m%d_%H%M%S')}.json"
[2025-09-11T16:36:28.816+0000] {subprocess.py:93} INFO - Saved raw to /opt/***/data/raw/exchange_20250911_163628.json
[2025-09-11T16:36:28.863+0000] {subprocess.py:97} INFO - Command exited with return code 0
[2025-09-11T16:36:29.005+0000] {taskinstance.py:340} INFO - ::group::Post task execution logs
[2025-09-11T16:36:29.006+0000] {taskinstance.py:352} INFO - Marking task as SUCCESS. dag_id=currency_etl, task_id=extract, run_id=scheduled__2025-09-10T16:00:00+00:00, execution_date=20250910T160000, start_date=20250911T163626, end_date=20250911T163629
[2025-09-11T16:36:29.069+0000] {local_task_job_runner.py:266} INFO - Task exited with return code 0
[2025-09-11T16:36:29.166+0000] {taskinstance.py:3900} INFO - 1 downstream tasks scheduled from follow-on schedule check
[2025-09-11T16:36:29.171+0000] {local_task_job_runner.py:245} INFO - ::endgroup::
