[2025-09-10T09:01:09.759+0000] {local_task_job_runner.py:123} INFO - ::group::Pre task execution logs
[2025-09-10T09:01:09.868+0000] {taskinstance.py:2612} INFO - Dependencies all met for dep_context=non-requeueable deps ti=<TaskInstance: currency_etl.load manual__2025-09-10T09:00:56.941972+00:00 [queued]>
[2025-09-10T09:01:09.889+0000] {taskinstance.py:2612} INFO - Dependencies all met for dep_context=requeueable deps ti=<TaskInstance: currency_etl.load manual__2025-09-10T09:00:56.941972+00:00 [queued]>
[2025-09-10T09:01:09.890+0000] {taskinstance.py:2865} INFO - Starting attempt 1 of 2
[2025-09-10T09:01:09.922+0000] {taskinstance.py:2888} INFO - Executing <Task(BashOperator): load> on 2025-09-10 09:00:56.941972+00:00
[2025-09-10T09:01:09.947+0000] {standard_task_runner.py:104} INFO - Running: ['***', 'tasks', 'run', 'currency_etl', 'load', 'manual__2025-09-10T09:00:56.941972+00:00', '--job-id', '125', '--raw', '--subdir', 'DAGS_FOLDER/currency_etl.py', '--cfg-path', '/tmp/tmpo9b78taw']
[2025-09-10T09:01:09.954+0000] {standard_task_runner.py:105} INFO - Job 125: Subtask load
[2025-09-10T09:01:09.954+0000] {logging_mixin.py:190} WARNING - /home/***/.local/lib/python3.12/site-packages/***/task/task_runner/standard_task_runner.py:70 DeprecationWarning: This process (pid=208) is multi-threaded, use of fork() may lead to deadlocks in the child.
[2025-09-10T09:01:09.956+0000] {standard_task_runner.py:72} INFO - Started process 209 to run task
[2025-09-10T09:01:10.517+0000] {task_command.py:467} INFO - Running <TaskInstance: currency_etl.load manual__2025-09-10T09:00:56.941972+00:00 [running]> on host e9dc4273a658
[2025-09-10T09:01:11.282+0000] {taskinstance.py:3131} INFO - Exporting env vars: AIRFLOW_CTX_DAG_OWNER='***' AIRFLOW_CTX_DAG_ID='currency_etl' AIRFLOW_CTX_TASK_ID='load' AIRFLOW_CTX_EXECUTION_DATE='2025-09-10T09:00:56.941972+00:00' AIRFLOW_CTX_TRY_NUMBER='1' AIRFLOW_CTX_DAG_RUN_ID='manual__2025-09-10T09:00:56.941972+00:00'
[2025-09-10T09:01:11.284+0000] {taskinstance.py:731} INFO - ::endgroup::
[2025-09-10T09:01:11.316+0000] {subprocess.py:63} INFO - Tmp dir root location: /tmp
[2025-09-10T09:01:11.323+0000] {subprocess.py:75} INFO - Running command: ['/usr/bin/bash', '-c', 'python /opt/***/scripts/load.py']
[2025-09-10T09:01:11.360+0000] {subprocess.py:86} INFO - Output:
[2025-09-10T09:01:13.839+0000] {subprocess.py:93} INFO - Loaded to DB
[2025-09-10T09:01:14.016+0000] {subprocess.py:97} INFO - Command exited with return code 0
[2025-09-10T09:01:14.231+0000] {taskinstance.py:340} INFO - ::group::Post task execution logs
[2025-09-10T09:01:14.233+0000] {taskinstance.py:352} INFO - Marking task as SUCCESS. dag_id=currency_etl, task_id=load, run_id=manual__2025-09-10T09:00:56.941972+00:00, execution_date=20250910T090056, start_date=20250910T090109, end_date=20250910T090114
[2025-09-10T09:01:14.329+0000] {local_task_job_runner.py:266} INFO - Task exited with return code 0
[2025-09-10T09:01:14.467+0000] {taskinstance.py:3900} INFO - 1 downstream tasks scheduled from follow-on schedule check
[2025-09-10T09:01:14.472+0000] {local_task_job_runner.py:245} INFO - ::endgroup::
