[2025-09-14T08:56:46.458+0000] {local_task_job_runner.py:123} INFO - ::group::Pre task execution logs
[2025-09-14T08:56:46.567+0000] {taskinstance.py:2612} INFO - Dependencies all met for dep_context=non-requeueable deps ti=<TaskInstance: currency_etl.analyze scheduled__2025-09-12T16:00:00+00:00 [queued]>
[2025-09-14T08:56:46.589+0000] {taskinstance.py:2612} INFO - Dependencies all met for dep_context=requeueable deps ti=<TaskInstance: currency_etl.analyze scheduled__2025-09-12T16:00:00+00:00 [queued]>
[2025-09-14T08:56:46.590+0000] {taskinstance.py:2865} INFO - Starting attempt 7 of 8
[2025-09-14T08:56:46.642+0000] {taskinstance.py:2888} INFO - Executing <Task(BashOperator): analyze> on 2025-09-12 16:00:00+00:00
[2025-09-14T08:56:46.677+0000] {logging_mixin.py:190} WARNING - /home/***/.local/lib/python3.12/site-packages/***/task/task_runner/standard_task_runner.py:70 DeprecationWarning: This process (pid=188) is multi-threaded, use of fork() may lead to deadlocks in the child.
[2025-09-14T08:56:46.670+0000] {standard_task_runner.py:104} INFO - Running: ['***', 'tasks', 'run', 'currency_etl', 'analyze', 'scheduled__2025-09-12T16:00:00+00:00', '--job-id', '258', '--raw', '--subdir', 'DAGS_FOLDER/currency_etl.py', '--cfg-path', '/tmp/tmpncb16ur8']
[2025-09-14T08:56:46.680+0000] {standard_task_runner.py:72} INFO - Started process 189 to run task
[2025-09-14T08:56:46.680+0000] {standard_task_runner.py:105} INFO - Job 258: Subtask analyze
[2025-09-14T08:56:47.005+0000] {task_command.py:467} INFO - Running <TaskInstance: currency_etl.analyze scheduled__2025-09-12T16:00:00+00:00 [running]> on host 02c5a69eec0c
[2025-09-14T08:56:47.496+0000] {taskinstance.py:3131} INFO - Exporting env vars: AIRFLOW_CTX_DAG_OWNER='***' AIRFLOW_CTX_DAG_ID='currency_etl' AIRFLOW_CTX_TASK_ID='analyze' AIRFLOW_CTX_EXECUTION_DATE='2025-09-12T16:00:00+00:00' AIRFLOW_CTX_TRY_NUMBER='7' AIRFLOW_CTX_DAG_RUN_ID='scheduled__2025-09-12T16:00:00+00:00'
[2025-09-14T08:56:47.503+0000] {taskinstance.py:731} INFO - ::endgroup::
[2025-09-14T08:56:47.578+0000] {subprocess.py:63} INFO - Tmp dir root location: /tmp
[2025-09-14T08:56:47.582+0000] {subprocess.py:75} INFO - Running command: ['/usr/bin/bash', '-c', 'python /opt/***/src/analyze.py']
[2025-09-14T08:56:47.614+0000] {subprocess.py:86} INFO - Output:
[2025-09-14T08:56:52.346+0000] {subprocess.py:93} INFO - /opt/***/src/analyze.py:157: DeprecationWarning: datetime.datetime.utcnow() is deprecated and scheduled for removal in a future version. Use timezone-aware objects to represent datetimes in UTC: datetime.datetime.now(datetime.UTC).
[2025-09-14T08:56:52.348+0000] {subprocess.py:93} INFO -   today = datetime.utcnow().strftime("%Y-%m-%d")
[2025-09-14T08:56:52.405+0000] {subprocess.py:93} INFO - + Text report saved to /opt/***/data/reports/report_2025-09-14.txt
[2025-09-14T08:56:52.589+0000] {subprocess.py:97} INFO - Command exited with return code 0
[2025-09-14T08:56:52.827+0000] {taskinstance.py:340} INFO - ::group::Post task execution logs
[2025-09-14T08:56:52.828+0000] {taskinstance.py:352} INFO - Marking task as SUCCESS. dag_id=currency_etl, task_id=analyze, run_id=scheduled__2025-09-12T16:00:00+00:00, execution_date=20250912T160000, start_date=20250914T085646, end_date=20250914T085652
[2025-09-14T08:56:52.936+0000] {local_task_job_runner.py:266} INFO - Task exited with return code 0
[2025-09-14T08:56:53.059+0000] {taskinstance.py:3900} INFO - 1 downstream tasks scheduled from follow-on schedule check
[2025-09-14T08:56:53.083+0000] {local_task_job_runner.py:245} INFO - ::endgroup::
