[2025-09-14T16:53:04.820+0000] {local_task_job_runner.py:123} INFO - ::group::Pre task execution logs
[2025-09-14T16:53:04.917+0000] {taskinstance.py:2612} INFO - Dependencies all met for dep_context=non-requeueable deps ti=<TaskInstance: currency_etl.transform scheduled__2025-09-13T16:00:00+00:00 [queued]>
[2025-09-14T16:53:04.936+0000] {taskinstance.py:2612} INFO - Dependencies all met for dep_context=requeueable deps ti=<TaskInstance: currency_etl.transform scheduled__2025-09-13T16:00:00+00:00 [queued]>
[2025-09-14T16:53:04.937+0000] {taskinstance.py:2865} INFO - Starting attempt 1 of 2
[2025-09-14T16:53:04.970+0000] {taskinstance.py:2888} INFO - Executing <Task(BashOperator): transform> on 2025-09-13 16:00:00+00:00
[2025-09-14T16:53:04.990+0000] {standard_task_runner.py:104} INFO - Running: ['***', 'tasks', 'run', 'currency_etl', 'transform', 'scheduled__2025-09-13T16:00:00+00:00', '--job-id', '269', '--raw', '--subdir', 'DAGS_FOLDER/currency_etl.py', '--cfg-path', '/tmp/tmppnhsmuaj']
[2025-09-14T16:53:04.996+0000] {logging_mixin.py:190} WARNING - /home/***/.local/lib/python3.12/site-packages/***/task/task_runner/standard_task_runner.py:70 DeprecationWarning: This process (pid=180) is multi-threaded, use of fork() may lead to deadlocks in the child.
[2025-09-14T16:53:04.998+0000] {standard_task_runner.py:105} INFO - Job 269: Subtask transform
[2025-09-14T16:53:04.999+0000] {standard_task_runner.py:72} INFO - Started process 181 to run task
[2025-09-14T16:53:05.327+0000] {task_command.py:467} INFO - Running <TaskInstance: currency_etl.transform scheduled__2025-09-13T16:00:00+00:00 [running]> on host 02c5a69eec0c
[2025-09-14T16:53:05.739+0000] {taskinstance.py:3131} INFO - Exporting env vars: AIRFLOW_CTX_DAG_OWNER='***' AIRFLOW_CTX_DAG_ID='currency_etl' AIRFLOW_CTX_TASK_ID='transform' AIRFLOW_CTX_EXECUTION_DATE='2025-09-13T16:00:00+00:00' AIRFLOW_CTX_TRY_NUMBER='1' AIRFLOW_CTX_DAG_RUN_ID='scheduled__2025-09-13T16:00:00+00:00'
[2025-09-14T16:53:05.741+0000] {taskinstance.py:731} INFO - ::endgroup::
[2025-09-14T16:53:05.771+0000] {subprocess.py:63} INFO - Tmp dir root location: /tmp
[2025-09-14T16:53:05.774+0000] {subprocess.py:75} INFO - Running command: ['/usr/bin/bash', '-c', 'python /opt/***/src/transform.py']
[2025-09-14T16:53:05.815+0000] {subprocess.py:86} INFO - Output:
[2025-09-14T16:53:08.298+0000] {subprocess.py:93} INFO - /opt/***/src/transform.py:39: DeprecationWarning: datetime.datetime.utcnow() is deprecated and scheduled for removal in a future version. Use timezone-aware objects to represent datetimes in UTC: datetime.datetime.now(datetime.UTC).
[2025-09-14T16:53:08.299+0000] {subprocess.py:93} INFO -   today = datetime.utcnow().strftime("%Y-%m-%d")
[2025-09-14T16:53:08.496+0000] {subprocess.py:93} INFO - + Processed data saved to /opt/***/data/processed/2025-09-14/data.parquet
[2025-09-14T16:53:08.645+0000] {subprocess.py:97} INFO - Command exited with return code 0
[2025-09-14T16:53:08.830+0000] {taskinstance.py:340} INFO - ::group::Post task execution logs
[2025-09-14T16:53:08.831+0000] {taskinstance.py:352} INFO - Marking task as SUCCESS. dag_id=currency_etl, task_id=transform, run_id=scheduled__2025-09-13T16:00:00+00:00, execution_date=20250913T160000, start_date=20250914T165304, end_date=20250914T165308
[2025-09-14T16:53:08.923+0000] {local_task_job_runner.py:266} INFO - Task exited with return code 0
[2025-09-14T16:53:09.048+0000] {taskinstance.py:3900} INFO - 1 downstream tasks scheduled from follow-on schedule check
[2025-09-14T16:53:09.053+0000] {local_task_job_runner.py:245} INFO - ::endgroup::
