[2025-09-14T09:40:56.134+0000] {local_task_job_runner.py:123} INFO - ::group::Pre task execution logs
[2025-09-14T09:40:56.201+0000] {taskinstance.py:2612} INFO - Dependencies all met for dep_context=non-requeueable deps ti=<TaskInstance: currency_etl.analyze manual__2025-09-14T09:40:40.918719+00:00 [queued]>
[2025-09-14T09:40:56.218+0000] {taskinstance.py:2612} INFO - Dependencies all met for dep_context=requeueable deps ti=<TaskInstance: currency_etl.analyze manual__2025-09-14T09:40:40.918719+00:00 [queued]>
[2025-09-14T09:40:56.219+0000] {taskinstance.py:2865} INFO - Starting attempt 1 of 2
[2025-09-14T09:40:56.245+0000] {taskinstance.py:2888} INFO - Executing <Task(BashOperator): analyze> on 2025-09-14 09:40:40.918719+00:00
[2025-09-14T09:40:56.262+0000] {standard_task_runner.py:104} INFO - Running: ['***', 'tasks', 'run', 'currency_etl', 'analyze', 'manual__2025-09-14T09:40:40.918719+00:00', '--job-id', '264', '--raw', '--subdir', 'DAGS_FOLDER/currency_etl.py', '--cfg-path', '/tmp/tmpv59kv8zv']
[2025-09-14T09:40:56.267+0000] {standard_task_runner.py:105} INFO - Job 264: Subtask analyze
[2025-09-14T09:40:56.267+0000] {logging_mixin.py:190} WARNING - /home/***/.local/lib/python3.12/site-packages/***/task/task_runner/standard_task_runner.py:70 DeprecationWarning: This process (pid=740) is multi-threaded, use of fork() may lead to deadlocks in the child.
[2025-09-14T09:40:56.268+0000] {standard_task_runner.py:72} INFO - Started process 741 to run task
[2025-09-14T09:40:56.453+0000] {task_command.py:467} INFO - Running <TaskInstance: currency_etl.analyze manual__2025-09-14T09:40:40.918719+00:00 [running]> on host 02c5a69eec0c
[2025-09-14T09:40:56.737+0000] {taskinstance.py:3131} INFO - Exporting env vars: AIRFLOW_CTX_DAG_OWNER='***' AIRFLOW_CTX_DAG_ID='currency_etl' AIRFLOW_CTX_TASK_ID='analyze' AIRFLOW_CTX_EXECUTION_DATE='2025-09-14T09:40:40.918719+00:00' AIRFLOW_CTX_TRY_NUMBER='1' AIRFLOW_CTX_DAG_RUN_ID='manual__2025-09-14T09:40:40.918719+00:00'
[2025-09-14T09:40:56.738+0000] {taskinstance.py:731} INFO - ::endgroup::
[2025-09-14T09:40:56.761+0000] {subprocess.py:63} INFO - Tmp dir root location: /tmp
[2025-09-14T09:40:56.764+0000] {subprocess.py:75} INFO - Running command: ['/usr/bin/bash', '-c', 'python /opt/***/src/analyze.py']
[2025-09-14T09:40:56.788+0000] {subprocess.py:86} INFO - Output:
[2025-09-14T09:40:58.865+0000] {subprocess.py:93} INFO - /opt/***/src/analyze.py:162: DeprecationWarning: datetime.datetime.utcnow() is deprecated and scheduled for removal in a future version. Use timezone-aware objects to represent datetimes in UTC: datetime.datetime.now(datetime.UTC).
[2025-09-14T09:40:58.866+0000] {subprocess.py:93} INFO -   today = datetime.utcnow().strftime("%Y-%m-%d")
[2025-09-14T09:40:58.903+0000] {subprocess.py:93} INFO - + Text report saved to /opt/***/data/reports/report_2025-09-14.txt
[2025-09-14T09:40:59.066+0000] {subprocess.py:97} INFO - Command exited with return code 0
[2025-09-14T09:40:59.207+0000] {taskinstance.py:340} INFO - ::group::Post task execution logs
[2025-09-14T09:40:59.209+0000] {taskinstance.py:352} INFO - Marking task as SUCCESS. dag_id=currency_etl, task_id=analyze, run_id=manual__2025-09-14T09:40:40.918719+00:00, execution_date=20250914T094040, start_date=20250914T094056, end_date=20250914T094059
[2025-09-14T09:40:59.259+0000] {local_task_job_runner.py:266} INFO - Task exited with return code 0
[2025-09-14T09:40:59.338+0000] {taskinstance.py:3900} INFO - 0 downstream tasks scheduled from follow-on schedule check
[2025-09-14T09:40:59.345+0000] {local_task_job_runner.py:245} INFO - ::endgroup::
