[2025-09-10T08:52:24.779+0000] {local_task_job_runner.py:123} INFO - ::group::Pre task execution logs
[2025-09-10T08:52:24.893+0000] {taskinstance.py:2612} INFO - Dependencies all met for dep_context=non-requeueable deps ti=<TaskInstance: currency_etl.load manual__2025-09-10T08:52:15.009349+00:00 [queued]>
[2025-09-10T08:52:24.918+0000] {taskinstance.py:2612} INFO - Dependencies all met for dep_context=requeueable deps ti=<TaskInstance: currency_etl.load manual__2025-09-10T08:52:15.009349+00:00 [queued]>
[2025-09-10T08:52:24.919+0000] {taskinstance.py:2865} INFO - Starting attempt 1 of 2
[2025-09-10T08:52:24.985+0000] {taskinstance.py:2888} INFO - Executing <Task(BashOperator): load> on 2025-09-10 08:52:15.009349+00:00
[2025-09-10T08:52:25.009+0000] {standard_task_runner.py:104} INFO - Running: ['***', 'tasks', 'run', 'currency_etl', 'load', 'manual__2025-09-10T08:52:15.009349+00:00', '--job-id', '119', '--raw', '--subdir', 'DAGS_FOLDER/currency_etl.py', '--cfg-path', '/tmp/tmp6wyrq65v']
[2025-09-10T08:52:25.016+0000] {standard_task_runner.py:105} INFO - Job 119: Subtask load
[2025-09-10T08:52:25.016+0000] {logging_mixin.py:190} WARNING - /home/***/.local/lib/python3.12/site-packages/***/task/task_runner/standard_task_runner.py:70 DeprecationWarning: This process (pid=269) is multi-threaded, use of fork() may lead to deadlocks in the child.
[2025-09-10T08:52:25.018+0000] {standard_task_runner.py:72} INFO - Started process 270 to run task
[2025-09-10T08:52:25.314+0000] {task_command.py:467} INFO - Running <TaskInstance: currency_etl.load manual__2025-09-10T08:52:15.009349+00:00 [running]> on host c132f747d056
[2025-09-10T08:52:25.763+0000] {taskinstance.py:3131} INFO - Exporting env vars: AIRFLOW_CTX_DAG_OWNER='***' AIRFLOW_CTX_DAG_ID='currency_etl' AIRFLOW_CTX_TASK_ID='load' AIRFLOW_CTX_EXECUTION_DATE='2025-09-10T08:52:15.009349+00:00' AIRFLOW_CTX_TRY_NUMBER='1' AIRFLOW_CTX_DAG_RUN_ID='manual__2025-09-10T08:52:15.009349+00:00'
[2025-09-10T08:52:25.765+0000] {taskinstance.py:731} INFO - ::endgroup::
[2025-09-10T08:52:25.797+0000] {subprocess.py:63} INFO - Tmp dir root location: /tmp
[2025-09-10T08:52:25.800+0000] {subprocess.py:75} INFO - Running command: ['/usr/bin/bash', '-c', 'python /opt/***/scripts/load.py']
[2025-09-10T08:52:25.827+0000] {subprocess.py:86} INFO - Output:
[2025-09-10T08:52:28.332+0000] {subprocess.py:93} INFO - Loaded to DB
[2025-09-10T08:52:28.496+0000] {subprocess.py:97} INFO - Command exited with return code 0
[2025-09-10T08:52:28.702+0000] {taskinstance.py:340} INFO - ::group::Post task execution logs
[2025-09-10T08:52:28.704+0000] {taskinstance.py:352} INFO - Marking task as SUCCESS. dag_id=currency_etl, task_id=load, run_id=manual__2025-09-10T08:52:15.009349+00:00, execution_date=20250910T085215, start_date=20250910T085224, end_date=20250910T085228
[2025-09-10T08:52:28.774+0000] {local_task_job_runner.py:266} INFO - Task exited with return code 0
[2025-09-10T08:52:28.904+0000] {taskinstance.py:3900} INFO - 1 downstream tasks scheduled from follow-on schedule check
[2025-09-10T08:52:28.928+0000] {local_task_job_runner.py:245} INFO - ::endgroup::
