[2025-09-10T08:51:45.255+0000] {local_task_job_runner.py:123} INFO - ::group::Pre task execution logs
[2025-09-10T08:51:45.370+0000] {taskinstance.py:2612} INFO - Dependencies all met for dep_context=non-requeueable deps ti=<TaskInstance: currency_etl.load manual__2025-09-10T08:51:32.903344+00:00 [queued]>
[2025-09-10T08:51:45.396+0000] {taskinstance.py:2612} INFO - Dependencies all met for dep_context=requeueable deps ti=<TaskInstance: currency_etl.load manual__2025-09-10T08:51:32.903344+00:00 [queued]>
[2025-09-10T08:51:45.397+0000] {taskinstance.py:2865} INFO - Starting attempt 1 of 2
[2025-09-10T08:51:45.431+0000] {taskinstance.py:2888} INFO - Executing <Task(BashOperator): load> on 2025-09-10 08:51:32.903344+00:00
[2025-09-10T08:51:45.451+0000] {standard_task_runner.py:104} INFO - Running: ['***', 'tasks', 'run', 'currency_etl', 'load', 'manual__2025-09-10T08:51:32.903344+00:00', '--job-id', '114', '--raw', '--subdir', 'DAGS_FOLDER/currency_etl.py', '--cfg-path', '/tmp/tmp_vvkc7xm']
[2025-09-10T08:51:45.457+0000] {logging_mixin.py:190} WARNING - /home/***/.local/lib/python3.12/site-packages/***/task/task_runner/standard_task_runner.py:70 DeprecationWarning: This process (pid=208) is multi-threaded, use of fork() may lead to deadlocks in the child.
[2025-09-10T08:51:45.458+0000] {standard_task_runner.py:105} INFO - Job 114: Subtask load
[2025-09-10T08:51:45.459+0000] {standard_task_runner.py:72} INFO - Started process 209 to run task
[2025-09-10T08:51:45.756+0000] {task_command.py:467} INFO - Running <TaskInstance: currency_etl.load manual__2025-09-10T08:51:32.903344+00:00 [running]> on host c132f747d056
[2025-09-10T08:51:46.194+0000] {taskinstance.py:3131} INFO - Exporting env vars: AIRFLOW_CTX_DAG_OWNER='***' AIRFLOW_CTX_DAG_ID='currency_etl' AIRFLOW_CTX_TASK_ID='load' AIRFLOW_CTX_EXECUTION_DATE='2025-09-10T08:51:32.903344+00:00' AIRFLOW_CTX_TRY_NUMBER='1' AIRFLOW_CTX_DAG_RUN_ID='manual__2025-09-10T08:51:32.903344+00:00'
[2025-09-10T08:51:46.196+0000] {taskinstance.py:731} INFO - ::endgroup::
[2025-09-10T08:51:46.225+0000] {subprocess.py:63} INFO - Tmp dir root location: /tmp
[2025-09-10T08:51:46.228+0000] {subprocess.py:75} INFO - Running command: ['/usr/bin/bash', '-c', 'python /opt/***/scripts/load.py']
[2025-09-10T08:51:46.270+0000] {subprocess.py:86} INFO - Output:
[2025-09-10T08:51:48.768+0000] {subprocess.py:93} INFO - Loaded to DB
[2025-09-10T08:51:48.942+0000] {subprocess.py:97} INFO - Command exited with return code 0
[2025-09-10T08:51:49.158+0000] {taskinstance.py:340} INFO - ::group::Post task execution logs
[2025-09-10T08:51:49.160+0000] {taskinstance.py:352} INFO - Marking task as SUCCESS. dag_id=currency_etl, task_id=load, run_id=manual__2025-09-10T08:51:32.903344+00:00, execution_date=20250910T085132, start_date=20250910T085145, end_date=20250910T085149
[2025-09-10T08:51:49.258+0000] {local_task_job_runner.py:266} INFO - Task exited with return code 0
[2025-09-10T08:51:49.388+0000] {taskinstance.py:3900} INFO - 1 downstream tasks scheduled from follow-on schedule check
[2025-09-10T08:51:49.413+0000] {local_task_job_runner.py:245} INFO - ::endgroup::
