[2025-09-09T15:31:32.869+0000] {local_task_job_runner.py:123} INFO - ::group::Pre task execution logs
[2025-09-09T15:31:32.980+0000] {taskinstance.py:2612} INFO - Dependencies all met for dep_context=non-requeueable deps ti=<TaskInstance: currency_etl.load manual__2025-09-09T15:31:21.445959+00:00 [queued]>
[2025-09-09T15:31:33.006+0000] {taskinstance.py:2612} INFO - Dependencies all met for dep_context=requeueable deps ti=<TaskInstance: currency_etl.load manual__2025-09-09T15:31:21.445959+00:00 [queued]>
[2025-09-09T15:31:33.007+0000] {taskinstance.py:2865} INFO - Starting attempt 1 of 2
[2025-09-09T15:31:33.047+0000] {taskinstance.py:2888} INFO - Executing <Task(BashOperator): load> on 2025-09-09 15:31:21.445959+00:00
[2025-09-09T15:31:33.072+0000] {standard_task_runner.py:104} INFO - Running: ['***', 'tasks', 'run', 'currency_etl', 'load', 'manual__2025-09-09T15:31:21.445959+00:00', '--job-id', '19', '--raw', '--subdir', 'DAGS_FOLDER/currency_etl.py', '--cfg-path', '/tmp/tmp_h0zxzy1']
[2025-09-09T15:31:33.079+0000] {standard_task_runner.py:105} INFO - Job 19: Subtask load
[2025-09-09T15:31:33.080+0000] {logging_mixin.py:190} WARNING - /home/***/.local/lib/python3.12/site-packages/***/task/task_runner/standard_task_runner.py:70 DeprecationWarning: This process (pid=198) is multi-threaded, use of fork() may lead to deadlocks in the child.
[2025-09-09T15:31:33.082+0000] {standard_task_runner.py:72} INFO - Started process 199 to run task
[2025-09-09T15:31:33.393+0000] {task_command.py:467} INFO - Running <TaskInstance: currency_etl.load manual__2025-09-09T15:31:21.445959+00:00 [running]> on host 0a8d8de33147
[2025-09-09T15:31:33.817+0000] {taskinstance.py:3131} INFO - Exporting env vars: AIRFLOW_CTX_DAG_OWNER='***' AIRFLOW_CTX_DAG_ID='currency_etl' AIRFLOW_CTX_TASK_ID='load' AIRFLOW_CTX_EXECUTION_DATE='2025-09-09T15:31:21.445959+00:00' AIRFLOW_CTX_TRY_NUMBER='1' AIRFLOW_CTX_DAG_RUN_ID='manual__2025-09-09T15:31:21.445959+00:00'
[2025-09-09T15:31:33.819+0000] {taskinstance.py:731} INFO - ::endgroup::
[2025-09-09T15:31:33.860+0000] {subprocess.py:63} INFO - Tmp dir root location: /tmp
[2025-09-09T15:31:33.863+0000] {subprocess.py:75} INFO - Running command: ['/usr/bin/bash', '-c', 'python /opt/***/scripts/load.py']
[2025-09-09T15:31:33.893+0000] {subprocess.py:86} INFO - Output:
[2025-09-09T15:31:37.373+0000] {subprocess.py:93} INFO - Loaded to DB
[2025-09-09T15:31:37.605+0000] {subprocess.py:97} INFO - Command exited with return code 0
[2025-09-09T15:31:37.825+0000] {taskinstance.py:340} INFO - ::group::Post task execution logs
[2025-09-09T15:31:37.827+0000] {taskinstance.py:352} INFO - Marking task as SUCCESS. dag_id=currency_etl, task_id=load, run_id=manual__2025-09-09T15:31:21.445959+00:00, execution_date=20250909T153121, start_date=20250909T153132, end_date=20250909T153137
[2025-09-09T15:31:37.932+0000] {local_task_job_runner.py:266} INFO - Task exited with return code 0
[2025-09-09T15:31:38.056+0000] {taskinstance.py:3900} INFO - 1 downstream tasks scheduled from follow-on schedule check
[2025-09-09T15:31:38.080+0000] {local_task_job_runner.py:245} INFO - ::endgroup::
[2025-09-09T15:31:38.088+0000] {standard_task_runner.py:217} INFO - Process not found (most likely exited), stop collecting metrics
