[2025-09-13T10:27:35.036+0000] {local_task_job_runner.py:123} INFO - ::group::Pre task execution logs
[2025-09-13T10:27:35.145+0000] {taskinstance.py:2612} INFO - Dependencies all met for dep_context=non-requeueable deps ti=<TaskInstance: currency_etl.transform manual__2025-09-13T10:27:29.902252+00:00 [queued]>
[2025-09-13T10:27:35.165+0000] {taskinstance.py:2612} INFO - Dependencies all met for dep_context=requeueable deps ti=<TaskInstance: currency_etl.transform manual__2025-09-13T10:27:29.902252+00:00 [queued]>
[2025-09-13T10:27:35.167+0000] {taskinstance.py:2865} INFO - Starting attempt 1 of 2
[2025-09-13T10:27:35.216+0000] {taskinstance.py:2888} INFO - Executing <Task(BashOperator): transform> on 2025-09-13 10:27:29.902252+00:00
[2025-09-13T10:27:35.237+0000] {standard_task_runner.py:104} INFO - Running: ['***', 'tasks', 'run', 'currency_etl', 'transform', 'manual__2025-09-13T10:27:29.902252+00:00', '--job-id', '238', '--raw', '--subdir', 'DAGS_FOLDER/currency_etl.py', '--cfg-path', '/tmp/tmpxp49leyn']
[2025-09-13T10:27:35.243+0000] {standard_task_runner.py:105} INFO - Job 238: Subtask transform
[2025-09-13T10:27:35.243+0000] {logging_mixin.py:190} WARNING - /home/***/.local/lib/python3.12/site-packages/***/task/task_runner/standard_task_runner.py:70 DeprecationWarning: This process (pid=1002) is multi-threaded, use of fork() may lead to deadlocks in the child.
[2025-09-13T10:27:35.245+0000] {standard_task_runner.py:72} INFO - Started process 1003 to run task
[2025-09-13T10:27:35.551+0000] {task_command.py:467} INFO - Running <TaskInstance: currency_etl.transform manual__2025-09-13T10:27:29.902252+00:00 [running]> on host 6eb00eb09733
[2025-09-13T10:27:36.011+0000] {taskinstance.py:3131} INFO - Exporting env vars: AIRFLOW_CTX_DAG_OWNER='***' AIRFLOW_CTX_DAG_ID='currency_etl' AIRFLOW_CTX_TASK_ID='transform' AIRFLOW_CTX_EXECUTION_DATE='2025-09-13T10:27:29.902252+00:00' AIRFLOW_CTX_TRY_NUMBER='1' AIRFLOW_CTX_DAG_RUN_ID='manual__2025-09-13T10:27:29.902252+00:00'
[2025-09-13T10:27:36.013+0000] {taskinstance.py:731} INFO - ::endgroup::
[2025-09-13T10:27:36.039+0000] {subprocess.py:63} INFO - Tmp dir root location: /tmp
[2025-09-13T10:27:36.043+0000] {subprocess.py:75} INFO - Running command: ['/usr/bin/bash', '-c', 'python /opt/***/scripts/transform.py']
[2025-09-13T10:27:36.068+0000] {subprocess.py:86} INFO - Output:
[2025-09-13T10:27:38.036+0000] {subprocess.py:93} INFO - /opt/***/scripts/transform.py:38: DeprecationWarning: datetime.datetime.utcnow() is deprecated and scheduled for removal in a future version. Use timezone-aware objects to represent datetimes in UTC: datetime.datetime.now(datetime.UTC).
[2025-09-13T10:27:38.037+0000] {subprocess.py:93} INFO -   today = datetime.utcnow().strftime("%Y-%m-%d")
[2025-09-13T10:27:38.171+0000] {subprocess.py:93} INFO - + Processed data saved to /opt/***/data/processed/2025-09-13/data.parquet
[2025-09-13T10:27:38.310+0000] {subprocess.py:97} INFO - Command exited with return code 0
[2025-09-13T10:27:38.523+0000] {taskinstance.py:340} INFO - ::group::Post task execution logs
[2025-09-13T10:27:38.525+0000] {taskinstance.py:352} INFO - Marking task as SUCCESS. dag_id=currency_etl, task_id=transform, run_id=manual__2025-09-13T10:27:29.902252+00:00, execution_date=20250913T102729, start_date=20250913T102735, end_date=20250913T102738
[2025-09-13T10:27:38.644+0000] {local_task_job_runner.py:266} INFO - Task exited with return code 0
[2025-09-13T10:27:38.780+0000] {taskinstance.py:3900} INFO - 1 downstream tasks scheduled from follow-on schedule check
[2025-09-13T10:27:38.805+0000] {local_task_job_runner.py:245} INFO - ::endgroup::
