[2025-09-12T19:06:10.554+0000] {local_task_job_runner.py:123} INFO - ::group::Pre task execution logs
[2025-09-12T19:06:10.658+0000] {taskinstance.py:2612} INFO - Dependencies all met for dep_context=non-requeueable deps ti=<TaskInstance: currency_etl.analyze scheduled__2025-09-11T16:00:00+00:00 [queued]>
[2025-09-12T19:06:10.679+0000] {taskinstance.py:2612} INFO - Dependencies all met for dep_context=requeueable deps ti=<TaskInstance: currency_etl.analyze scheduled__2025-09-11T16:00:00+00:00 [queued]>
[2025-09-12T19:06:10.681+0000] {taskinstance.py:2865} INFO - Starting attempt 1 of 2
[2025-09-12T19:06:10.719+0000] {taskinstance.py:2888} INFO - Executing <Task(PythonOperator): analyze> on 2025-09-11 16:00:00+00:00
[2025-09-12T19:06:10.744+0000] {standard_task_runner.py:104} INFO - Running: ['***', 'tasks', 'run', 'currency_etl', 'analyze', 'scheduled__2025-09-11T16:00:00+00:00', '--job-id', '203', '--raw', '--subdir', 'DAGS_FOLDER/currency_etl.py', '--cfg-path', '/tmp/tmpqfvbudp1']
[2025-09-12T19:06:10.752+0000] {standard_task_runner.py:105} INFO - Job 203: Subtask analyze
[2025-09-12T19:06:10.752+0000] {logging_mixin.py:190} WARNING - /home/***/.local/lib/python3.12/site-packages/***/task/task_runner/standard_task_runner.py:70 DeprecationWarning: This process (pid=15819) is multi-threaded, use of fork() may lead to deadlocks in the child.
[2025-09-12T19:06:10.754+0000] {standard_task_runner.py:72} INFO - Started process 15820 to run task
[2025-09-12T19:06:11.098+0000] {task_command.py:467} INFO - Running <TaskInstance: currency_etl.analyze scheduled__2025-09-11T16:00:00+00:00 [running]> on host b37bbfb35b9c
[2025-09-12T19:06:11.539+0000] {taskinstance.py:3131} INFO - Exporting env vars: AIRFLOW_CTX_DAG_OWNER='***' AIRFLOW_CTX_DAG_ID='currency_etl' AIRFLOW_CTX_TASK_ID='analyze' AIRFLOW_CTX_EXECUTION_DATE='2025-09-11T16:00:00+00:00' AIRFLOW_CTX_TRY_NUMBER='1' AIRFLOW_CTX_DAG_RUN_ID='scheduled__2025-09-11T16:00:00+00:00'
[2025-09-12T19:06:11.543+0000] {taskinstance.py:731} INFO - ::endgroup::
[2025-09-12T19:06:17.101+0000] {logging_mixin.py:190} INFO - Saved forecast for USD to /opt/***/dags/output/forecast_USD.png
[2025-09-12T19:06:17.420+0000] {logging_mixin.py:190} INFO - Saved forecast for EUR to /opt/***/dags/output/forecast_EUR.png
[2025-09-12T19:06:17.423+0000] {python.py:240} INFO - Done. Returned value was: None
[2025-09-12T19:06:17.522+0000] {taskinstance.py:340} INFO - ::group::Post task execution logs
[2025-09-12T19:06:17.524+0000] {taskinstance.py:352} INFO - Marking task as SUCCESS. dag_id=currency_etl, task_id=analyze, run_id=scheduled__2025-09-11T16:00:00+00:00, execution_date=20250911T160000, start_date=20250912T190610, end_date=20250912T190617
[2025-09-12T19:06:17.659+0000] {local_task_job_runner.py:266} INFO - Task exited with return code 0
[2025-09-12T19:06:17.769+0000] {taskinstance.py:3900} INFO - 1 downstream tasks scheduled from follow-on schedule check
[2025-09-12T19:06:17.774+0000] {local_task_job_runner.py:245} INFO - ::endgroup::
