[2025-09-12T19:10:12.578+0000] {local_task_job_runner.py:123} INFO - ::group::Pre task execution logs
[2025-09-12T19:10:12.687+0000] {taskinstance.py:2612} INFO - Dependencies all met for dep_context=non-requeueable deps ti=<TaskInstance: currency_etl.load scheduled__2025-09-11T16:00:00+00:00 [queued]>
[2025-09-12T19:10:12.710+0000] {taskinstance.py:2612} INFO - Dependencies all met for dep_context=requeueable deps ti=<TaskInstance: currency_etl.load scheduled__2025-09-11T16:00:00+00:00 [queued]>
[2025-09-12T19:10:12.712+0000] {taskinstance.py:2865} INFO - Starting attempt 2 of 3
[2025-09-12T19:10:12.747+0000] {taskinstance.py:2888} INFO - Executing <Task(BashOperator): load> on 2025-09-11 16:00:00+00:00
[2025-09-12T19:10:12.770+0000] {standard_task_runner.py:104} INFO - Running: ['***', 'tasks', 'run', 'currency_etl', 'load', 'scheduled__2025-09-11T16:00:00+00:00', '--job-id', '207', '--raw', '--subdir', 'DAGS_FOLDER/currency_etl.py', '--cfg-path', '/tmp/tmplmg0bfqw']
[2025-09-12T19:10:12.781+0000] {standard_task_runner.py:105} INFO - Job 207: Subtask load
[2025-09-12T19:10:12.784+0000] {logging_mixin.py:190} WARNING - /home/***/.local/lib/python3.12/site-packages/***/task/task_runner/standard_task_runner.py:70 DeprecationWarning: This process (pid=15897) is multi-threaded, use of fork() may lead to deadlocks in the child.
[2025-09-12T19:10:12.787+0000] {standard_task_runner.py:72} INFO - Started process 15898 to run task
[2025-09-12T19:10:13.111+0000] {task_command.py:467} INFO - Running <TaskInstance: currency_etl.load scheduled__2025-09-11T16:00:00+00:00 [running]> on host b37bbfb35b9c
[2025-09-12T19:10:13.578+0000] {taskinstance.py:3131} INFO - Exporting env vars: AIRFLOW_CTX_DAG_OWNER='***' AIRFLOW_CTX_DAG_ID='currency_etl' AIRFLOW_CTX_TASK_ID='load' AIRFLOW_CTX_EXECUTION_DATE='2025-09-11T16:00:00+00:00' AIRFLOW_CTX_TRY_NUMBER='2' AIRFLOW_CTX_DAG_RUN_ID='scheduled__2025-09-11T16:00:00+00:00'
[2025-09-12T19:10:13.580+0000] {taskinstance.py:731} INFO - ::endgroup::
[2025-09-12T19:10:13.608+0000] {subprocess.py:63} INFO - Tmp dir root location: /tmp
[2025-09-12T19:10:13.612+0000] {subprocess.py:75} INFO - Running command: ['/usr/bin/bash', '-c', 'python /opt/***/scripts/load.py']
[2025-09-12T19:10:13.643+0000] {subprocess.py:86} INFO - Output:
[2025-09-12T19:10:17.227+0000] {subprocess.py:93} INFO - Using file: /opt/***/data/clean/clean_20250912_191010.csv
[2025-09-12T19:10:17.229+0000] {subprocess.py:93} INFO - DB_URL = postgresql+psycopg2://***:***@postgres/***
[2025-09-12T19:10:17.230+0000] {subprocess.py:93} INFO -     cc     rate        txt exchangedate  rate_per_100
[2025-09-12T19:10:17.231+0000] {subprocess.py:93} INFO - 0  USD  41.2838  Долар США   2025-09-15       4128.38
[2025-09-12T19:10:17.232+0000] {subprocess.py:93} INFO - 1  EUR  48.3929       Євро   2025-09-15       4839.29
[2025-09-12T19:10:17.233+0000] {subprocess.py:93} INFO - Loaded to DB
[2025-09-12T19:10:17.664+0000] {subprocess.py:97} INFO - Command exited with return code 0
[2025-09-12T19:10:17.949+0000] {taskinstance.py:340} INFO - ::group::Post task execution logs
[2025-09-12T19:10:17.951+0000] {taskinstance.py:352} INFO - Marking task as SUCCESS. dag_id=currency_etl, task_id=load, run_id=scheduled__2025-09-11T16:00:00+00:00, execution_date=20250911T160000, start_date=20250912T191012, end_date=20250912T191017
[2025-09-12T19:10:18.037+0000] {local_task_job_runner.py:266} INFO - Task exited with return code 0
[2025-09-12T19:10:18.147+0000] {taskinstance.py:3900} INFO - 1 downstream tasks scheduled from follow-on schedule check
[2025-09-12T19:10:18.152+0000] {local_task_job_runner.py:245} INFO - ::endgroup::
