[2025-09-10T07:15:29.066+0000] {local_task_job_runner.py:123} INFO - ::group::Pre task execution logs
[2025-09-10T07:15:29.173+0000] {taskinstance.py:2612} INFO - Dependencies all met for dep_context=non-requeueable deps ti=<TaskInstance: currency_etl.load manual__2025-09-10T07:15:17.892836+00:00 [queued]>
[2025-09-10T07:15:29.195+0000] {taskinstance.py:2612} INFO - Dependencies all met for dep_context=requeueable deps ti=<TaskInstance: currency_etl.load manual__2025-09-10T07:15:17.892836+00:00 [queued]>
[2025-09-10T07:15:29.196+0000] {taskinstance.py:2865} INFO - Starting attempt 1 of 2
[2025-09-10T07:15:29.229+0000] {taskinstance.py:2888} INFO - Executing <Task(BashOperator): load> on 2025-09-10 07:15:17.892836+00:00
[2025-09-10T07:15:29.249+0000] {standard_task_runner.py:104} INFO - Running: ['***', 'tasks', 'run', 'currency_etl', 'load', 'manual__2025-09-10T07:15:17.892836+00:00', '--job-id', '83', '--raw', '--subdir', 'DAGS_FOLDER/currency_etl.py', '--cfg-path', '/tmp/tmpdf09undz']
[2025-09-10T07:15:29.255+0000] {standard_task_runner.py:105} INFO - Job 83: Subtask load
[2025-09-10T07:15:29.255+0000] {logging_mixin.py:190} WARNING - /home/***/.local/lib/python3.12/site-packages/***/task/task_runner/standard_task_runner.py:70 DeprecationWarning: This process (pid=198) is multi-threaded, use of fork() may lead to deadlocks in the child.
[2025-09-10T07:15:29.257+0000] {standard_task_runner.py:72} INFO - Started process 199 to run task
[2025-09-10T07:15:29.562+0000] {task_command.py:467} INFO - Running <TaskInstance: currency_etl.load manual__2025-09-10T07:15:17.892836+00:00 [running]> on host ca205b62dabb
[2025-09-10T07:15:30.001+0000] {taskinstance.py:3131} INFO - Exporting env vars: AIRFLOW_CTX_DAG_OWNER='***' AIRFLOW_CTX_DAG_ID='currency_etl' AIRFLOW_CTX_TASK_ID='load' AIRFLOW_CTX_EXECUTION_DATE='2025-09-10T07:15:17.892836+00:00' AIRFLOW_CTX_TRY_NUMBER='1' AIRFLOW_CTX_DAG_RUN_ID='manual__2025-09-10T07:15:17.892836+00:00'
[2025-09-10T07:15:30.002+0000] {taskinstance.py:731} INFO - ::endgroup::
[2025-09-10T07:15:30.028+0000] {subprocess.py:63} INFO - Tmp dir root location: /tmp
[2025-09-10T07:15:30.031+0000] {subprocess.py:75} INFO - Running command: ['/usr/bin/bash', '-c', 'python /opt/***/scripts/load.py']
[2025-09-10T07:15:30.056+0000] {subprocess.py:86} INFO - Output:
[2025-09-10T07:15:32.551+0000] {subprocess.py:93} INFO - Loaded to DB
[2025-09-10T07:15:32.724+0000] {subprocess.py:97} INFO - Command exited with return code 0
[2025-09-10T07:15:32.943+0000] {taskinstance.py:340} INFO - ::group::Post task execution logs
[2025-09-10T07:15:32.945+0000] {taskinstance.py:352} INFO - Marking task as SUCCESS. dag_id=currency_etl, task_id=load, run_id=manual__2025-09-10T07:15:17.892836+00:00, execution_date=20250910T071517, start_date=20250910T071529, end_date=20250910T071532
[2025-09-10T07:15:33.055+0000] {local_task_job_runner.py:266} INFO - Task exited with return code 0
[2025-09-10T07:15:33.178+0000] {taskinstance.py:3900} INFO - 1 downstream tasks scheduled from follow-on schedule check
[2025-09-10T07:15:33.184+0000] {local_task_job_runner.py:245} INFO - ::endgroup::
