[2025-09-09T15:13:38.019+0000] {local_task_job_runner.py:123} INFO - ::group::Pre task execution logs
[2025-09-09T15:13:38.134+0000] {taskinstance.py:2612} INFO - Dependencies all met for dep_context=non-requeueable deps ti=<TaskInstance: currency_etl.extract manual__2025-09-09T15:13:36.555333+00:00 [queued]>
[2025-09-09T15:13:38.158+0000] {taskinstance.py:2612} INFO - Dependencies all met for dep_context=requeueable deps ti=<TaskInstance: currency_etl.extract manual__2025-09-09T15:13:36.555333+00:00 [queued]>
[2025-09-09T15:13:38.160+0000] {taskinstance.py:2865} INFO - Starting attempt 1 of 2
[2025-09-09T15:13:38.211+0000] {taskinstance.py:2888} INFO - Executing <Task(BashOperator): extract> on 2025-09-09 15:13:36.555333+00:00
[2025-09-09T15:13:38.237+0000] {standard_task_runner.py:104} INFO - Running: ['***', 'tasks', 'run', 'currency_etl', 'extract', 'manual__2025-09-09T15:13:36.555333+00:00', '--job-id', '9', '--raw', '--subdir', 'DAGS_FOLDER/currency_etl.py', '--cfg-path', '/tmp/tmpy3f_ed_7']
[2025-09-09T15:13:38.247+0000] {standard_task_runner.py:105} INFO - Job 9: Subtask extract
[2025-09-09T15:13:38.250+0000] {logging_mixin.py:190} WARNING - /home/***/.local/lib/python3.12/site-packages/***/task/task_runner/standard_task_runner.py:70 DeprecationWarning: This process (pid=195) is multi-threaded, use of fork() may lead to deadlocks in the child.
[2025-09-09T15:13:38.253+0000] {standard_task_runner.py:72} INFO - Started process 196 to run task
[2025-09-09T15:13:38.581+0000] {task_command.py:467} INFO - Running <TaskInstance: currency_etl.extract manual__2025-09-09T15:13:36.555333+00:00 [running]> on host faea9c4e3492
[2025-09-09T15:13:39.041+0000] {taskinstance.py:3131} INFO - Exporting env vars: AIRFLOW_CTX_DAG_OWNER='***' AIRFLOW_CTX_DAG_ID='currency_etl' AIRFLOW_CTX_TASK_ID='extract' AIRFLOW_CTX_EXECUTION_DATE='2025-09-09T15:13:36.555333+00:00' AIRFLOW_CTX_TRY_NUMBER='1' AIRFLOW_CTX_DAG_RUN_ID='manual__2025-09-09T15:13:36.555333+00:00'
[2025-09-09T15:13:39.043+0000] {taskinstance.py:731} INFO - ::endgroup::
[2025-09-09T15:13:39.113+0000] {subprocess.py:63} INFO - Tmp dir root location: /tmp
[2025-09-09T15:13:39.117+0000] {subprocess.py:75} INFO - Running command: ['/usr/bin/bash', '-c', 'python /opt/***/scripts/extract.py']
[2025-09-09T15:13:39.147+0000] {subprocess.py:86} INFO - Output:
[2025-09-09T15:13:40.631+0000] {subprocess.py:93} INFO - /opt/***/scripts/extract.py:20: DeprecationWarning: datetime.datetime.utcnow() is deprecated and scheduled for removal in a future version. Use timezone-aware objects to represent datetimes in UTC: datetime.datetime.now(datetime.UTC).
[2025-09-09T15:13:40.632+0000] {subprocess.py:93} INFO -   fname = RAW_DIR / f"exchange_{datetime.utcnow().strftime('%Y%m%d_%H%M%S')}.json"
[2025-09-09T15:13:40.637+0000] {subprocess.py:93} INFO - Saved raw to /opt/***/data/raw/exchange_20250909_151340.json
[2025-09-09T15:13:40.685+0000] {subprocess.py:97} INFO - Command exited with return code 0
[2025-09-09T15:13:40.908+0000] {taskinstance.py:340} INFO - ::group::Post task execution logs
[2025-09-09T15:13:40.910+0000] {taskinstance.py:352} INFO - Marking task as SUCCESS. dag_id=currency_etl, task_id=extract, run_id=manual__2025-09-09T15:13:36.555333+00:00, execution_date=20250909T151336, start_date=20250909T151338, end_date=20250909T151340
[2025-09-09T15:13:40.969+0000] {local_task_job_runner.py:266} INFO - Task exited with return code 0
[2025-09-09T15:13:41.101+0000] {taskinstance.py:3900} INFO - 1 downstream tasks scheduled from follow-on schedule check
[2025-09-09T15:13:41.124+0000] {local_task_job_runner.py:245} INFO - ::endgroup::
