[2025-09-11T18:37:30.872+0000] {local_task_job_runner.py:123} INFO - ::group::Pre task execution logs
[2025-09-11T18:37:30.986+0000] {taskinstance.py:2612} INFO - Dependencies all met for dep_context=non-requeueable deps ti=<TaskInstance: currency_etl.transform manual__2025-09-11T18:37:25.221360+00:00 [queued]>
[2025-09-11T18:37:31.007+0000] {taskinstance.py:2612} INFO - Dependencies all met for dep_context=requeueable deps ti=<TaskInstance: currency_etl.transform manual__2025-09-11T18:37:25.221360+00:00 [queued]>
[2025-09-11T18:37:31.008+0000] {taskinstance.py:2865} INFO - Starting attempt 1 of 2
[2025-09-11T18:37:31.050+0000] {taskinstance.py:2888} INFO - Executing <Task(BashOperator): transform> on 2025-09-11 18:37:25.221360+00:00
[2025-09-11T18:37:31.079+0000] {standard_task_runner.py:104} INFO - Running: ['***', 'tasks', 'run', 'currency_etl', 'transform', 'manual__2025-09-11T18:37:25.221360+00:00', '--job-id', '192', '--raw', '--subdir', 'DAGS_FOLDER/currency_etl.py', '--cfg-path', '/tmp/tmp7w26ovzs']
[2025-09-11T18:37:31.087+0000] {logging_mixin.py:190} WARNING - /home/***/.local/lib/python3.12/site-packages/***/task/task_runner/standard_task_runner.py:70 DeprecationWarning: This process (pid=10133) is multi-threaded, use of fork() may lead to deadlocks in the child.
[2025-09-11T18:37:31.090+0000] {standard_task_runner.py:105} INFO - Job 192: Subtask transform
[2025-09-11T18:37:31.091+0000] {standard_task_runner.py:72} INFO - Started process 10134 to run task
[2025-09-11T18:37:31.406+0000] {task_command.py:467} INFO - Running <TaskInstance: currency_etl.transform manual__2025-09-11T18:37:25.221360+00:00 [running]> on host b37bbfb35b9c
[2025-09-11T18:37:32.294+0000] {taskinstance.py:3131} INFO - Exporting env vars: AIRFLOW_CTX_DAG_OWNER='***' AIRFLOW_CTX_DAG_ID='currency_etl' AIRFLOW_CTX_TASK_ID='transform' AIRFLOW_CTX_EXECUTION_DATE='2025-09-11T18:37:25.221360+00:00' AIRFLOW_CTX_TRY_NUMBER='1' AIRFLOW_CTX_DAG_RUN_ID='manual__2025-09-11T18:37:25.221360+00:00'
[2025-09-11T18:37:32.296+0000] {taskinstance.py:731} INFO - ::endgroup::
[2025-09-11T18:37:32.337+0000] {subprocess.py:63} INFO - Tmp dir root location: /tmp
[2025-09-11T18:37:32.342+0000] {subprocess.py:75} INFO - Running command: ['/usr/bin/bash', '-c', 'python /opt/***/scripts/transform.py']
[2025-09-11T18:37:32.388+0000] {subprocess.py:86} INFO - Output:
[2025-09-11T18:37:34.229+0000] {subprocess.py:93} INFO - /opt/***/scripts/transform.py:36: DeprecationWarning: datetime.datetime.utcnow() is deprecated and scheduled for removal in a future version. Use timezone-aware objects to represent datetimes in UTC: datetime.datetime.now(datetime.UTC).
[2025-09-11T18:37:34.231+0000] {subprocess.py:93} INFO -   out_fname = CLEAN_DIR / f"clean_{datetime.utcnow().strftime('%Y%m%d_%H%M%S')}.csv"
[2025-09-11T18:37:34.243+0000] {subprocess.py:93} INFO - Clean data saved to /opt/***/data/clean/clean_20250911_183734.csv
[2025-09-11T18:37:34.364+0000] {subprocess.py:97} INFO - Command exited with return code 0
[2025-09-11T18:37:34.584+0000] {taskinstance.py:340} INFO - ::group::Post task execution logs
[2025-09-11T18:37:34.585+0000] {taskinstance.py:352} INFO - Marking task as SUCCESS. dag_id=currency_etl, task_id=transform, run_id=manual__2025-09-11T18:37:25.221360+00:00, execution_date=20250911T183725, start_date=20250911T183730, end_date=20250911T183734
[2025-09-11T18:37:34.661+0000] {local_task_job_runner.py:266} INFO - Task exited with return code 0
[2025-09-11T18:37:34.792+0000] {taskinstance.py:3900} INFO - 1 downstream tasks scheduled from follow-on schedule check
[2025-09-11T18:37:34.798+0000] {local_task_job_runner.py:245} INFO - ::endgroup::
