[2025-09-10T08:52:16.727+0000] {local_task_job_runner.py:123} INFO - ::group::Pre task execution logs
[2025-09-10T08:52:16.829+0000] {taskinstance.py:2612} INFO - Dependencies all met for dep_context=non-requeueable deps ti=<TaskInstance: currency_etl.extract manual__2025-09-10T08:52:15.009349+00:00 [queued]>
[2025-09-10T08:52:16.849+0000] {taskinstance.py:2612} INFO - Dependencies all met for dep_context=requeueable deps ti=<TaskInstance: currency_etl.extract manual__2025-09-10T08:52:15.009349+00:00 [queued]>
[2025-09-10T08:52:16.850+0000] {taskinstance.py:2865} INFO - Starting attempt 1 of 2
[2025-09-10T08:52:16.905+0000] {taskinstance.py:2888} INFO - Executing <Task(BashOperator): extract> on 2025-09-10 08:52:15.009349+00:00
[2025-09-10T08:52:16.926+0000] {standard_task_runner.py:104} INFO - Running: ['***', 'tasks', 'run', 'currency_etl', 'extract', 'manual__2025-09-10T08:52:15.009349+00:00', '--job-id', '117', '--raw', '--subdir', 'DAGS_FOLDER/currency_etl.py', '--cfg-path', '/tmp/tmpy1jt_7i8']
[2025-09-10T08:52:16.933+0000] {standard_task_runner.py:105} INFO - Job 117: Subtask extract
[2025-09-10T08:52:16.932+0000] {logging_mixin.py:190} WARNING - /home/***/.local/lib/python3.12/site-packages/***/task/task_runner/standard_task_runner.py:70 DeprecationWarning: This process (pid=249) is multi-threaded, use of fork() may lead to deadlocks in the child.
[2025-09-10T08:52:16.935+0000] {standard_task_runner.py:72} INFO - Started process 250 to run task
[2025-09-10T08:52:17.242+0000] {task_command.py:467} INFO - Running <TaskInstance: currency_etl.extract manual__2025-09-10T08:52:15.009349+00:00 [running]> on host c132f747d056
[2025-09-10T08:52:17.697+0000] {taskinstance.py:3131} INFO - Exporting env vars: AIRFLOW_CTX_DAG_OWNER='***' AIRFLOW_CTX_DAG_ID='currency_etl' AIRFLOW_CTX_TASK_ID='extract' AIRFLOW_CTX_EXECUTION_DATE='2025-09-10T08:52:15.009349+00:00' AIRFLOW_CTX_TRY_NUMBER='1' AIRFLOW_CTX_DAG_RUN_ID='manual__2025-09-10T08:52:15.009349+00:00'
[2025-09-10T08:52:17.699+0000] {taskinstance.py:731} INFO - ::endgroup::
[2025-09-10T08:52:17.743+0000] {subprocess.py:63} INFO - Tmp dir root location: /tmp
[2025-09-10T08:52:17.746+0000] {subprocess.py:75} INFO - Running command: ['/usr/bin/bash', '-c', 'python /opt/***/scripts/extract.py']
[2025-09-10T08:52:17.773+0000] {subprocess.py:86} INFO - Output:
[2025-09-10T08:52:19.362+0000] {subprocess.py:93} INFO - /opt/***/scripts/extract.py:20: DeprecationWarning: datetime.datetime.utcnow() is deprecated and scheduled for removal in a future version. Use timezone-aware objects to represent datetimes in UTC: datetime.datetime.now(datetime.UTC).
[2025-09-10T08:52:19.364+0000] {subprocess.py:93} INFO -   fname = RAW_DIR / f"exchange_{datetime.utcnow().strftime('%Y%m%d_%H%M%S')}.json"
[2025-09-10T08:52:19.369+0000] {subprocess.py:93} INFO - Saved raw to /opt/***/data/raw/exchange_20250910_085219.json
[2025-09-10T08:52:19.414+0000] {subprocess.py:97} INFO - Command exited with return code 0
[2025-09-10T08:52:19.640+0000] {taskinstance.py:340} INFO - ::group::Post task execution logs
[2025-09-10T08:52:19.641+0000] {taskinstance.py:352} INFO - Marking task as SUCCESS. dag_id=currency_etl, task_id=extract, run_id=manual__2025-09-10T08:52:15.009349+00:00, execution_date=20250910T085215, start_date=20250910T085216, end_date=20250910T085219
[2025-09-10T08:52:19.731+0000] {local_task_job_runner.py:266} INFO - Task exited with return code 0
[2025-09-10T08:52:19.864+0000] {taskinstance.py:3900} INFO - 1 downstream tasks scheduled from follow-on schedule check
[2025-09-10T08:52:19.870+0000] {local_task_job_runner.py:245} INFO - ::endgroup::
