[2025-09-14T16:53:00.085+0000] {local_task_job_runner.py:123} INFO - ::group::Pre task execution logs
[2025-09-14T16:53:00.185+0000] {taskinstance.py:2612} INFO - Dependencies all met for dep_context=non-requeueable deps ti=<TaskInstance: currency_etl.extract scheduled__2025-09-13T16:00:00+00:00 [queued]>
[2025-09-14T16:53:00.207+0000] {taskinstance.py:2612} INFO - Dependencies all met for dep_context=requeueable deps ti=<TaskInstance: currency_etl.extract scheduled__2025-09-13T16:00:00+00:00 [queued]>
[2025-09-14T16:53:00.209+0000] {taskinstance.py:2865} INFO - Starting attempt 2 of 2
[2025-09-14T16:53:00.251+0000] {taskinstance.py:2888} INFO - Executing <Task(BashOperator): extract> on 2025-09-13 16:00:00+00:00
[2025-09-14T16:53:00.273+0000] {standard_task_runner.py:104} INFO - Running: ['***', 'tasks', 'run', 'currency_etl', 'extract', 'scheduled__2025-09-13T16:00:00+00:00', '--job-id', '268', '--raw', '--subdir', 'DAGS_FOLDER/currency_etl.py', '--cfg-path', '/tmp/tmploxsdtbw']
[2025-09-14T16:53:00.279+0000] {standard_task_runner.py:105} INFO - Job 268: Subtask extract
[2025-09-14T16:53:00.281+0000] {logging_mixin.py:190} WARNING - /home/***/.local/lib/python3.12/site-packages/***/task/task_runner/standard_task_runner.py:70 DeprecationWarning: This process (pid=174) is multi-threaded, use of fork() may lead to deadlocks in the child.
[2025-09-14T16:53:00.283+0000] {standard_task_runner.py:72} INFO - Started process 177 to run task
[2025-09-14T16:53:01.630+0000] {task_command.py:467} INFO - Running <TaskInstance: currency_etl.extract scheduled__2025-09-13T16:00:00+00:00 [running]> on host 02c5a69eec0c
[2025-09-14T16:53:02.151+0000] {taskinstance.py:3131} INFO - Exporting env vars: AIRFLOW_CTX_DAG_OWNER='***' AIRFLOW_CTX_DAG_ID='currency_etl' AIRFLOW_CTX_TASK_ID='extract' AIRFLOW_CTX_EXECUTION_DATE='2025-09-13T16:00:00+00:00' AIRFLOW_CTX_TRY_NUMBER='2' AIRFLOW_CTX_DAG_RUN_ID='scheduled__2025-09-13T16:00:00+00:00'
[2025-09-14T16:53:02.153+0000] {taskinstance.py:731} INFO - ::endgroup::
[2025-09-14T16:53:02.192+0000] {subprocess.py:63} INFO - Tmp dir root location: /tmp
[2025-09-14T16:53:02.195+0000] {subprocess.py:75} INFO - Running command: ['/usr/bin/bash', '-c', 'python /opt/***/src/extract.py']
[2025-09-14T16:53:02.221+0000] {subprocess.py:86} INFO - Output:
[2025-09-14T16:53:03.762+0000] {subprocess.py:93} INFO - /opt/***/src/extract.py:22: DeprecationWarning: datetime.datetime.utcnow() is deprecated and scheduled for removal in a future version. Use timezone-aware objects to represent datetimes in UTC: datetime.datetime.now(datetime.UTC).
[2025-09-14T16:53:03.763+0000] {subprocess.py:93} INFO -   today = datetime.utcnow().strftime("%Y-%m-%d")
[2025-09-14T16:53:03.775+0000] {subprocess.py:93} INFO - + Saved raw to /opt/***/data/raw/2025-09-14/response.json
[2025-09-14T16:53:03.818+0000] {subprocess.py:97} INFO - Command exited with return code 0
[2025-09-14T16:53:04.009+0000] {taskinstance.py:340} INFO - ::group::Post task execution logs
[2025-09-14T16:53:04.010+0000] {taskinstance.py:352} INFO - Marking task as SUCCESS. dag_id=currency_etl, task_id=extract, run_id=scheduled__2025-09-13T16:00:00+00:00, execution_date=20250913T160000, start_date=20250914T165300, end_date=20250914T165304
[2025-09-14T16:53:04.069+0000] {local_task_job_runner.py:266} INFO - Task exited with return code 0
[2025-09-14T16:53:04.174+0000] {local_task_job_runner.py:245} INFO - ::endgroup::
