[2025-09-13T09:42:01.402+0000] {local_task_job_runner.py:123} INFO - ::group::Pre task execution logs
[2025-09-13T09:42:01.470+0000] {taskinstance.py:2612} INFO - Dependencies all met for dep_context=non-requeueable deps ti=<TaskInstance: currency_etl.analyze manual__2025-09-13T09:41:44.935990+00:00 [queued]>
[2025-09-13T09:42:01.487+0000] {taskinstance.py:2612} INFO - Dependencies all met for dep_context=requeueable deps ti=<TaskInstance: currency_etl.analyze manual__2025-09-13T09:41:44.935990+00:00 [queued]>
[2025-09-13T09:42:01.488+0000] {taskinstance.py:2865} INFO - Starting attempt 1 of 2
[2025-09-13T09:42:01.513+0000] {taskinstance.py:2888} INFO - Executing <Task(BashOperator): analyze> on 2025-09-13 09:41:44.935990+00:00
[2025-09-13T09:42:01.530+0000] {standard_task_runner.py:104} INFO - Running: ['***', 'tasks', 'run', 'currency_etl', 'analyze', 'manual__2025-09-13T09:41:44.935990+00:00', '--job-id', '214', '--raw', '--subdir', 'DAGS_FOLDER/currency_etl.py', '--cfg-path', '/tmp/tmpxk6jnjtw']
[2025-09-13T09:42:01.535+0000] {standard_task_runner.py:105} INFO - Job 214: Subtask analyze
[2025-09-13T09:42:01.535+0000] {logging_mixin.py:190} WARNING - /home/***/.local/lib/python3.12/site-packages/***/task/task_runner/standard_task_runner.py:70 DeprecationWarning: This process (pid=235) is multi-threaded, use of fork() may lead to deadlocks in the child.
[2025-09-13T09:42:01.536+0000] {standard_task_runner.py:72} INFO - Started process 236 to run task
[2025-09-13T09:42:01.729+0000] {task_command.py:467} INFO - Running <TaskInstance: currency_etl.analyze manual__2025-09-13T09:41:44.935990+00:00 [running]> on host 6eb00eb09733
[2025-09-13T09:42:02.014+0000] {taskinstance.py:3131} INFO - Exporting env vars: AIRFLOW_CTX_DAG_OWNER='***' AIRFLOW_CTX_DAG_ID='currency_etl' AIRFLOW_CTX_TASK_ID='analyze' AIRFLOW_CTX_EXECUTION_DATE='2025-09-13T09:41:44.935990+00:00' AIRFLOW_CTX_TRY_NUMBER='1' AIRFLOW_CTX_DAG_RUN_ID='manual__2025-09-13T09:41:44.935990+00:00'
[2025-09-13T09:42:02.016+0000] {taskinstance.py:731} INFO - ::endgroup::
[2025-09-13T09:42:02.039+0000] {subprocess.py:63} INFO - Tmp dir root location: /tmp
[2025-09-13T09:42:02.048+0000] {subprocess.py:75} INFO - Running command: ['/usr/bin/bash', '-c', 'python /opt/***/scripts/analyze.py']
[2025-09-13T09:42:02.072+0000] {subprocess.py:86} INFO - Output:
[2025-09-13T09:42:04.314+0000] {subprocess.py:93} INFO - /opt/***/scripts/analyze.py:55: DeprecationWarning: datetime.datetime.utcnow() is deprecated and scheduled for removal in a future version. Use timezone-aware objects to represent datetimes in UTC: datetime.datetime.now(datetime.UTC).
[2025-09-13T09:42:04.315+0000] {subprocess.py:93} INFO -   today = datetime.utcnow().strftime("%Y-%m-%d")
[2025-09-13T09:42:04.358+0000] {subprocess.py:93} INFO - ✅ Reports saved to /opt/***/data/reports
[2025-09-13T09:42:04.606+0000] {subprocess.py:97} INFO - Command exited with return code 0
[2025-09-13T09:42:04.839+0000] {taskinstance.py:340} INFO - ::group::Post task execution logs
[2025-09-13T09:42:04.840+0000] {taskinstance.py:352} INFO - Marking task as SUCCESS. dag_id=currency_etl, task_id=analyze, run_id=manual__2025-09-13T09:41:44.935990+00:00, execution_date=20250913T094144, start_date=20250913T094201, end_date=20250913T094204
[2025-09-13T09:42:04.891+0000] {local_task_job_runner.py:266} INFO - Task exited with return code 0
[2025-09-13T09:42:04.988+0000] {taskinstance.py:3900} INFO - 1 downstream tasks scheduled from follow-on schedule check
[2025-09-13T09:42:04.993+0000] {local_task_job_runner.py:245} INFO - ::endgroup::
