[2025-09-13T10:06:03.934+0000] {local_task_job_runner.py:123} INFO - ::group::Pre task execution logs
[2025-09-13T10:06:04.032+0000] {taskinstance.py:2612} INFO - Dependencies all met for dep_context=non-requeueable deps ti=<TaskInstance: currency_etl.extract manual__2025-09-13T10:06:02.725509+00:00 [queued]>
[2025-09-13T10:06:04.048+0000] {taskinstance.py:2612} INFO - Dependencies all met for dep_context=requeueable deps ti=<TaskInstance: currency_etl.extract manual__2025-09-13T10:06:02.725509+00:00 [queued]>
[2025-09-13T10:06:04.049+0000] {taskinstance.py:2865} INFO - Starting attempt 1 of 2
[2025-09-13T10:06:04.075+0000] {taskinstance.py:2888} INFO - Executing <Task(BashOperator): extract> on 2025-09-13 10:06:02.725509+00:00
[2025-09-13T10:06:04.093+0000] {standard_task_runner.py:104} INFO - Running: ['***', 'tasks', 'run', 'currency_etl', 'extract', 'manual__2025-09-13T10:06:02.725509+00:00', '--job-id', '223', '--raw', '--subdir', 'DAGS_FOLDER/currency_etl.py', '--cfg-path', '/tmp/tmpd2rzh95w']
[2025-09-13T10:06:04.099+0000] {standard_task_runner.py:105} INFO - Job 223: Subtask extract
[2025-09-13T10:06:04.099+0000] {logging_mixin.py:190} WARNING - /home/***/.local/lib/python3.12/site-packages/***/task/task_runner/standard_task_runner.py:70 DeprecationWarning: This process (pid=596) is multi-threaded, use of fork() may lead to deadlocks in the child.
[2025-09-13T10:06:04.101+0000] {standard_task_runner.py:72} INFO - Started process 597 to run task
[2025-09-13T10:06:04.290+0000] {task_command.py:467} INFO - Running <TaskInstance: currency_etl.extract manual__2025-09-13T10:06:02.725509+00:00 [running]> on host 6eb00eb09733
[2025-09-13T10:06:04.579+0000] {taskinstance.py:3131} INFO - Exporting env vars: AIRFLOW_CTX_DAG_OWNER='***' AIRFLOW_CTX_DAG_ID='currency_etl' AIRFLOW_CTX_TASK_ID='extract' AIRFLOW_CTX_EXECUTION_DATE='2025-09-13T10:06:02.725509+00:00' AIRFLOW_CTX_TRY_NUMBER='1' AIRFLOW_CTX_DAG_RUN_ID='manual__2025-09-13T10:06:02.725509+00:00'
[2025-09-13T10:06:04.581+0000] {taskinstance.py:731} INFO - ::endgroup::
[2025-09-13T10:06:04.604+0000] {subprocess.py:63} INFO - Tmp dir root location: /tmp
[2025-09-13T10:06:04.607+0000] {subprocess.py:75} INFO - Running command: ['/usr/bin/bash', '-c', 'python /opt/***/scripts/extract.py']
[2025-09-13T10:06:04.630+0000] {subprocess.py:86} INFO - Output:
[2025-09-13T10:06:06.000+0000] {subprocess.py:93} INFO - /opt/***/scripts/extract.py:20: DeprecationWarning: datetime.datetime.utcnow() is deprecated and scheduled for removal in a future version. Use timezone-aware objects to represent datetimes in UTC: datetime.datetime.now(datetime.UTC).
[2025-09-13T10:06:06.002+0000] {subprocess.py:93} INFO -   today = datetime.utcnow().strftime("%Y-%m-%d")
[2025-09-13T10:06:06.019+0000] {subprocess.py:93} INFO - + Saved raw to /opt/***/data/raw/2025-09-13/response.json
[2025-09-13T10:06:06.082+0000] {subprocess.py:97} INFO - Command exited with return code 0
[2025-09-13T10:06:06.245+0000] {taskinstance.py:340} INFO - ::group::Post task execution logs
[2025-09-13T10:06:06.246+0000] {taskinstance.py:352} INFO - Marking task as SUCCESS. dag_id=currency_etl, task_id=extract, run_id=manual__2025-09-13T10:06:02.725509+00:00, execution_date=20250913T100602, start_date=20250913T100604, end_date=20250913T100606
[2025-09-13T10:06:06.290+0000] {local_task_job_runner.py:266} INFO - Task exited with return code 0
[2025-09-13T10:06:06.375+0000] {taskinstance.py:3900} INFO - 1 downstream tasks scheduled from follow-on schedule check
[2025-09-13T10:06:06.379+0000] {local_task_job_runner.py:245} INFO - ::endgroup::
