[2025-09-14T09:40:42.706+0000] {local_task_job_runner.py:123} INFO - ::group::Pre task execution logs
[2025-09-14T09:40:42.798+0000] {taskinstance.py:2612} INFO - Dependencies all met for dep_context=non-requeueable deps ti=<TaskInstance: currency_etl.extract manual__2025-09-14T09:40:40.918719+00:00 [queued]>
[2025-09-14T09:40:42.827+0000] {taskinstance.py:2612} INFO - Dependencies all met for dep_context=requeueable deps ti=<TaskInstance: currency_etl.extract manual__2025-09-14T09:40:40.918719+00:00 [queued]>
[2025-09-14T09:40:42.829+0000] {taskinstance.py:2865} INFO - Starting attempt 1 of 2
[2025-09-14T09:40:42.884+0000] {taskinstance.py:2888} INFO - Executing <Task(BashOperator): extract> on 2025-09-14 09:40:40.918719+00:00
[2025-09-14T09:40:42.927+0000] {standard_task_runner.py:104} INFO - Running: ['***', 'tasks', 'run', 'currency_etl', 'extract', 'manual__2025-09-14T09:40:40.918719+00:00', '--job-id', '261', '--raw', '--subdir', 'DAGS_FOLDER/currency_etl.py', '--cfg-path', '/tmp/tmpindgfjvy']
[2025-09-14T09:40:42.942+0000] {logging_mixin.py:190} WARNING - /home/***/.local/lib/python3.12/site-packages/***/task/task_runner/standard_task_runner.py:70 DeprecationWarning: This process (pid=694) is multi-threaded, use of fork() may lead to deadlocks in the child.
[2025-09-14T09:40:42.945+0000] {standard_task_runner.py:105} INFO - Job 261: Subtask extract
[2025-09-14T09:40:42.946+0000] {standard_task_runner.py:72} INFO - Started process 695 to run task
[2025-09-14T09:40:43.249+0000] {task_command.py:467} INFO - Running <TaskInstance: currency_etl.extract manual__2025-09-14T09:40:40.918719+00:00 [running]> on host 02c5a69eec0c
[2025-09-14T09:40:43.571+0000] {taskinstance.py:3131} INFO - Exporting env vars: AIRFLOW_CTX_DAG_OWNER='***' AIRFLOW_CTX_DAG_ID='currency_etl' AIRFLOW_CTX_TASK_ID='extract' AIRFLOW_CTX_EXECUTION_DATE='2025-09-14T09:40:40.918719+00:00' AIRFLOW_CTX_TRY_NUMBER='1' AIRFLOW_CTX_DAG_RUN_ID='manual__2025-09-14T09:40:40.918719+00:00'
[2025-09-14T09:40:43.574+0000] {taskinstance.py:731} INFO - ::endgroup::
[2025-09-14T09:40:43.621+0000] {subprocess.py:63} INFO - Tmp dir root location: /tmp
[2025-09-14T09:40:43.625+0000] {subprocess.py:75} INFO - Running command: ['/usr/bin/bash', '-c', 'python /opt/***/src/extract.py']
[2025-09-14T09:40:43.651+0000] {subprocess.py:86} INFO - Output:
[2025-09-14T09:40:45.229+0000] {subprocess.py:93} INFO - /opt/***/src/extract.py:22: DeprecationWarning: datetime.datetime.utcnow() is deprecated and scheduled for removal in a future version. Use timezone-aware objects to represent datetimes in UTC: datetime.datetime.now(datetime.UTC).
[2025-09-14T09:40:45.230+0000] {subprocess.py:93} INFO -   today = datetime.utcnow().strftime("%Y-%m-%d")
[2025-09-14T09:40:45.237+0000] {subprocess.py:93} INFO - + Saved raw to /opt/***/data/raw/2025-09-14/response.json
[2025-09-14T09:40:45.280+0000] {subprocess.py:97} INFO - Command exited with return code 0
[2025-09-14T09:40:45.414+0000] {taskinstance.py:340} INFO - ::group::Post task execution logs
[2025-09-14T09:40:45.416+0000] {taskinstance.py:352} INFO - Marking task as SUCCESS. dag_id=currency_etl, task_id=extract, run_id=manual__2025-09-14T09:40:40.918719+00:00, execution_date=20250914T094040, start_date=20250914T094042, end_date=20250914T094045
[2025-09-14T09:40:45.473+0000] {local_task_job_runner.py:266} INFO - Task exited with return code 0
[2025-09-14T09:40:45.563+0000] {taskinstance.py:3900} INFO - 1 downstream tasks scheduled from follow-on schedule check
[2025-09-14T09:40:45.568+0000] {local_task_job_runner.py:245} INFO - ::endgroup::
