[2025-09-13T09:41:46.125+0000] {local_task_job_runner.py:123} INFO - ::group::Pre task execution logs
[2025-09-13T09:41:46.205+0000] {taskinstance.py:2612} INFO - Dependencies all met for dep_context=non-requeueable deps ti=<TaskInstance: currency_etl.extract manual__2025-09-13T09:41:44.935990+00:00 [queued]>
[2025-09-13T09:41:46.222+0000] {taskinstance.py:2612} INFO - Dependencies all met for dep_context=requeueable deps ti=<TaskInstance: currency_etl.extract manual__2025-09-13T09:41:44.935990+00:00 [queued]>
[2025-09-13T09:41:46.223+0000] {taskinstance.py:2865} INFO - Starting attempt 1 of 2
[2025-09-13T09:41:46.248+0000] {taskinstance.py:2888} INFO - Executing <Task(BashOperator): extract> on 2025-09-13 09:41:44.935990+00:00
[2025-09-13T09:41:46.280+0000] {logging_mixin.py:190} WARNING - /home/***/.local/lib/python3.12/site-packages/***/task/task_runner/standard_task_runner.py:70 DeprecationWarning: This process (pid=189) is multi-threaded, use of fork() may lead to deadlocks in the child.
[2025-09-13T09:41:46.275+0000] {standard_task_runner.py:104} INFO - Running: ['***', 'tasks', 'run', 'currency_etl', 'extract', 'manual__2025-09-13T09:41:44.935990+00:00', '--job-id', '211', '--raw', '--subdir', 'DAGS_FOLDER/currency_etl.py', '--cfg-path', '/tmp/tmpda5iotfm']
[2025-09-13T09:41:46.282+0000] {standard_task_runner.py:72} INFO - Started process 190 to run task
[2025-09-13T09:41:46.282+0000] {standard_task_runner.py:105} INFO - Job 211: Subtask extract
[2025-09-13T09:41:46.509+0000] {task_command.py:467} INFO - Running <TaskInstance: currency_etl.extract manual__2025-09-13T09:41:44.935990+00:00 [running]> on host 6eb00eb09733
[2025-09-13T09:41:46.893+0000] {taskinstance.py:3131} INFO - Exporting env vars: AIRFLOW_CTX_DAG_OWNER='***' AIRFLOW_CTX_DAG_ID='currency_etl' AIRFLOW_CTX_TASK_ID='extract' AIRFLOW_CTX_EXECUTION_DATE='2025-09-13T09:41:44.935990+00:00' AIRFLOW_CTX_TRY_NUMBER='1' AIRFLOW_CTX_DAG_RUN_ID='manual__2025-09-13T09:41:44.935990+00:00'
[2025-09-13T09:41:46.895+0000] {taskinstance.py:731} INFO - ::endgroup::
[2025-09-13T09:41:46.957+0000] {subprocess.py:63} INFO - Tmp dir root location: /tmp
[2025-09-13T09:41:46.960+0000] {subprocess.py:75} INFO - Running command: ['/usr/bin/bash', '-c', 'python /opt/***/scripts/extract.py']
[2025-09-13T09:41:47.004+0000] {subprocess.py:86} INFO - Output:
[2025-09-13T09:41:48.585+0000] {subprocess.py:93} INFO - /opt/***/scripts/extract.py:20: DeprecationWarning: datetime.datetime.utcnow() is deprecated and scheduled for removal in a future version. Use timezone-aware objects to represent datetimes in UTC: datetime.datetime.now(datetime.UTC).
[2025-09-13T09:41:48.587+0000] {subprocess.py:93} INFO -   today = datetime.utcnow().strftime("%Y-%m-%d")
[2025-09-13T09:41:48.598+0000] {subprocess.py:93} INFO - ✅ Saved raw to /opt/***/data/raw/2025-09-13/response.json
[2025-09-13T09:41:48.715+0000] {subprocess.py:97} INFO - Command exited with return code 0
[2025-09-13T09:41:48.897+0000] {taskinstance.py:340} INFO - ::group::Post task execution logs
[2025-09-13T09:41:48.899+0000] {taskinstance.py:352} INFO - Marking task as SUCCESS. dag_id=currency_etl, task_id=extract, run_id=manual__2025-09-13T09:41:44.935990+00:00, execution_date=20250913T094144, start_date=20250913T094146, end_date=20250913T094148
[2025-09-13T09:41:48.995+0000] {local_task_job_runner.py:266} INFO - Task exited with return code 0
[2025-09-13T09:41:49.087+0000] {taskinstance.py:3900} INFO - 1 downstream tasks scheduled from follow-on schedule check
[2025-09-13T09:41:49.091+0000] {local_task_job_runner.py:245} INFO - ::endgroup::
