[2025-09-11T16:36:33.739+0000] {local_task_job_runner.py:123} INFO - ::group::Pre task execution logs
[2025-09-11T16:36:33.815+0000] {taskinstance.py:2612} INFO - Dependencies all met for dep_context=non-requeueable deps ti=<TaskInstance: currency_etl.load scheduled__2025-09-10T16:00:00+00:00 [queued]>
[2025-09-11T16:36:33.832+0000] {taskinstance.py:2612} INFO - Dependencies all met for dep_context=requeueable deps ti=<TaskInstance: currency_etl.load scheduled__2025-09-10T16:00:00+00:00 [queued]>
[2025-09-11T16:36:33.833+0000] {taskinstance.py:2865} INFO - Starting attempt 1 of 2
[2025-09-11T16:36:33.922+0000] {taskinstance.py:2888} INFO - Executing <Task(BashOperator): load> on 2025-09-10 16:00:00+00:00
[2025-09-11T16:36:34.012+0000] {standard_task_runner.py:104} INFO - Running: ['***', 'tasks', 'run', 'currency_etl', 'load', 'scheduled__2025-09-10T16:00:00+00:00', '--job-id', '175', '--raw', '--subdir', 'DAGS_FOLDER/currency_etl.py', '--cfg-path', '/tmp/tmpdapkcosb']
[2025-09-11T16:36:34.027+0000] {standard_task_runner.py:105} INFO - Job 175: Subtask load
[2025-09-11T16:36:34.047+0000] {logging_mixin.py:190} WARNING - /home/***/.local/lib/python3.12/site-packages/***/task/task_runner/standard_task_runner.py:70 DeprecationWarning: This process (pid=9661) is multi-threaded, use of fork() may lead to deadlocks in the child.
[2025-09-11T16:36:34.206+0000] {standard_task_runner.py:72} INFO - Started process 9662 to run task
[2025-09-11T16:36:34.697+0000] {task_command.py:467} INFO - Running <TaskInstance: currency_etl.load scheduled__2025-09-10T16:00:00+00:00 [running]> on host b37bbfb35b9c
[2025-09-11T16:36:35.078+0000] {taskinstance.py:3131} INFO - Exporting env vars: AIRFLOW_CTX_DAG_OWNER='***' AIRFLOW_CTX_DAG_ID='currency_etl' AIRFLOW_CTX_TASK_ID='load' AIRFLOW_CTX_EXECUTION_DATE='2025-09-10T16:00:00+00:00' AIRFLOW_CTX_TRY_NUMBER='1' AIRFLOW_CTX_DAG_RUN_ID='scheduled__2025-09-10T16:00:00+00:00'
[2025-09-11T16:36:35.080+0000] {taskinstance.py:731} INFO - ::endgroup::
[2025-09-11T16:36:35.103+0000] {subprocess.py:63} INFO - Tmp dir root location: /tmp
[2025-09-11T16:36:35.107+0000] {subprocess.py:75} INFO - Running command: ['/usr/bin/bash', '-c', 'python /opt/***/scripts/load.py']
[2025-09-11T16:36:35.130+0000] {subprocess.py:86} INFO - Output:
[2025-09-11T16:36:37.294+0000] {subprocess.py:93} INFO - Loaded to DB
[2025-09-11T16:36:37.432+0000] {subprocess.py:97} INFO - Command exited with return code 0
[2025-09-11T16:36:37.554+0000] {taskinstance.py:340} INFO - ::group::Post task execution logs
[2025-09-11T16:36:37.555+0000] {taskinstance.py:352} INFO - Marking task as SUCCESS. dag_id=currency_etl, task_id=load, run_id=scheduled__2025-09-10T16:00:00+00:00, execution_date=20250910T160000, start_date=20250911T163633, end_date=20250911T163637
[2025-09-11T16:36:37.616+0000] {local_task_job_runner.py:266} INFO - Task exited with return code 0
[2025-09-11T16:36:37.699+0000] {taskinstance.py:3900} INFO - 1 downstream tasks scheduled from follow-on schedule check
[2025-09-11T16:36:37.703+0000] {local_task_job_runner.py:245} INFO - ::endgroup::
