[2025-09-09T14:51:43.813+0000] {local_task_job_runner.py:123} INFO - ::group::Pre task execution logs
[2025-09-09T14:51:43.911+0000] {taskinstance.py:2612} INFO - Dependencies all met for dep_context=non-requeueable deps ti=<TaskInstance: currency_etl.extract manual__2025-09-09T14:27:46.679372+00:00 [queued]>
[2025-09-09T14:51:43.937+0000] {taskinstance.py:2612} INFO - Dependencies all met for dep_context=requeueable deps ti=<TaskInstance: currency_etl.extract manual__2025-09-09T14:27:46.679372+00:00 [queued]>
[2025-09-09T14:51:43.938+0000] {taskinstance.py:2865} INFO - Starting attempt 2 of 2
[2025-09-09T14:51:43.976+0000] {taskinstance.py:2888} INFO - Executing <Task(BashOperator): extract> on 2025-09-09 14:27:46.679372+00:00
[2025-09-09T14:51:43.998+0000] {standard_task_runner.py:104} INFO - Running: ['***', 'tasks', 'run', 'currency_etl', 'extract', 'manual__2025-09-09T14:27:46.679372+00:00', '--job-id', '3', '--raw', '--subdir', 'DAGS_FOLDER/currency_etl.py', '--cfg-path', '/tmp/tmpt15q58e0']
[2025-09-09T14:51:44.006+0000] {standard_task_runner.py:105} INFO - Job 3: Subtask extract
[2025-09-09T14:51:44.010+0000] {logging_mixin.py:190} WARNING - /home/***/.local/lib/python3.12/site-packages/***/task/task_runner/standard_task_runner.py:70 DeprecationWarning: This process (pid=172) is multi-threaded, use of fork() may lead to deadlocks in the child.
[2025-09-09T14:51:44.012+0000] {standard_task_runner.py:72} INFO - Started process 175 to run task
[2025-09-09T14:51:44.270+0000] {task_command.py:467} INFO - Running <TaskInstance: currency_etl.extract manual__2025-09-09T14:27:46.679372+00:00 [running]> on host 7b11353cbab7
[2025-09-09T14:51:44.696+0000] {taskinstance.py:3131} INFO - Exporting env vars: AIRFLOW_CTX_DAG_OWNER='***' AIRFLOW_CTX_DAG_ID='currency_etl' AIRFLOW_CTX_TASK_ID='extract' AIRFLOW_CTX_EXECUTION_DATE='2025-09-09T14:27:46.679372+00:00' AIRFLOW_CTX_TRY_NUMBER='2' AIRFLOW_CTX_DAG_RUN_ID='manual__2025-09-09T14:27:46.679372+00:00'
[2025-09-09T14:51:44.698+0000] {taskinstance.py:731} INFO - ::endgroup::
[2025-09-09T14:51:44.774+0000] {subprocess.py:63} INFO - Tmp dir root location: /tmp
[2025-09-09T14:51:44.778+0000] {subprocess.py:75} INFO - Running command: ['/usr/bin/bash', '-c', 'python /opt/***/scripts/extract.py']
[2025-09-09T14:51:44.804+0000] {subprocess.py:86} INFO - Output:
[2025-09-09T14:51:46.691+0000] {subprocess.py:93} INFO - /opt/***/scripts/extract.py:19: DeprecationWarning: datetime.datetime.utcnow() is deprecated and scheduled for removal in a future version. Use timezone-aware objects to represent datetimes in UTC: datetime.datetime.now(datetime.UTC).
[2025-09-09T14:51:46.694+0000] {subprocess.py:93} INFO -   fname = RAW_DIR / f"exchange_{datetime.utcnow().strftime('%Y%m%d_%H%M%S')}.json"
[2025-09-09T14:51:46.695+0000] {subprocess.py:93} INFO - Saved raw to data/raw/exchange_20250909_145146.json
[2025-09-09T14:51:46.748+0000] {subprocess.py:97} INFO - Command exited with return code 0
[2025-09-09T14:51:46.951+0000] {taskinstance.py:340} INFO - ::group::Post task execution logs
[2025-09-09T14:51:46.953+0000] {taskinstance.py:352} INFO - Marking task as SUCCESS. dag_id=currency_etl, task_id=extract, run_id=manual__2025-09-09T14:27:46.679372+00:00, execution_date=20250909T142746, start_date=20250909T145143, end_date=20250909T145146
[2025-09-09T14:51:47.088+0000] {local_task_job_runner.py:266} INFO - Task exited with return code 0
[2025-09-09T14:51:47.226+0000] {taskinstance.py:3900} INFO - 1 downstream tasks scheduled from follow-on schedule check
[2025-09-09T14:51:47.232+0000] {local_task_job_runner.py:245} INFO - ::endgroup::
