[2025-09-13T16:28:52.901+0000] {local_task_job_runner.py:123} INFO - ::group::Pre task execution logs
[2025-09-13T16:28:53.060+0000] {taskinstance.py:2612} INFO - Dependencies all met for dep_context=non-requeueable deps ti=<TaskInstance: currency_etl.extract scheduled__2025-09-12T16:00:00+00:00 [queued]>
[2025-09-13T16:28:53.099+0000] {taskinstance.py:2612} INFO - Dependencies all met for dep_context=requeueable deps ti=<TaskInstance: currency_etl.extract scheduled__2025-09-12T16:00:00+00:00 [queued]>
[2025-09-13T16:28:53.100+0000] {taskinstance.py:2865} INFO - Starting attempt 1 of 2
[2025-09-13T16:28:53.179+0000] {taskinstance.py:2888} INFO - Executing <Task(BashOperator): extract> on 2025-09-12 16:00:00+00:00
[2025-09-13T16:28:53.231+0000] {standard_task_runner.py:104} INFO - Running: ['***', 'tasks', 'run', 'currency_etl', 'extract', 'scheduled__2025-09-12T16:00:00+00:00', '--job-id', '242', '--raw', '--subdir', 'DAGS_FOLDER/currency_etl.py', '--cfg-path', '/tmp/tmpr0mcv8p4']
[2025-09-13T16:28:53.274+0000] {standard_task_runner.py:105} INFO - Job 242: Subtask extract
[2025-09-13T16:28:53.290+0000] {logging_mixin.py:190} WARNING - /home/***/.local/lib/python3.12/site-packages/***/task/task_runner/standard_task_runner.py:70 DeprecationWarning: This process (pid=1077) is multi-threaded, use of fork() may lead to deadlocks in the child.
[2025-09-13T16:28:53.302+0000] {standard_task_runner.py:72} INFO - Started process 1079 to run task
[2025-09-13T16:28:53.714+0000] {task_command.py:467} INFO - Running <TaskInstance: currency_etl.extract scheduled__2025-09-12T16:00:00+00:00 [running]> on host 6eb00eb09733
[2025-09-13T16:28:54.430+0000] {taskinstance.py:3131} INFO - Exporting env vars: AIRFLOW_CTX_DAG_OWNER='***' AIRFLOW_CTX_DAG_ID='currency_etl' AIRFLOW_CTX_TASK_ID='extract' AIRFLOW_CTX_EXECUTION_DATE='2025-09-12T16:00:00+00:00' AIRFLOW_CTX_TRY_NUMBER='1' AIRFLOW_CTX_DAG_RUN_ID='scheduled__2025-09-12T16:00:00+00:00'
[2025-09-13T16:28:54.432+0000] {taskinstance.py:731} INFO - ::endgroup::
[2025-09-13T16:28:54.461+0000] {subprocess.py:63} INFO - Tmp dir root location: /tmp
[2025-09-13T16:28:54.464+0000] {subprocess.py:75} INFO - Running command: ['/usr/bin/bash', '-c', 'python /opt/***/scripts/extract.py']
[2025-09-13T16:28:54.507+0000] {subprocess.py:86} INFO - Output:
[2025-09-13T17:50:30.131+0000] {job.py:229} INFO - Heartbeat recovered after 4897.69 seconds
[2025-09-13T17:50:30.372+0000] {subprocess.py:93} INFO - /opt/***/scripts/extract.py:20: DeprecationWarning: datetime.datetime.utcnow() is deprecated and scheduled for removal in a future version. Use timezone-aware objects to represent datetimes in UTC: datetime.datetime.now(datetime.UTC).
[2025-09-13T17:50:30.385+0000] {subprocess.py:93} INFO -   today = datetime.utcnow().strftime("%Y-%m-%d")
[2025-09-13T17:50:30.411+0000] {subprocess.py:93} INFO - + Saved raw to /opt/***/data/raw/2025-09-13/response.json
[2025-09-13T17:50:30.605+0000] {subprocess.py:97} INFO - Command exited with return code 0
[2025-09-13T17:50:30.899+0000] {taskinstance.py:340} INFO - ::group::Post task execution logs
[2025-09-13T17:50:30.901+0000] {taskinstance.py:352} INFO - Marking task as SUCCESS. dag_id=currency_etl, task_id=extract, run_id=scheduled__2025-09-12T16:00:00+00:00, execution_date=20250912T160000, start_date=20250913T162853, end_date=20250913T175030
[2025-09-13T17:50:31.002+0000] {local_task_job_runner.py:266} INFO - Task exited with return code 0
[2025-09-13T17:50:31.131+0000] {taskinstance.py:3900} INFO - 1 downstream tasks scheduled from follow-on schedule check
[2025-09-13T17:50:31.395+0000] {local_task_job_runner.py:245} INFO - ::endgroup::
