[2025-09-10T09:34:57.806+0000] {local_task_job_runner.py:123} INFO - ::group::Pre task execution logs
[2025-09-10T09:34:57.874+0000] {taskinstance.py:2612} INFO - Dependencies all met for dep_context=non-requeueable deps ti=<TaskInstance: currency_etl.extract manual__2025-09-10T09:34:56.864552+00:00 [queued]>
[2025-09-10T09:34:57.890+0000] {taskinstance.py:2612} INFO - Dependencies all met for dep_context=requeueable deps ti=<TaskInstance: currency_etl.extract manual__2025-09-10T09:34:56.864552+00:00 [queued]>
[2025-09-10T09:34:57.891+0000] {taskinstance.py:2865} INFO - Starting attempt 1 of 2
[2025-09-10T09:34:57.916+0000] {taskinstance.py:2888} INFO - Executing <Task(BashOperator): extract> on 2025-09-10 09:34:56.864552+00:00
[2025-09-10T09:34:57.935+0000] {standard_task_runner.py:104} INFO - Running: ['***', 'tasks', 'run', 'currency_etl', 'extract', 'manual__2025-09-10T09:34:56.864552+00:00', '--job-id', '144', '--raw', '--subdir', 'DAGS_FOLDER/currency_etl.py', '--cfg-path', '/tmp/tmp190al296']
[2025-09-10T09:34:57.938+0000] {logging_mixin.py:190} WARNING - /home/***/.local/lib/python3.12/site-packages/***/task/task_runner/standard_task_runner.py:70 DeprecationWarning: This process (pid=178) is multi-threaded, use of fork() may lead to deadlocks in the child.
[2025-09-10T09:34:57.940+0000] {standard_task_runner.py:105} INFO - Job 144: Subtask extract
[2025-09-10T09:34:57.941+0000] {standard_task_runner.py:72} INFO - Started process 179 to run task
[2025-09-10T09:34:58.414+0000] {task_command.py:467} INFO - Running <TaskInstance: currency_etl.extract manual__2025-09-10T09:34:56.864552+00:00 [running]> on host b37bbfb35b9c
[2025-09-10T09:34:58.943+0000] {taskinstance.py:3131} INFO - Exporting env vars: AIRFLOW_CTX_DAG_OWNER='***' AIRFLOW_CTX_DAG_ID='currency_etl' AIRFLOW_CTX_TASK_ID='extract' AIRFLOW_CTX_EXECUTION_DATE='2025-09-10T09:34:56.864552+00:00' AIRFLOW_CTX_TRY_NUMBER='1' AIRFLOW_CTX_DAG_RUN_ID='manual__2025-09-10T09:34:56.864552+00:00'
[2025-09-10T09:34:58.948+0000] {taskinstance.py:731} INFO - ::endgroup::
[2025-09-10T09:34:59.069+0000] {subprocess.py:63} INFO - Tmp dir root location: /tmp
[2025-09-10T09:34:59.072+0000] {subprocess.py:75} INFO - Running command: ['/usr/bin/bash', '-c', 'python /opt/***/scripts/extract.py']
[2025-09-10T09:34:59.106+0000] {subprocess.py:86} INFO - Output:
[2025-09-10T09:35:00.392+0000] {subprocess.py:93} INFO - /opt/***/scripts/extract.py:21: DeprecationWarning: datetime.datetime.utcnow() is deprecated and scheduled for removal in a future version. Use timezone-aware objects to represent datetimes in UTC: datetime.datetime.now(datetime.UTC).
[2025-09-10T09:35:00.393+0000] {subprocess.py:93} INFO -   fname = RAW_DIR / f"exchange_{datetime.utcnow().strftime('%Y%m%d_%H%M%S')}.json"
[2025-09-10T09:35:00.398+0000] {subprocess.py:93} INFO - Saved raw to /opt/***/data/raw/exchange_20250910_093500.json
[2025-09-10T09:35:00.438+0000] {subprocess.py:97} INFO - Command exited with return code 0
[2025-09-10T09:35:00.569+0000] {taskinstance.py:340} INFO - ::group::Post task execution logs
[2025-09-10T09:35:00.570+0000] {taskinstance.py:352} INFO - Marking task as SUCCESS. dag_id=currency_etl, task_id=extract, run_id=manual__2025-09-10T09:34:56.864552+00:00, execution_date=20250910T093456, start_date=20250910T093457, end_date=20250910T093500
[2025-09-10T09:35:00.652+0000] {local_task_job_runner.py:266} INFO - Task exited with return code 0
[2025-09-10T09:35:00.737+0000] {taskinstance.py:3900} INFO - 1 downstream tasks scheduled from follow-on schedule check
[2025-09-10T09:35:00.741+0000] {local_task_job_runner.py:245} INFO - ::endgroup::
