[2025-09-10T16:14:09.173+0000] {local_task_job_runner.py:123} INFO - ::group::Pre task execution logs
[2025-09-10T16:14:09.283+0000] {taskinstance.py:2612} INFO - Dependencies all met for dep_context=non-requeueable deps ti=<TaskInstance: currency_etl.analyze scheduled__2025-09-09T16:00:00+00:00 [queued]>
[2025-09-10T16:14:09.305+0000] {taskinstance.py:2612} INFO - Dependencies all met for dep_context=requeueable deps ti=<TaskInstance: currency_etl.analyze scheduled__2025-09-09T16:00:00+00:00 [queued]>
[2025-09-10T16:14:09.307+0000] {taskinstance.py:2865} INFO - Starting attempt 1 of 2
[2025-09-10T16:14:09.344+0000] {taskinstance.py:2888} INFO - Executing <Task(PythonOperator): analyze> on 2025-09-09 16:00:00+00:00
[2025-09-10T16:14:09.365+0000] {standard_task_runner.py:104} INFO - Running: ['***', 'tasks', 'run', 'currency_etl', 'analyze', 'scheduled__2025-09-09T16:00:00+00:00', '--job-id', '162', '--raw', '--subdir', 'DAGS_FOLDER/currency_etl.py', '--cfg-path', '/tmp/tmpr1ktmsng']
[2025-09-10T16:14:09.371+0000] {standard_task_runner.py:105} INFO - Job 162: Subtask analyze
[2025-09-10T16:14:09.372+0000] {logging_mixin.py:190} WARNING - /home/***/.local/lib/python3.12/site-packages/***/task/task_runner/standard_task_runner.py:70 DeprecationWarning: This process (pid=3843) is multi-threaded, use of fork() may lead to deadlocks in the child.
[2025-09-10T16:14:09.374+0000] {standard_task_runner.py:72} INFO - Started process 3844 to run task
[2025-09-10T16:14:09.665+0000] {task_command.py:467} INFO - Running <TaskInstance: currency_etl.analyze scheduled__2025-09-09T16:00:00+00:00 [running]> on host b37bbfb35b9c
[2025-09-10T16:14:10.124+0000] {taskinstance.py:3131} INFO - Exporting env vars: AIRFLOW_CTX_DAG_OWNER='***' AIRFLOW_CTX_DAG_ID='currency_etl' AIRFLOW_CTX_TASK_ID='analyze' AIRFLOW_CTX_EXECUTION_DATE='2025-09-09T16:00:00+00:00' AIRFLOW_CTX_TRY_NUMBER='1' AIRFLOW_CTX_DAG_RUN_ID='scheduled__2025-09-09T16:00:00+00:00'
[2025-09-10T16:14:10.126+0000] {taskinstance.py:731} INFO - ::endgroup::
[2025-09-10T16:14:14.124+0000] {logging_mixin.py:190} INFO - Saved forecast for USD to /opt/***/dags/output/forecast_USD.png
[2025-09-10T16:14:14.454+0000] {logging_mixin.py:190} INFO - Saved forecast for EUR to /opt/***/dags/output/forecast_EUR.png
[2025-09-10T16:14:14.455+0000] {python.py:240} INFO - Done. Returned value was: None
[2025-09-10T16:14:14.531+0000] {taskinstance.py:340} INFO - ::group::Post task execution logs
[2025-09-10T16:14:14.533+0000] {taskinstance.py:352} INFO - Marking task as SUCCESS. dag_id=currency_etl, task_id=analyze, run_id=scheduled__2025-09-09T16:00:00+00:00, execution_date=20250909T160000, start_date=20250910T161409, end_date=20250910T161414
[2025-09-10T16:14:14.654+0000] {local_task_job_runner.py:266} INFO - Task exited with return code 0
[2025-09-10T16:14:14.782+0000] {taskinstance.py:3900} INFO - 1 downstream tasks scheduled from follow-on schedule check
[2025-09-10T16:14:14.806+0000] {local_task_job_runner.py:245} INFO - ::endgroup::
