[2025-09-13T10:06:10.985+0000] {local_task_job_runner.py:123} INFO - ::group::Pre task execution logs
[2025-09-13T10:06:11.049+0000] {taskinstance.py:2612} INFO - Dependencies all met for dep_context=non-requeueable deps ti=<TaskInstance: currency_etl.load manual__2025-09-13T10:06:02.725509+00:00 [queued]>
[2025-09-13T10:06:11.064+0000] {taskinstance.py:2612} INFO - Dependencies all met for dep_context=requeueable deps ti=<TaskInstance: currency_etl.load manual__2025-09-13T10:06:02.725509+00:00 [queued]>
[2025-09-13T10:06:11.065+0000] {taskinstance.py:2865} INFO - Starting attempt 1 of 2
[2025-09-13T10:06:11.087+0000] {taskinstance.py:2888} INFO - Executing <Task(BashOperator): load> on 2025-09-13 10:06:02.725509+00:00
[2025-09-13T10:06:11.105+0000] {standard_task_runner.py:104} INFO - Running: ['***', 'tasks', 'run', 'currency_etl', 'load', 'manual__2025-09-13T10:06:02.725509+00:00', '--job-id', '225', '--raw', '--subdir', 'DAGS_FOLDER/currency_etl.py', '--cfg-path', '/tmp/tmpm19eb_zh']
[2025-09-13T10:06:11.110+0000] {standard_task_runner.py:105} INFO - Job 225: Subtask load
[2025-09-13T10:06:11.110+0000] {logging_mixin.py:190} WARNING - /home/***/.local/lib/python3.12/site-packages/***/task/task_runner/standard_task_runner.py:70 DeprecationWarning: This process (pid=616) is multi-threaded, use of fork() may lead to deadlocks in the child.
[2025-09-13T10:06:11.111+0000] {standard_task_runner.py:72} INFO - Started process 617 to run task
[2025-09-13T10:06:11.299+0000] {task_command.py:467} INFO - Running <TaskInstance: currency_etl.load manual__2025-09-13T10:06:02.725509+00:00 [running]> on host 6eb00eb09733
[2025-09-13T10:06:11.583+0000] {taskinstance.py:3131} INFO - Exporting env vars: AIRFLOW_CTX_DAG_OWNER='***' AIRFLOW_CTX_DAG_ID='currency_etl' AIRFLOW_CTX_TASK_ID='load' AIRFLOW_CTX_EXECUTION_DATE='2025-09-13T10:06:02.725509+00:00' AIRFLOW_CTX_TRY_NUMBER='1' AIRFLOW_CTX_DAG_RUN_ID='manual__2025-09-13T10:06:02.725509+00:00'
[2025-09-13T10:06:11.585+0000] {taskinstance.py:731} INFO - ::endgroup::
[2025-09-13T10:06:11.606+0000] {subprocess.py:63} INFO - Tmp dir root location: /tmp
[2025-09-13T10:06:11.609+0000] {subprocess.py:75} INFO - Running command: ['/usr/bin/bash', '-c', 'python /opt/***/scripts/load.py']
[2025-09-13T10:06:11.632+0000] {subprocess.py:86} INFO - Output:
[2025-09-13T10:06:13.687+0000] {subprocess.py:93} INFO - + Loaded to DB
[2025-09-13T10:06:13.891+0000] {subprocess.py:97} INFO - Command exited with return code 0
[2025-09-13T10:06:14.032+0000] {taskinstance.py:340} INFO - ::group::Post task execution logs
[2025-09-13T10:06:14.033+0000] {taskinstance.py:352} INFO - Marking task as SUCCESS. dag_id=currency_etl, task_id=load, run_id=manual__2025-09-13T10:06:02.725509+00:00, execution_date=20250913T100602, start_date=20250913T100611, end_date=20250913T100614
[2025-09-13T10:06:14.101+0000] {local_task_job_runner.py:266} INFO - Task exited with return code 0
[2025-09-13T10:06:15.076+0000] {taskinstance.py:3900} INFO - 0 downstream tasks scheduled from follow-on schedule check
[2025-09-13T10:06:15.081+0000] {local_task_job_runner.py:245} INFO - ::endgroup::
