[2025-09-13T09:42:05.899+0000] {local_task_job_runner.py:123} INFO - ::group::Pre task execution logs
[2025-09-13T09:42:05.983+0000] {taskinstance.py:2612} INFO - Dependencies all met for dep_context=non-requeueable deps ti=<TaskInstance: currency_etl.forecast manual__2025-09-13T09:41:44.935990+00:00 [queued]>
[2025-09-13T09:42:05.999+0000] {taskinstance.py:2612} INFO - Dependencies all met for dep_context=requeueable deps ti=<TaskInstance: currency_etl.forecast manual__2025-09-13T09:41:44.935990+00:00 [queued]>
[2025-09-13T09:42:06.000+0000] {taskinstance.py:2865} INFO - Starting attempt 1 of 2
[2025-09-13T09:42:06.025+0000] {taskinstance.py:2888} INFO - Executing <Task(PythonOperator): forecast> on 2025-09-13 09:41:44.935990+00:00
[2025-09-13T09:42:06.043+0000] {standard_task_runner.py:104} INFO - Running: ['***', 'tasks', 'run', 'currency_etl', 'forecast', 'manual__2025-09-13T09:41:44.935990+00:00', '--job-id', '215', '--raw', '--subdir', 'DAGS_FOLDER/currency_etl.py', '--cfg-path', '/tmp/tmpl_q9i8rf']
[2025-09-13T09:42:06.048+0000] {standard_task_runner.py:105} INFO - Job 215: Subtask forecast
[2025-09-13T09:42:06.048+0000] {logging_mixin.py:190} WARNING - /home/***/.local/lib/python3.12/site-packages/***/task/task_runner/standard_task_runner.py:70 DeprecationWarning: This process (pid=256) is multi-threaded, use of fork() may lead to deadlocks in the child.
[2025-09-13T09:42:06.049+0000] {standard_task_runner.py:72} INFO - Started process 257 to run task
[2025-09-13T09:42:06.268+0000] {task_command.py:467} INFO - Running <TaskInstance: currency_etl.forecast manual__2025-09-13T09:41:44.935990+00:00 [running]> on host 6eb00eb09733
[2025-09-13T09:42:06.566+0000] {taskinstance.py:3131} INFO - Exporting env vars: AIRFLOW_CTX_DAG_OWNER='***' AIRFLOW_CTX_DAG_ID='currency_etl' AIRFLOW_CTX_TASK_ID='forecast' AIRFLOW_CTX_EXECUTION_DATE='2025-09-13T09:41:44.935990+00:00' AIRFLOW_CTX_TRY_NUMBER='1' AIRFLOW_CTX_DAG_RUN_ID='manual__2025-09-13T09:41:44.935990+00:00'
[2025-09-13T09:42:06.568+0000] {taskinstance.py:731} INFO - ::endgroup::
[2025-09-13T09:42:08.350+0000] {font_manager.py:1584} INFO - generated new fontManager
[2025-09-13T09:42:09.220+0000] {logging_mixin.py:190} INFO - Saved forecast for USD to /opt/***/dags/output/forecast_USD.png
[2025-09-13T09:42:09.495+0000] {logging_mixin.py:190} INFO - Saved forecast for EUR to /opt/***/dags/output/forecast_EUR.png
[2025-09-13T09:42:09.496+0000] {python.py:240} INFO - Done. Returned value was: None
[2025-09-13T09:42:09.552+0000] {taskinstance.py:340} INFO - ::group::Post task execution logs
[2025-09-13T09:42:09.553+0000] {taskinstance.py:352} INFO - Marking task as SUCCESS. dag_id=currency_etl, task_id=forecast, run_id=manual__2025-09-13T09:41:44.935990+00:00, execution_date=20250913T094144, start_date=20250913T094205, end_date=20250913T094209
[2025-09-13T09:42:09.685+0000] {local_task_job_runner.py:266} INFO - Task exited with return code 0
[2025-09-13T09:42:09.768+0000] {taskinstance.py:3900} INFO - 1 downstream tasks scheduled from follow-on schedule check
[2025-09-13T09:42:09.772+0000] {local_task_job_runner.py:245} INFO - ::endgroup::
