[2025-09-13T10:06:07.460+0000] {local_task_job_runner.py:123} INFO - ::group::Pre task execution logs
[2025-09-13T10:06:07.527+0000] {taskinstance.py:2612} INFO - Dependencies all met for dep_context=non-requeueable deps ti=<TaskInstance: currency_etl.transform manual__2025-09-13T10:06:02.725509+00:00 [queued]>
[2025-09-13T10:06:07.543+0000] {taskinstance.py:2612} INFO - Dependencies all met for dep_context=requeueable deps ti=<TaskInstance: currency_etl.transform manual__2025-09-13T10:06:02.725509+00:00 [queued]>
[2025-09-13T10:06:07.544+0000] {taskinstance.py:2865} INFO - Starting attempt 1 of 2
[2025-09-13T10:06:07.567+0000] {taskinstance.py:2888} INFO - Executing <Task(BashOperator): transform> on 2025-09-13 10:06:02.725509+00:00
[2025-09-13T10:06:07.584+0000] {standard_task_runner.py:104} INFO - Running: ['***', 'tasks', 'run', 'currency_etl', 'transform', 'manual__2025-09-13T10:06:02.725509+00:00', '--job-id', '224', '--raw', '--subdir', 'DAGS_FOLDER/currency_etl.py', '--cfg-path', '/tmp/tmp4etozd33']
[2025-09-13T10:06:07.589+0000] {standard_task_runner.py:105} INFO - Job 224: Subtask transform
[2025-09-13T10:06:07.589+0000] {logging_mixin.py:190} WARNING - /home/***/.local/lib/python3.12/site-packages/***/task/task_runner/standard_task_runner.py:70 DeprecationWarning: This process (pid=600) is multi-threaded, use of fork() may lead to deadlocks in the child.
[2025-09-13T10:06:07.590+0000] {standard_task_runner.py:72} INFO - Started process 601 to run task
[2025-09-13T10:06:07.777+0000] {task_command.py:467} INFO - Running <TaskInstance: currency_etl.transform manual__2025-09-13T10:06:02.725509+00:00 [running]> on host 6eb00eb09733
[2025-09-13T10:06:08.082+0000] {taskinstance.py:3131} INFO - Exporting env vars: AIRFLOW_CTX_DAG_OWNER='***' AIRFLOW_CTX_DAG_ID='currency_etl' AIRFLOW_CTX_TASK_ID='transform' AIRFLOW_CTX_EXECUTION_DATE='2025-09-13T10:06:02.725509+00:00' AIRFLOW_CTX_TRY_NUMBER='1' AIRFLOW_CTX_DAG_RUN_ID='manual__2025-09-13T10:06:02.725509+00:00'
[2025-09-13T10:06:08.084+0000] {taskinstance.py:731} INFO - ::endgroup::
[2025-09-13T10:06:08.105+0000] {subprocess.py:63} INFO - Tmp dir root location: /tmp
[2025-09-13T10:06:08.108+0000] {subprocess.py:75} INFO - Running command: ['/usr/bin/bash', '-c', 'python /opt/***/scripts/transform.py']
[2025-09-13T10:06:08.131+0000] {subprocess.py:86} INFO - Output:
[2025-09-13T10:06:09.664+0000] {subprocess.py:93} INFO - /opt/***/scripts/transform.py:38: DeprecationWarning: datetime.datetime.utcnow() is deprecated and scheduled for removal in a future version. Use timezone-aware objects to represent datetimes in UTC: datetime.datetime.now(datetime.UTC).
[2025-09-13T10:06:09.666+0000] {subprocess.py:93} INFO -   today = datetime.utcnow().strftime("%Y-%m-%d")
[2025-09-13T10:06:09.770+0000] {subprocess.py:93} INFO - + Processed data saved to /opt/***/data/processed/2025-09-13/data.parquet
[2025-09-13T10:06:09.889+0000] {subprocess.py:97} INFO - Command exited with return code 0
[2025-09-13T10:06:10.019+0000] {taskinstance.py:340} INFO - ::group::Post task execution logs
[2025-09-13T10:06:10.020+0000] {taskinstance.py:352} INFO - Marking task as SUCCESS. dag_id=currency_etl, task_id=transform, run_id=manual__2025-09-13T10:06:02.725509+00:00, execution_date=20250913T100602, start_date=20250913T100607, end_date=20250913T100610
[2025-09-13T10:06:10.098+0000] {local_task_job_runner.py:266} INFO - Task exited with return code 0
[2025-09-13T10:06:10.182+0000] {taskinstance.py:3900} INFO - 1 downstream tasks scheduled from follow-on schedule check
[2025-09-13T10:06:10.186+0000] {local_task_job_runner.py:245} INFO - ::endgroup::
